mode: set
github.com/attila/focalytics/main.go:11.13,13.2 1 1
github.com/attila/focalytics/main.go:15.79,17.2 1 1
github.com/attila/focalytics/cmd/root.go:22.101,38.2 6 1
github.com/attila/focalytics/cmd/root.go:40.76,50.108 6 1
github.com/attila/focalytics/cmd/root.go:50.108,52.3 1 1
github.com/attila/focalytics/cmd/root.go:53.2,55.42 2 1
github.com/attila/focalytics/cmd/root.go:55.42,58.3 2 0
github.com/attila/focalytics/cmd/root.go:60.2,60.27 1 1
github.com/attila/focalytics/cmd/run.go:14.100,27.2 4 1
github.com/attila/focalytics/cmd/run.go:29.122,30.53 1 1
github.com/attila/focalytics/cmd/run.go:30.53,32.17 2 1
github.com/attila/focalytics/cmd/run.go:32.17,34.4 1 0
github.com/attila/focalytics/cmd/run.go:36.3,37.17 2 1
github.com/attila/focalytics/cmd/run.go:37.17,39.4 1 0
github.com/attila/focalytics/cmd/run.go:41.3,41.44 1 1
github.com/attila/focalytics/cmd/run.go:41.44,43.4 1 0
github.com/attila/focalytics/cmd/run.go:45.3,45.13 1 1
github.com/attila/focalytics/cmd/run.go:49.82,50.20 1 1
github.com/attila/focalytics/cmd/run.go:50.20,52.3 1 0
github.com/attila/focalytics/cmd/run.go:54.2,56.16 3 1
github.com/attila/focalytics/cmd/run.go:56.16,58.3 1 0
github.com/attila/focalytics/cmd/run.go:59.2,59.19 1 1
github.com/attila/focalytics/cmd/run.go:59.19,61.3 1 0
github.com/attila/focalytics/cmd/run.go:63.2,68.8 1 1
github.com/attila/focalytics/internal/app/context.go:47.115,55.2 1 1
github.com/attila/focalytics/internal/app/context.go:57.56,58.24 1 1
github.com/attila/focalytics/internal/app/context.go:58.24,60.3 1 0
github.com/attila/focalytics/internal/app/context.go:61.2,61.26 1 1
github.com/attila/focalytics/internal/app/context.go:64.54,65.24 1 1
github.com/attila/focalytics/internal/app/context.go:65.24,67.3 1 0
github.com/attila/focalytics/internal/app/context.go:68.2,69.18 2 1
github.com/attila/focalytics/internal/app/exitcodes.go:19.39,21.2 1 0
github.com/attila/focalytics/internal/app/exitcodes.go:23.39,25.2 1 0
github.com/attila/focalytics/internal/app/exitcodes.go:27.37,33.2 1 1
github.com/attila/focalytics/internal/app/exitcodes.go:35.54,36.16 1 0
github.com/attila/focalytics/internal/app/exitcodes.go:36.16,38.3 1 0
github.com/attila/focalytics/internal/app/exitcodes.go:40.2,40.44 1 0
github.com/attila/focalytics/internal/app/exitcodes.go:43.41,45.2 1 0
github.com/attila/focalytics/internal/app/exitcodes.go:47.43,49.2 1 0
github.com/attila/focalytics/internal/app/exitcodes.go:51.57,52.16 1 0
github.com/attila/focalytics/internal/app/exitcodes.go:52.16,54.3 1 0
github.com/attila/focalytics/internal/app/exitcodes.go:56.2,57.28 2 0
github.com/attila/focalytics/internal/app/exitcodes.go:57.28,59.3 1 0
github.com/attila/focalytics/internal/app/exitcodes.go:61.2,61.30 1 0
github.com/attila/focalytics/internal/discovery/service.go:35.27,40.2 1 1
github.com/attila/focalytics/internal/discovery/service.go:42.94,45.17 3 1
github.com/attila/focalytics/internal/discovery/service.go:45.17,47.3 1 0
github.com/attila/focalytics/internal/discovery/service.go:49.2,50.16 2 1
github.com/attila/focalytics/internal/discovery/service.go:50.16,52.3 1 0
github.com/attila/focalytics/internal/discovery/service.go:54.2,54.20 1 1
github.com/attila/focalytics/internal/discovery/service.go:57.122,59.16 2 1
github.com/attila/focalytics/internal/discovery/service.go:59.16,61.3 1 0
github.com/attila/focalytics/internal/discovery/service.go:62.2,65.42 3 1
github.com/attila/focalytics/internal/discovery/service.go:65.42,67.3 1 0
github.com/attila/focalytics/internal/discovery/service.go:69.2,69.32 1 1
github.com/attila/focalytics/internal/discovery/service.go:69.32,72.17 3 0
github.com/attila/focalytics/internal/discovery/service.go:72.17,74.12 2 0
github.com/attila/focalytics/internal/discovery/service.go:77.3,77.38 1 0
github.com/attila/focalytics/internal/discovery/service.go:77.38,79.12 2 0
github.com/attila/focalytics/internal/discovery/service.go:82.3,82.19 1 0
github.com/attila/focalytics/internal/discovery/service.go:82.19,83.79 1 0
github.com/attila/focalytics/internal/discovery/service.go:83.79,85.13 2 0
github.com/attila/focalytics/internal/discovery/service.go:87.4,87.12 1 0
github.com/attila/focalytics/internal/discovery/service.go:90.3,92.10 3 0
github.com/attila/focalytics/internal/discovery/service.go:92.10,94.12 2 0
github.com/attila/focalytics/internal/discovery/service.go:97.3,99.20 3 0
github.com/attila/focalytics/internal/discovery/service.go:99.20,101.4 1 0
github.com/attila/focalytics/internal/discovery/service.go:102.3,102.77 1 0
github.com/attila/focalytics/internal/discovery/service.go:105.2,105.12 1 1
github.com/attila/focalytics/internal/discovery/service.go:108.58,111.16 3 0
github.com/attila/focalytics/internal/discovery/service.go:111.16,113.3 1 0
github.com/attila/focalytics/internal/discovery/service.go:114.2,115.25 2 0
github.com/attila/focalytics/internal/discovery/service.go:115.25,117.3 1 0
github.com/attila/focalytics/internal/discovery/service.go:118.2,118.54 1 0
github.com/attila/focalytics/internal/discovery/service.go:118.54,120.3 1 0
github.com/attila/focalytics/internal/discovery/service.go:122.2,122.27 1 0
github.com/attila/focalytics/internal/discovery/service.go:125.122,128.17 3 1
github.com/attila/focalytics/internal/discovery/service.go:128.17,130.3 1 1
github.com/attila/focalytics/internal/discovery/service.go:132.2,141.4 1 1
github.com/attila/focalytics/internal/discovery/service.go:144.107,149.17 5 0
github.com/attila/focalytics/internal/discovery/service.go:149.17,151.3 1 0
github.com/attila/focalytics/internal/discovery/service.go:152.2,161.4 1 0
github.com/attila/focalytics/internal/discovery/stage.go:13.38,15.2 1 1
github.com/attila/focalytics/internal/discovery/stage.go:17.30,19.2 1 1
github.com/attila/focalytics/internal/discovery/stage.go:21.91,23.16 2 1
github.com/attila/focalytics/internal/discovery/stage.go:23.16,25.3 1 0
github.com/attila/focalytics/internal/discovery/stage.go:26.2,28.82 2 1
github.com/attila/focalytics/internal/metadata/service.go:29.27,34.2 1 1
github.com/attila/focalytics/internal/metadata/service.go:36.96,37.17 1 1
github.com/attila/focalytics/internal/metadata/service.go:37.17,39.3 1 0
github.com/attila/focalytics/internal/metadata/service.go:41.2,42.55 2 1
github.com/attila/focalytics/internal/metadata/service.go:42.55,43.55 1 0
github.com/attila/focalytics/internal/metadata/service.go:43.55,44.12 1 0
github.com/attila/focalytics/internal/metadata/service.go:46.3,46.62 1 0
github.com/attila/focalytics/internal/metadata/service.go:49.2,50.55 2 1
github.com/attila/focalytics/internal/metadata/service.go:50.55,51.53 1 0
github.com/attila/focalytics/internal/metadata/service.go:51.53,52.12 1 0
github.com/attila/focalytics/internal/metadata/service.go:55.3,61.25 3 0
github.com/attila/focalytics/internal/metadata/service.go:61.25,63.4 1 0
github.com/attila/focalytics/internal/metadata/service.go:65.3,66.28 2 0
github.com/attila/focalytics/internal/metadata/service.go:66.28,69.4 2 0
github.com/attila/focalytics/internal/metadata/service.go:71.3,72.25 2 0
github.com/attila/focalytics/internal/metadata/service.go:72.25,74.18 2 0
github.com/attila/focalytics/internal/metadata/service.go:74.18,78.5 3 0
github.com/attila/focalytics/internal/metadata/service.go:78.10,80.5 1 0
github.com/attila/focalytics/internal/metadata/service.go:83.3,84.29 2 0
github.com/attila/focalytics/internal/metadata/service.go:84.29,86.4 1 0
github.com/attila/focalytics/internal/metadata/service.go:87.3,87.29 1 0
github.com/attila/focalytics/internal/metadata/service.go:87.29,88.68 1 0
github.com/attila/focalytics/internal/metadata/service.go:88.68,90.5 1 0
github.com/attila/focalytics/internal/metadata/service.go:92.3,92.29 1 0
github.com/attila/focalytics/internal/metadata/service.go:92.29,93.62 1 0
github.com/attila/focalytics/internal/metadata/service.go:93.62,95.5 1 0
github.com/attila/focalytics/internal/metadata/service.go:97.3,97.29 1 0
github.com/attila/focalytics/internal/metadata/service.go:97.29,99.4 1 0
github.com/attila/focalytics/internal/metadata/service.go:101.3,102.29 2 0
github.com/attila/focalytics/internal/metadata/service.go:102.29,104.4 1 0
github.com/attila/focalytics/internal/metadata/service.go:105.3,105.29 1 0
github.com/attila/focalytics/internal/metadata/service.go:105.29,107.4 1 0
github.com/attila/focalytics/internal/metadata/service.go:109.3,110.27 2 0
github.com/attila/focalytics/internal/metadata/service.go:110.27,112.4 1 0
github.com/attila/focalytics/internal/metadata/service.go:113.3,113.27 1 0
github.com/attila/focalytics/internal/metadata/service.go:113.27,115.4 1 0
github.com/attila/focalytics/internal/metadata/service.go:117.3,118.32 2 0
github.com/attila/focalytics/internal/metadata/service.go:118.32,120.4 1 0
github.com/attila/focalytics/internal/metadata/service.go:121.3,121.32 1 0
github.com/attila/focalytics/internal/metadata/service.go:121.32,123.4 1 0
github.com/attila/focalytics/internal/metadata/service.go:125.3,126.42 2 0
github.com/attila/focalytics/internal/metadata/service.go:126.42,128.4 1 0
github.com/attila/focalytics/internal/metadata/service.go:129.3,129.71 1 0
github.com/attila/focalytics/internal/metadata/service.go:129.71,132.4 2 0
github.com/attila/focalytics/internal/metadata/service.go:133.3,133.42 1 0
github.com/attila/focalytics/internal/metadata/service.go:133.42,135.4 1 0
github.com/attila/focalytics/internal/metadata/service.go:137.3,138.28 2 0
github.com/attila/focalytics/internal/metadata/service.go:138.28,140.4 1 0
github.com/attila/focalytics/internal/metadata/service.go:141.3,141.28 1 0
github.com/attila/focalytics/internal/metadata/service.go:141.28,143.4 1 0
github.com/attila/focalytics/internal/metadata/service.go:145.3,146.33 2 0
github.com/attila/focalytics/internal/metadata/service.go:146.33,148.4 1 0
github.com/attila/focalytics/internal/metadata/service.go:149.3,149.33 1 0
github.com/attila/focalytics/internal/metadata/service.go:149.33,151.4 1 0
github.com/attila/focalytics/internal/metadata/service.go:153.3,154.22 2 0
github.com/attila/focalytics/internal/metadata/service.go:154.22,156.4 1 0
github.com/attila/focalytics/internal/metadata/service.go:157.3,157.22 1 0
github.com/attila/focalytics/internal/metadata/service.go:157.22,159.4 1 0
github.com/attila/focalytics/internal/metadata/service.go:161.3,161.44 1 0
github.com/attila/focalytics/internal/metadata/service.go:164.2,164.20 1 1
github.com/attila/focalytics/internal/metadata/service.go:178.77,180.16 2 0
github.com/attila/focalytics/internal/metadata/service.go:180.16,182.3 1 0
github.com/attila/focalytics/internal/metadata/service.go:183.2,183.15 1 0
github.com/attila/focalytics/internal/metadata/service.go:183.15,185.3 1 0
github.com/attila/focalytics/internal/metadata/service.go:187.2,188.16 2 0
github.com/attila/focalytics/internal/metadata/service.go:188.16,190.3 1 0
github.com/attila/focalytics/internal/metadata/service.go:192.2,193.55 2 0
github.com/attila/focalytics/internal/metadata/service.go:193.55,196.3 2 0
github.com/attila/focalytics/internal/metadata/service.go:197.2,205.19 8 0
github.com/attila/focalytics/internal/metadata/service.go:208.66,210.16 2 0
github.com/attila/focalytics/internal/metadata/service.go:210.16,212.3 1 0
github.com/attila/focalytics/internal/metadata/service.go:213.2,213.47 1 0
github.com/attila/focalytics/internal/metadata/service.go:213.47,215.3 1 0
github.com/attila/focalytics/internal/metadata/service.go:216.2,216.60 1 0
github.com/attila/focalytics/internal/metadata/service.go:219.67,221.16 2 0
github.com/attila/focalytics/internal/metadata/service.go:221.16,223.3 1 0
github.com/attila/focalytics/internal/metadata/service.go:224.2,224.40 1 0
github.com/attila/focalytics/internal/metadata/service.go:224.40,227.3 2 0
github.com/attila/focalytics/internal/metadata/service.go:228.2,228.44 1 0
github.com/attila/focalytics/internal/metadata/service.go:228.44,230.3 1 0
github.com/attila/focalytics/internal/metadata/service.go:231.2,231.44 1 0
github.com/attila/focalytics/internal/metadata/service.go:231.44,234.3 2 0
github.com/attila/focalytics/internal/metadata/service.go:235.2,235.79 1 0
github.com/attila/focalytics/internal/metadata/service.go:238.61,240.16 2 0
github.com/attila/focalytics/internal/metadata/service.go:240.16,242.3 1 0
github.com/attila/focalytics/internal/metadata/service.go:243.2,243.42 1 0
github.com/attila/focalytics/internal/metadata/service.go:243.42,245.3 1 0
github.com/attila/focalytics/internal/metadata/service.go:246.2,246.77 1 0
github.com/attila/focalytics/internal/metadata/service.go:249.104,250.44 1 0
github.com/attila/focalytics/internal/metadata/service.go:250.44,252.3 1 0
github.com/attila/focalytics/internal/metadata/service.go:253.2,254.34 2 0
github.com/attila/focalytics/internal/metadata/service.go:257.102,258.36 1 0
github.com/attila/focalytics/internal/metadata/service.go:258.36,260.3 1 0
github.com/attila/focalytics/internal/metadata/service.go:261.2,261.16 1 0
github.com/attila/focalytics/internal/metadata/service.go:262.25,263.29 1 0
github.com/attila/focalytics/internal/metadata/service.go:263.29,265.4 1 0
github.com/attila/focalytics/internal/metadata/service.go:266.3,266.46 1 0
github.com/attila/focalytics/internal/metadata/service.go:267.23,268.27 1 0
github.com/attila/focalytics/internal/metadata/service.go:268.27,270.4 1 0
github.com/attila/focalytics/internal/metadata/service.go:271.3,271.44 1 0
github.com/attila/focalytics/internal/metadata/service.go:272.10,273.9 1 0
github.com/attila/focalytics/internal/metadata/service.go:275.2,275.34 1 0
github.com/attila/focalytics/internal/metadata/service.go:278.103,279.18 1 0
github.com/attila/focalytics/internal/metadata/service.go:279.18,281.3 1 0
github.com/attila/focalytics/internal/metadata/service.go:282.2,282.16 1 0
github.com/attila/focalytics/internal/metadata/service.go:283.27,284.32 1 0
github.com/attila/focalytics/internal/metadata/service.go:284.32,286.4 1 0
github.com/attila/focalytics/internal/metadata/service.go:287.3,288.31 2 0
github.com/attila/focalytics/internal/metadata/service.go:289.35,290.42 1 0
github.com/attila/focalytics/internal/metadata/service.go:290.42,292.4 1 0
github.com/attila/focalytics/internal/metadata/service.go:293.3,294.41 2 0
github.com/attila/focalytics/internal/metadata/service.go:295.23,296.28 1 0
github.com/attila/focalytics/internal/metadata/service.go:296.28,298.4 1 0
github.com/attila/focalytics/internal/metadata/service.go:299.3,300.27 2 0
github.com/attila/focalytics/internal/metadata/service.go:301.28,302.33 1 0
github.com/attila/focalytics/internal/metadata/service.go:302.33,304.4 1 0
github.com/attila/focalytics/internal/metadata/service.go:305.3,306.32 2 0
github.com/attila/focalytics/internal/metadata/service.go:307.10,308.9 1 0
github.com/attila/focalytics/internal/metadata/service.go:310.2,310.34 1 0
github.com/attila/focalytics/internal/metadata/service.go:313.97,314.60 1 0
github.com/attila/focalytics/internal/metadata/service.go:314.60,316.3 1 0
github.com/attila/focalytics/internal/metadata/service.go:317.2,319.34 3 0
github.com/attila/focalytics/internal/metadata/service.go:322.56,324.16 2 0
github.com/attila/focalytics/internal/metadata/service.go:324.16,326.3 1 0
github.com/attila/focalytics/internal/metadata/service.go:327.2,328.17 2 0
github.com/attila/focalytics/internal/metadata/service.go:331.48,333.6 2 0
github.com/attila/focalytics/internal/metadata/service.go:333.6,335.81 2 0
github.com/attila/focalytics/internal/metadata/service.go:335.81,341.4 5 0
github.com/attila/focalytics/internal/metadata/service.go:342.3,342.77 1 0
github.com/attila/focalytics/internal/metadata/service.go:342.77,346.4 3 0
github.com/attila/focalytics/internal/metadata/service.go:347.3,348.22 2 0
github.com/attila/focalytics/internal/metadata/service.go:348.22,349.9 1 0
github.com/attila/focalytics/internal/metadata/service.go:351.3,351.17 1 0
github.com/attila/focalytics/internal/metadata/service.go:353.2,353.12 1 0
github.com/attila/focalytics/internal/metadata/service.go:356.47,359.19 3 0
github.com/attila/focalytics/internal/metadata/service.go:359.19,361.3 1 0
github.com/attila/focalytics/internal/metadata/service.go:362.2,362.36 1 0
github.com/attila/focalytics/internal/metadata/service.go:362.36,364.22 2 0
github.com/attila/focalytics/internal/metadata/service.go:364.22,367.54 3 0
github.com/attila/focalytics/internal/metadata/service.go:367.54,370.5 2 0
github.com/attila/focalytics/internal/metadata/service.go:373.2,374.16 2 0
github.com/attila/focalytics/internal/metadata/service.go:374.16,376.3 1 0
github.com/attila/focalytics/internal/metadata/service.go:377.2,377.16 1 0
github.com/attila/focalytics/internal/metadata/service.go:380.41,382.19 2 0
github.com/attila/focalytics/internal/metadata/service.go:382.19,384.3 1 0
github.com/attila/focalytics/internal/metadata/service.go:385.2,386.16 2 0
github.com/attila/focalytics/internal/metadata/service.go:386.16,388.3 1 0
github.com/attila/focalytics/internal/metadata/service.go:389.2,389.16 1 0
github.com/attila/focalytics/internal/metadata/service.go:392.50,393.55 1 0
github.com/attila/focalytics/internal/metadata/service.go:393.55,395.3 1 0
github.com/attila/focalytics/internal/metadata/service.go:396.2,397.19 2 0
github.com/attila/focalytics/internal/metadata/service.go:397.19,399.3 1 0
github.com/attila/focalytics/internal/metadata/service.go:400.2,401.9 2 0
github.com/attila/focalytics/internal/metadata/service.go:401.9,403.3 1 0
github.com/attila/focalytics/internal/metadata/service.go:404.2,405.16 2 0
github.com/attila/focalytics/internal/metadata/service.go:408.51,410.35 2 0
github.com/attila/focalytics/internal/metadata/service.go:410.35,412.20 2 0
github.com/attila/focalytics/internal/metadata/service.go:412.20,413.12 1 0
github.com/attila/focalytics/internal/metadata/service.go:415.3,415.34 1 0
github.com/attila/focalytics/internal/metadata/service.go:415.34,417.18 2 0
github.com/attila/focalytics/internal/metadata/service.go:417.18,420.5 2 0
github.com/attila/focalytics/internal/metadata/service.go:423.2,423.12 1 0
github.com/attila/focalytics/internal/metadata/service.go:426.40,429.2 2 0
github.com/attila/focalytics/internal/metadata/service.go:431.63,433.2 1 0
github.com/attila/focalytics/internal/metadata/stage.go:15.38,17.2 1 1
github.com/attila/focalytics/internal/metadata/stage.go:19.30,21.2 1 1
github.com/attila/focalytics/internal/metadata/stage.go:23.91,25.9 2 1
github.com/attila/focalytics/internal/metadata/stage.go:25.9,27.3 1 0
github.com/attila/focalytics/internal/metadata/stage.go:28.2,29.9 2 1
github.com/attila/focalytics/internal/metadata/stage.go:29.9,31.3 1 0
github.com/attila/focalytics/internal/metadata/stage.go:33.2,34.16 2 1
github.com/attila/focalytics/internal/metadata/stage.go:34.16,36.3 1 0
github.com/attila/focalytics/internal/metadata/stage.go:37.2,39.82 2 1
github.com/attila/focalytics/internal/metadata/xmp.go:22.47,24.16 2 0
github.com/attila/focalytics/internal/metadata/xmp.go:24.16,26.3 1 0
github.com/attila/focalytics/internal/metadata/xmp.go:28.2,32.6 4 0
github.com/attila/focalytics/internal/metadata/xmp.go:32.6,34.17 2 0
github.com/attila/focalytics/internal/metadata/xmp.go:34.17,35.21 1 0
github.com/attila/focalytics/internal/metadata/xmp.go:35.21,36.10 1 0
github.com/attila/focalytics/internal/metadata/xmp.go:38.4,38.27 1 0
github.com/attila/focalytics/internal/metadata/xmp.go:41.3,41.32 1 0
github.com/attila/focalytics/internal/metadata/xmp.go:42.25,44.41 2 0
github.com/attila/focalytics/internal/metadata/xmp.go:44.41,47.33 3 0
github.com/attila/focalytics/internal/metadata/xmp.go:47.33,48.14 1 0
github.com/attila/focalytics/internal/metadata/xmp.go:50.5,50.42 1 0
github.com/attila/focalytics/internal/metadata/xmp.go:50.42,52.6 1 0
github.com/attila/focalytics/internal/metadata/xmp.go:54.23,55.22 1 0
github.com/attila/focalytics/internal/metadata/xmp.go:55.22,57.5 1 0
github.com/attila/focalytics/internal/metadata/xmp.go:58.21,59.23 1 0
github.com/attila/focalytics/internal/metadata/xmp.go:59.23,60.13 1 0
github.com/attila/focalytics/internal/metadata/xmp.go:62.4,63.19 2 0
github.com/attila/focalytics/internal/metadata/xmp.go:63.19,64.13 1 0
github.com/attila/focalytics/internal/metadata/xmp.go:66.4,67.41 2 0
github.com/attila/focalytics/internal/metadata/xmp.go:67.41,69.5 1 0
github.com/attila/focalytics/internal/metadata/xmp.go:73.2,87.20 10 0
github.com/attila/focalytics/internal/metadata/xmp.go:90.45,91.31 1 0
github.com/attila/focalytics/internal/metadata/xmp.go:91.31,93.20 2 0
github.com/attila/focalytics/internal/metadata/xmp.go:93.20,95.4 1 0
github.com/attila/focalytics/internal/metadata/xmp.go:97.2,97.11 1 0
github.com/attila/focalytics/internal/pipeline/runner.go:19.107,20.17 1 1
github.com/attila/focalytics/internal/pipeline/runner.go:20.17,22.3 1 0
github.com/attila/focalytics/internal/pipeline/runner.go:24.2,29.3 1 1
github.com/attila/focalytics/internal/pipeline/runner.go:32.91,38.33 4 1
github.com/attila/focalytics/internal/pipeline/runner.go:38.33,41.17 3 1
github.com/attila/focalytics/internal/pipeline/runner.go:41.17,44.4 2 0
github.com/attila/focalytics/internal/pipeline/runner.go:45.3,45.62 1 1
github.com/attila/focalytics/internal/pipeline/runner.go:45.62,47.4 1 0
github.com/attila/focalytics/internal/pipeline/runner.go:50.2,52.82 2 1
github.com/attila/focalytics/internal/progress/noop.go:5.38,7.2 1 0
github.com/attila/focalytics/internal/progress/text.go:12.46,13.21 1 1
github.com/attila/focalytics/internal/progress/text.go:13.21,15.3 1 0
github.com/attila/focalytics/internal/progress/text.go:17.2,28.12 2 1
github.com/attila/focalytics/internal/release/checksums.go:11.66,16.21 4 0
github.com/attila/focalytics/internal/release/checksums.go:16.21,19.17 3 0
github.com/attila/focalytics/internal/release/checksums.go:19.17,20.12 1 0
github.com/attila/focalytics/internal/release/checksums.go:23.3,24.23 2 0
github.com/attila/focalytics/internal/release/checksums.go:24.23,26.4 1 0
github.com/attila/focalytics/internal/release/checksums.go:28.3,29.48 2 0
github.com/attila/focalytics/internal/release/checksums.go:29.48,31.4 1 0
github.com/attila/focalytics/internal/release/checksums.go:33.3,33.35 1 0
github.com/attila/focalytics/internal/release/checksums.go:36.2,36.38 1 0
github.com/attila/focalytics/internal/release/checksums.go:36.38,38.3 1 0
github.com/attila/focalytics/internal/release/checksums.go:40.2,40.23 1 0
github.com/attila/focalytics/internal/release/checksums.go:43.98,44.25 1 0
github.com/attila/focalytics/internal/release/checksums.go:44.25,46.3 1 0
github.com/attila/focalytics/internal/release/checksums.go:48.2,49.33 2 0
github.com/attila/focalytics/internal/release/checksums.go:49.33,51.17 2 0
github.com/attila/focalytics/internal/release/checksums.go:51.17,53.4 1 0
github.com/attila/focalytics/internal/release/checksums.go:54.3,54.35 1 0
github.com/attila/focalytics/internal/release/checksums.go:57.2,58.34 2 0
github.com/attila/focalytics/internal/release/checksums.go:58.34,59.41 1 0
github.com/attila/focalytics/internal/release/checksums.go:59.41,61.4 1 0
github.com/attila/focalytics/internal/release/checksums.go:64.2,65.35 2 0
github.com/attila/focalytics/internal/release/checksums.go:65.35,66.40 1 0
github.com/attila/focalytics/internal/release/checksums.go:66.40,68.4 1 0
github.com/attila/focalytics/internal/release/checksums.go:71.2,74.47 3 0
github.com/attila/focalytics/internal/release/checksums.go:74.47,76.3 1 0
github.com/attila/focalytics/internal/release/checksums.go:78.2,79.22 2 0
github.com/attila/focalytics/internal/release/checksums.go:79.22,81.3 1 0
github.com/attila/focalytics/internal/release/checksums.go:82.2,82.25 1 0
github.com/attila/focalytics/internal/release/checksums.go:82.25,84.3 1 0
github.com/attila/focalytics/internal/release/checksums.go:86.2,86.87 1 0
github.com/attila/focalytics/internal/release/contract.go:19.32,28.2 1 0
github.com/attila/focalytics/internal/release/contract.go:30.55,34.19 4 0
github.com/attila/focalytics/internal/release/contract.go:34.19,36.3 1 0
github.com/attila/focalytics/internal/release/contract.go:38.2,38.21 1 0
github.com/attila/focalytics/internal/release/contract.go:41.49,43.16 2 0
github.com/attila/focalytics/internal/release/contract.go:43.16,45.3 1 0
github.com/attila/focalytics/internal/release/contract.go:47.2,47.30 1 0
github.com/attila/focalytics/internal/release/contract.go:50.60,51.42 1 0
github.com/attila/focalytics/internal/release/contract.go:51.42,52.53 1 0
github.com/attila/focalytics/internal/release/contract.go:52.53,54.4 1 0
github.com/attila/focalytics/internal/release/contract.go:57.2,57.71 1 0
github.com/attila/focalytics/internal/release/contract.go:60.70,62.16 2 0
github.com/attila/focalytics/internal/release/contract.go:62.16,64.3 1 0
github.com/attila/focalytics/internal/release/contract.go:66.2,66.93 1 0
github.com/attila/focalytics/internal/release/contract.go:69.70,71.16 2 0
github.com/attila/focalytics/internal/release/contract.go:71.16,73.3 1 0
github.com/attila/focalytics/internal/release/contract.go:75.2,75.44 1 0
github.com/attila/focalytics/internal/release/contract.go:78.43,79.30 1 0
github.com/attila/focalytics/internal/release/contract.go:79.30,81.3 1 0
github.com/attila/focalytics/internal/release/contract.go:83.2,83.19 1 0
github.com/attila/focalytics/internal/release/contract.go:86.59,88.16 2 0
github.com/attila/focalytics/internal/release/contract.go:88.16,90.3 1 0
github.com/attila/focalytics/internal/release/contract.go:92.2,92.73 1 0
github.com/attila/focalytics/internal/release/contract.go:95.77,97.16 2 0
github.com/attila/focalytics/internal/release/contract.go:97.16,99.3 1 0
github.com/attila/focalytics/internal/release/contract.go:101.2,102.16 2 0
github.com/attila/focalytics/internal/release/contract.go:102.16,104.3 1 0
github.com/attila/focalytics/internal/release/contract.go:106.2,106.96 1 0
github.com/attila/focalytics/internal/release/metadata.go:44.128,45.76 1 0
github.com/attila/focalytics/internal/release/metadata.go:45.76,47.3 1 0
github.com/attila/focalytics/internal/release/metadata.go:49.2,50.33 2 0
github.com/attila/focalytics/internal/release/metadata.go:50.33,52.17 2 0
github.com/attila/focalytics/internal/release/metadata.go:52.17,54.4 1 0
github.com/attila/focalytics/internal/release/metadata.go:56.3,57.17 2 0
github.com/attila/focalytics/internal/release/metadata.go:57.17,59.4 1 0
github.com/attila/focalytics/internal/release/metadata.go:61.3,68.5 1 0
github.com/attila/focalytics/internal/release/metadata.go:71.2,71.24 1 0
github.com/attila/focalytics/internal/release/metadata.go:74.105,76.16 2 0
github.com/attila/focalytics/internal/release/metadata.go:76.16,78.3 1 0
github.com/attila/focalytics/internal/release/metadata.go:80.2,81.16 2 0
github.com/attila/focalytics/internal/release/metadata.go:81.16,83.3 1 0
github.com/attila/focalytics/internal/release/metadata.go:85.2,86.16 2 0
github.com/attila/focalytics/internal/release/metadata.go:86.16,88.3 1 0
github.com/attila/focalytics/internal/release/metadata.go:90.2,91.16 2 0
github.com/attila/focalytics/internal/release/metadata.go:91.16,93.3 1 0
github.com/attila/focalytics/internal/release/metadata.go:95.2,95.60 1 0
github.com/attila/focalytics/internal/release/metadata.go:95.60,97.3 1 0
github.com/attila/focalytics/internal/release/metadata.go:98.2,99.16 2 0
github.com/attila/focalytics/internal/release/metadata.go:99.16,101.3 1 0
github.com/attila/focalytics/internal/release/metadata.go:103.2,112.8 1 0
github.com/attila/focalytics/internal/release/metadata.go:115.101,117.16 2 0
github.com/attila/focalytics/internal/release/metadata.go:117.16,119.3 1 0
github.com/attila/focalytics/internal/release/metadata.go:121.2,122.16 2 0
github.com/attila/focalytics/internal/release/metadata.go:122.16,124.3 1 0
github.com/attila/focalytics/internal/release/metadata.go:126.2,127.16 2 0
github.com/attila/focalytics/internal/release/metadata.go:127.16,129.3 1 0
github.com/attila/focalytics/internal/release/metadata.go:131.2,132.16 2 0
github.com/attila/focalytics/internal/release/metadata.go:132.16,134.3 1 0
github.com/attila/focalytics/internal/release/metadata.go:136.2,136.59 1 0
github.com/attila/focalytics/internal/release/metadata.go:136.59,138.3 1 0
github.com/attila/focalytics/internal/release/metadata.go:139.2,139.125 1 0
github.com/attila/focalytics/internal/release/metadata.go:139.125,141.3 1 0
github.com/attila/focalytics/internal/release/metadata.go:143.2,144.40 2 0
github.com/attila/focalytics/internal/release/metadata.go:144.40,146.17 2 0
github.com/attila/focalytics/internal/release/metadata.go:146.17,148.4 1 0
github.com/attila/focalytics/internal/release/metadata.go:150.3,151.17 2 0
github.com/attila/focalytics/internal/release/metadata.go:151.17,153.4 1 0
github.com/attila/focalytics/internal/release/metadata.go:155.3,162.5 1 0
github.com/attila/focalytics/internal/release/metadata.go:165.2,173.8 1 0
github.com/attila/focalytics/internal/release/metadata.go:176.56,179.33 3 0
github.com/attila/focalytics/internal/release/metadata.go:179.33,180.22 1 0
github.com/attila/focalytics/internal/release/metadata.go:180.22,182.4 1 0
github.com/attila/focalytics/internal/release/metadata.go:185.2,185.17 1 0
github.com/attila/focalytics/internal/release/metadata.go:188.103,190.33 2 0
github.com/attila/focalytics/internal/release/metadata.go:190.33,192.17 2 0
github.com/attila/focalytics/internal/release/metadata.go:192.17,193.12 1 0
github.com/attila/focalytics/internal/release/metadata.go:195.3,195.47 1 0
github.com/attila/focalytics/internal/release/metadata.go:195.47,197.4 1 0
github.com/attila/focalytics/internal/release/metadata.go:200.2,200.15 1 0
github.com/attila/focalytics/tools/releasegen/main.go:21.13,22.22 1 0
github.com/attila/focalytics/tools/releasegen/main.go:22.22,24.3 1 0
github.com/attila/focalytics/tools/releasegen/main.go:26.2,27.20 2 0
github.com/attila/focalytics/tools/releasegen/main.go:28.20,29.34 1 0
github.com/attila/focalytics/tools/releasegen/main.go:30.16,31.31 1 0
github.com/attila/focalytics/tools/releasegen/main.go:32.18,33.33 1 0
github.com/attila/focalytics/tools/releasegen/main.go:34.10,35.56 1 0
github.com/attila/focalytics/tools/releasegen/main.go:38.2,38.16 1 0
github.com/attila/focalytics/tools/releasegen/main.go:38.16,40.3 1 0
github.com/attila/focalytics/tools/releasegen/main.go:43.40,50.42 7 0
github.com/attila/focalytics/tools/releasegen/main.go:50.42,52.3 1 0
github.com/attila/focalytics/tools/releasegen/main.go:54.2,54.27 1 0
github.com/attila/focalytics/tools/releasegen/main.go:54.27,56.17 2 0
github.com/attila/focalytics/tools/releasegen/main.go:56.17,58.4 1 0
github.com/attila/focalytics/tools/releasegen/main.go:59.3,60.13 2 0
github.com/attila/focalytics/tools/releasegen/main.go:63.2,64.16 2 0
github.com/attila/focalytics/tools/releasegen/main.go:64.16,66.3 1 0
github.com/attila/focalytics/tools/releasegen/main.go:68.2,68.16 1 0
github.com/attila/focalytics/tools/releasegen/main.go:69.17,71.17 2 0
github.com/attila/focalytics/tools/releasegen/main.go:71.17,73.4 1 0
github.com/attila/focalytics/tools/releasegen/main.go:74.3,75.13 2 0
github.com/attila/focalytics/tools/releasegen/main.go:76.16,78.13 2 0
github.com/attila/focalytics/tools/releasegen/main.go:79.14,81.17 2 0
github.com/attila/focalytics/tools/releasegen/main.go:81.17,83.4 1 0
github.com/attila/focalytics/tools/releasegen/main.go:84.3,85.13 2 0
github.com/attila/focalytics/tools/releasegen/main.go:86.10,87.52 1 0
github.com/attila/focalytics/tools/releasegen/main.go:91.37,96.42 5 0
github.com/attila/focalytics/tools/releasegen/main.go:96.42,98.3 1 0
github.com/attila/focalytics/tools/releasegen/main.go:100.2,101.16 2 0
github.com/attila/focalytics/tools/releasegen/main.go:101.16,103.3 1 0
github.com/attila/focalytics/tools/releasegen/main.go:105.2,105.86 1 0
github.com/attila/focalytics/tools/releasegen/main.go:108.39,115.42 7 0
github.com/attila/focalytics/tools/releasegen/main.go:115.42,117.3 1 0
github.com/attila/focalytics/tools/releasegen/main.go:119.2,119.19 1 0
github.com/attila/focalytics/tools/releasegen/main.go:119.19,121.3 1 0
github.com/attila/focalytics/tools/releasegen/main.go:123.2,124.16 2 0
github.com/attila/focalytics/tools/releasegen/main.go:124.16,126.3 1 0
github.com/attila/focalytics/tools/releasegen/main.go:128.2,129.16 2 0
github.com/attila/focalytics/tools/releasegen/main.go:129.16,131.3 1 0
github.com/attila/focalytics/tools/releasegen/main.go:133.2,134.16 2 0
github.com/attila/focalytics/tools/releasegen/main.go:134.16,136.3 1 0
github.com/attila/focalytics/tools/releasegen/main.go:138.2,138.52 1 0
github.com/attila/focalytics/tools/releasegen/main.go:138.52,140.3 1 0
github.com/attila/focalytics/tools/releasegen/main.go:142.2,142.98 1 0
github.com/attila/focalytics/tools/releasegen/main.go:142.98,144.3 1 0
github.com/attila/focalytics/tools/releasegen/main.go:146.2,146.96 1 0
github.com/attila/focalytics/tools/releasegen/main.go:146.96,148.3 1 0
github.com/attila/focalytics/tools/releasegen/main.go:150.2,150.12 1 0
github.com/attila/focalytics/tools/releasegen/main.go:153.60,154.16 1 0
github.com/attila/focalytics/tools/releasegen/main.go:154.16,156.3 1 0
github.com/attila/focalytics/tools/releasegen/main.go:158.2,159.16 2 0
github.com/attila/focalytics/tools/releasegen/main.go:159.16,161.3 1 0
github.com/attila/focalytics/tools/releasegen/main.go:163.2,163.57 1 0
github.com/attila/focalytics/tools/releasegen/main.go:166.46,168.16 2 0
github.com/attila/focalytics/tools/releasegen/main.go:168.16,170.3 1 0
github.com/attila/focalytics/tools/releasegen/main.go:172.2,173.43 2 0
github.com/attila/focalytics/tools/releasegen/main.go:176.31,179.2 2 0
github.com/attila/focalytics/main.go:11.13,13.2 1 0
github.com/attila/focalytics/main.go:15.79,17.2 1 0
github.com/attila/focalytics/cmd/root.go:22.101,38.2 6 1
github.com/attila/focalytics/cmd/root.go:40.76,50.108 6 1
github.com/attila/focalytics/cmd/root.go:50.108,52.3 1 1
github.com/attila/focalytics/cmd/root.go:53.2,55.42 2 1
github.com/attila/focalytics/cmd/root.go:55.42,58.3 2 1
github.com/attila/focalytics/cmd/root.go:60.2,60.27 1 1
github.com/attila/focalytics/cmd/run.go:14.100,27.2 4 1
github.com/attila/focalytics/cmd/run.go:29.122,30.53 1 1
github.com/attila/focalytics/cmd/run.go:30.53,32.17 2 1
github.com/attila/focalytics/cmd/run.go:32.17,34.4 1 1
github.com/attila/focalytics/cmd/run.go:36.3,37.17 2 1
github.com/attila/focalytics/cmd/run.go:37.17,39.4 1 0
github.com/attila/focalytics/cmd/run.go:41.3,41.44 1 1
github.com/attila/focalytics/cmd/run.go:41.44,43.4 1 0
github.com/attila/focalytics/cmd/run.go:45.3,45.13 1 1
github.com/attila/focalytics/cmd/run.go:49.82,50.20 1 1
github.com/attila/focalytics/cmd/run.go:50.20,52.3 1 1
github.com/attila/focalytics/cmd/run.go:54.2,56.16 3 1
github.com/attila/focalytics/cmd/run.go:56.16,58.3 1 1
github.com/attila/focalytics/cmd/run.go:59.2,59.19 1 1
github.com/attila/focalytics/cmd/run.go:59.19,61.3 1 0
github.com/attila/focalytics/cmd/run.go:63.2,68.8 1 1
github.com/attila/focalytics/internal/app/context.go:47.115,55.2 1 1
github.com/attila/focalytics/internal/app/context.go:57.56,58.24 1 1
github.com/attila/focalytics/internal/app/context.go:58.24,60.3 1 0
github.com/attila/focalytics/internal/app/context.go:61.2,61.26 1 1
github.com/attila/focalytics/internal/app/context.go:64.54,65.24 1 1
github.com/attila/focalytics/internal/app/context.go:65.24,67.3 1 0
github.com/attila/focalytics/internal/app/context.go:68.2,69.18 2 1
github.com/attila/focalytics/internal/app/exitcodes.go:19.39,21.2 1 1
github.com/attila/focalytics/internal/app/exitcodes.go:23.39,25.2 1 1
github.com/attila/focalytics/internal/app/exitcodes.go:27.37,33.2 1 1
github.com/attila/focalytics/internal/app/exitcodes.go:35.54,36.16 1 1
github.com/attila/focalytics/internal/app/exitcodes.go:36.16,38.3 1 0
github.com/attila/focalytics/internal/app/exitcodes.go:40.2,40.44 1 1
github.com/attila/focalytics/internal/app/exitcodes.go:43.41,45.2 1 1
github.com/attila/focalytics/internal/app/exitcodes.go:47.43,49.2 1 0
github.com/attila/focalytics/internal/app/exitcodes.go:51.57,52.16 1 1
github.com/attila/focalytics/internal/app/exitcodes.go:52.16,54.3 1 0
github.com/attila/focalytics/internal/app/exitcodes.go:56.2,57.28 2 1
github.com/attila/focalytics/internal/app/exitcodes.go:57.28,59.3 1 1
github.com/attila/focalytics/internal/app/exitcodes.go:61.2,61.30 1 0
github.com/attila/focalytics/internal/discovery/service.go:35.27,40.2 1 1
github.com/attila/focalytics/internal/discovery/service.go:42.94,45.17 3 1
github.com/attila/focalytics/internal/discovery/service.go:45.17,47.3 1 0
github.com/attila/focalytics/internal/discovery/service.go:49.2,50.16 2 1
github.com/attila/focalytics/internal/discovery/service.go:50.16,52.3 1 0
github.com/attila/focalytics/internal/discovery/service.go:54.2,54.20 1 1
github.com/attila/focalytics/internal/discovery/service.go:57.122,59.16 2 1
github.com/attila/focalytics/internal/discovery/service.go:59.16,61.3 1 0
github.com/attila/focalytics/internal/discovery/service.go:62.2,65.42 3 1
github.com/attila/focalytics/internal/discovery/service.go:65.42,67.3 1 0
github.com/attila/focalytics/internal/discovery/service.go:69.2,69.32 1 1
github.com/attila/focalytics/internal/discovery/service.go:69.32,72.17 3 1
github.com/attila/focalytics/internal/discovery/service.go:72.17,74.12 2 0
github.com/attila/focalytics/internal/discovery/service.go:77.3,77.38 1 1
github.com/attila/focalytics/internal/discovery/service.go:77.38,79.12 2 0
github.com/attila/focalytics/internal/discovery/service.go:82.3,82.19 1 1
github.com/attila/focalytics/internal/discovery/service.go:82.19,83.79 1 0
github.com/attila/focalytics/internal/discovery/service.go:83.79,85.13 2 0
github.com/attila/focalytics/internal/discovery/service.go:87.4,87.12 1 0
github.com/attila/focalytics/internal/discovery/service.go:90.3,92.10 3 1
github.com/attila/focalytics/internal/discovery/service.go:92.10,94.12 2 0
github.com/attila/focalytics/internal/discovery/service.go:97.3,99.20 3 1
github.com/attila/focalytics/internal/discovery/service.go:99.20,101.4 1 1
github.com/attila/focalytics/internal/discovery/service.go:102.3,102.77 1 1
github.com/attila/focalytics/internal/discovery/service.go:105.2,105.12 1 1
github.com/attila/focalytics/internal/discovery/service.go:108.58,111.16 3 1
github.com/attila/focalytics/internal/discovery/service.go:111.16,113.3 1 0
github.com/attila/focalytics/internal/discovery/service.go:114.2,115.25 2 1
github.com/attila/focalytics/internal/discovery/service.go:115.25,117.3 1 0
github.com/attila/focalytics/internal/discovery/service.go:118.2,118.54 1 1
github.com/attila/focalytics/internal/discovery/service.go:118.54,120.3 1 1
github.com/attila/focalytics/internal/discovery/service.go:122.2,122.27 1 0
github.com/attila/focalytics/internal/discovery/service.go:125.122,128.17 3 1
github.com/attila/focalytics/internal/discovery/service.go:128.17,130.3 1 1
github.com/attila/focalytics/internal/discovery/service.go:132.2,141.4 1 1
github.com/attila/focalytics/internal/discovery/service.go:144.107,149.17 5 0
github.com/attila/focalytics/internal/discovery/service.go:149.17,151.3 1 0
github.com/attila/focalytics/internal/discovery/service.go:152.2,161.4 1 0
github.com/attila/focalytics/internal/discovery/stage.go:13.38,15.2 1 1
github.com/attila/focalytics/internal/discovery/stage.go:17.30,19.2 1 1
github.com/attila/focalytics/internal/discovery/stage.go:21.91,23.16 2 1
github.com/attila/focalytics/internal/discovery/stage.go:23.16,25.3 1 0
github.com/attila/focalytics/internal/discovery/stage.go:26.2,28.82 2 1
github.com/attila/focalytics/internal/metadata/service.go:29.27,34.2 1 1
github.com/attila/focalytics/internal/metadata/service.go:36.96,37.17 1 1
github.com/attila/focalytics/internal/metadata/service.go:37.17,39.3 1 0
github.com/attila/focalytics/internal/metadata/service.go:41.2,42.55 2 1
github.com/attila/focalytics/internal/metadata/service.go:42.55,43.55 1 1
github.com/attila/focalytics/internal/metadata/service.go:43.55,44.12 1 1
github.com/attila/focalytics/internal/metadata/service.go:46.3,46.62 1 0
github.com/attila/focalytics/internal/metadata/service.go:49.2,50.55 2 1
github.com/attila/focalytics/internal/metadata/service.go:50.55,51.53 1 1
github.com/attila/focalytics/internal/metadata/service.go:51.53,52.12 1 0
github.com/attila/focalytics/internal/metadata/service.go:55.3,61.25 3 1
github.com/attila/focalytics/internal/metadata/service.go:61.25,63.4 1 0
github.com/attila/focalytics/internal/metadata/service.go:65.3,66.28 2 1
github.com/attila/focalytics/internal/metadata/service.go:66.28,69.4 2 1
github.com/attila/focalytics/internal/metadata/service.go:71.3,72.25 2 1
github.com/attila/focalytics/internal/metadata/service.go:72.25,74.18 2 0
github.com/attila/focalytics/internal/metadata/service.go:74.18,78.5 3 0
github.com/attila/focalytics/internal/metadata/service.go:78.10,80.5 1 0
github.com/attila/focalytics/internal/metadata/service.go:83.3,84.29 2 1
github.com/attila/focalytics/internal/metadata/service.go:84.29,86.4 1 1
github.com/attila/focalytics/internal/metadata/service.go:87.3,87.29 1 1
github.com/attila/focalytics/internal/metadata/service.go:87.29,88.68 1 1
github.com/attila/focalytics/internal/metadata/service.go:88.68,90.5 1 1
github.com/attila/focalytics/internal/metadata/service.go:92.3,92.29 1 1
github.com/attila/focalytics/internal/metadata/service.go:92.29,93.62 1 0
github.com/attila/focalytics/internal/metadata/service.go:93.62,95.5 1 0
github.com/attila/focalytics/internal/metadata/service.go:97.3,97.29 1 1
github.com/attila/focalytics/internal/metadata/service.go:97.29,99.4 1 0
github.com/attila/focalytics/internal/metadata/service.go:101.3,102.29 2 1
github.com/attila/focalytics/internal/metadata/service.go:102.29,104.4 1 1
github.com/attila/focalytics/internal/metadata/service.go:105.3,105.29 1 1
github.com/attila/focalytics/internal/metadata/service.go:105.29,107.4 1 1
github.com/attila/focalytics/internal/metadata/service.go:109.3,110.27 2 1
github.com/attila/focalytics/internal/metadata/service.go:110.27,112.4 1 1
github.com/attila/focalytics/internal/metadata/service.go:113.3,113.27 1 1
github.com/attila/focalytics/internal/metadata/service.go:113.27,115.4 1 1
github.com/attila/focalytics/internal/metadata/service.go:117.3,118.32 2 1
github.com/attila/focalytics/internal/metadata/service.go:118.32,120.4 1 1
github.com/attila/focalytics/internal/metadata/service.go:121.3,121.32 1 1
github.com/attila/focalytics/internal/metadata/service.go:121.32,123.4 1 1
github.com/attila/focalytics/internal/metadata/service.go:125.3,126.42 2 1
github.com/attila/focalytics/internal/metadata/service.go:126.42,128.4 1 1
github.com/attila/focalytics/internal/metadata/service.go:129.3,129.71 1 1
github.com/attila/focalytics/internal/metadata/service.go:129.71,132.4 2 0
github.com/attila/focalytics/internal/metadata/service.go:133.3,133.42 1 1
github.com/attila/focalytics/internal/metadata/service.go:133.42,135.4 1 1
github.com/attila/focalytics/internal/metadata/service.go:137.3,138.28 2 1
github.com/attila/focalytics/internal/metadata/service.go:138.28,140.4 1 1
github.com/attila/focalytics/internal/metadata/service.go:141.3,141.28 1 1
github.com/attila/focalytics/internal/metadata/service.go:141.28,143.4 1 1
github.com/attila/focalytics/internal/metadata/service.go:145.3,146.33 2 1
github.com/attila/focalytics/internal/metadata/service.go:146.33,148.4 1 1
github.com/attila/focalytics/internal/metadata/service.go:149.3,149.33 1 1
github.com/attila/focalytics/internal/metadata/service.go:149.33,151.4 1 1
github.com/attila/focalytics/internal/metadata/service.go:153.3,154.22 2 1
github.com/attila/focalytics/internal/metadata/service.go:154.22,156.4 1 1
github.com/attila/focalytics/internal/metadata/service.go:157.3,157.22 1 1
github.com/attila/focalytics/internal/metadata/service.go:157.22,159.4 1 1
github.com/attila/focalytics/internal/metadata/service.go:161.3,161.44 1 1
github.com/attila/focalytics/internal/metadata/service.go:164.2,164.20 1 1
github.com/attila/focalytics/internal/metadata/service.go:178.77,180.16 2 1
github.com/attila/focalytics/internal/metadata/service.go:180.16,182.3 1 0
github.com/attila/focalytics/internal/metadata/service.go:183.2,183.15 1 1
github.com/attila/focalytics/internal/metadata/service.go:183.15,185.3 1 1
github.com/attila/focalytics/internal/metadata/service.go:187.2,188.16 2 1
github.com/attila/focalytics/internal/metadata/service.go:188.16,190.3 1 1
github.com/attila/focalytics/internal/metadata/service.go:192.2,193.55 2 0
github.com/attila/focalytics/internal/metadata/service.go:193.55,196.3 2 0
github.com/attila/focalytics/internal/metadata/service.go:197.2,205.19 8 0
github.com/attila/focalytics/internal/metadata/service.go:208.66,210.16 2 0
github.com/attila/focalytics/internal/metadata/service.go:210.16,212.3 1 0
github.com/attila/focalytics/internal/metadata/service.go:213.2,213.47 1 0
github.com/attila/focalytics/internal/metadata/service.go:213.47,215.3 1 0
github.com/attila/focalytics/internal/metadata/service.go:216.2,216.60 1 0
github.com/attila/focalytics/internal/metadata/service.go:219.67,221.16 2 0
github.com/attila/focalytics/internal/metadata/service.go:221.16,223.3 1 0
github.com/attila/focalytics/internal/metadata/service.go:224.2,224.40 1 0
github.com/attila/focalytics/internal/metadata/service.go:224.40,227.3 2 0
github.com/attila/focalytics/internal/metadata/service.go:228.2,228.44 1 0
github.com/attila/focalytics/internal/metadata/service.go:228.44,230.3 1 0
github.com/attila/focalytics/internal/metadata/service.go:231.2,231.44 1 0
github.com/attila/focalytics/internal/metadata/service.go:231.44,234.3 2 0
github.com/attila/focalytics/internal/metadata/service.go:235.2,235.79 1 0
github.com/attila/focalytics/internal/metadata/service.go:238.61,240.16 2 0
github.com/attila/focalytics/internal/metadata/service.go:240.16,242.3 1 0
github.com/attila/focalytics/internal/metadata/service.go:243.2,243.42 1 0
github.com/attila/focalytics/internal/metadata/service.go:243.42,245.3 1 0
github.com/attila/focalytics/internal/metadata/service.go:246.2,246.77 1 0
github.com/attila/focalytics/internal/metadata/service.go:249.104,250.44 1 1
github.com/attila/focalytics/internal/metadata/service.go:250.44,252.3 1 1
github.com/attila/focalytics/internal/metadata/service.go:253.2,254.34 2 1
github.com/attila/focalytics/internal/metadata/service.go:257.102,258.36 1 1
github.com/attila/focalytics/internal/metadata/service.go:258.36,260.3 1 1
github.com/attila/focalytics/internal/metadata/service.go:261.2,261.16 1 0
github.com/attila/focalytics/internal/metadata/service.go:262.25,263.29 1 0
github.com/attila/focalytics/internal/metadata/service.go:263.29,265.4 1 0
github.com/attila/focalytics/internal/metadata/service.go:266.3,266.46 1 0
github.com/attila/focalytics/internal/metadata/service.go:267.23,268.27 1 0
github.com/attila/focalytics/internal/metadata/service.go:268.27,270.4 1 0
github.com/attila/focalytics/internal/metadata/service.go:271.3,271.44 1 0
github.com/attila/focalytics/internal/metadata/service.go:272.10,273.9 1 0
github.com/attila/focalytics/internal/metadata/service.go:275.2,275.34 1 0
github.com/attila/focalytics/internal/metadata/service.go:278.103,279.18 1 1
github.com/attila/focalytics/internal/metadata/service.go:279.18,281.3 1 1
github.com/attila/focalytics/internal/metadata/service.go:282.2,282.16 1 0
github.com/attila/focalytics/internal/metadata/service.go:283.27,284.32 1 0
github.com/attila/focalytics/internal/metadata/service.go:284.32,286.4 1 0
github.com/attila/focalytics/internal/metadata/service.go:287.3,288.31 2 0
github.com/attila/focalytics/internal/metadata/service.go:289.35,290.42 1 0
github.com/attila/focalytics/internal/metadata/service.go:290.42,292.4 1 0
github.com/attila/focalytics/internal/metadata/service.go:293.3,294.41 2 0
github.com/attila/focalytics/internal/metadata/service.go:295.23,296.28 1 0
github.com/attila/focalytics/internal/metadata/service.go:296.28,298.4 1 0
github.com/attila/focalytics/internal/metadata/service.go:299.3,300.27 2 0
github.com/attila/focalytics/internal/metadata/service.go:301.28,302.33 1 0
github.com/attila/focalytics/internal/metadata/service.go:302.33,304.4 1 0
github.com/attila/focalytics/internal/metadata/service.go:305.3,306.32 2 0
github.com/attila/focalytics/internal/metadata/service.go:307.10,308.9 1 0
github.com/attila/focalytics/internal/metadata/service.go:310.2,310.34 1 0
github.com/attila/focalytics/internal/metadata/service.go:313.97,314.60 1 1
github.com/attila/focalytics/internal/metadata/service.go:314.60,316.3 1 1
github.com/attila/focalytics/internal/metadata/service.go:317.2,319.34 3 0
github.com/attila/focalytics/internal/metadata/service.go:322.56,324.16 2 1
github.com/attila/focalytics/internal/metadata/service.go:324.16,326.3 1 0
github.com/attila/focalytics/internal/metadata/service.go:327.2,328.17 2 1
github.com/attila/focalytics/internal/metadata/service.go:331.48,333.6 2 0
github.com/attila/focalytics/internal/metadata/service.go:333.6,335.81 2 0
github.com/attila/focalytics/internal/metadata/service.go:335.81,341.4 5 0
github.com/attila/focalytics/internal/metadata/service.go:342.3,342.77 1 0
github.com/attila/focalytics/internal/metadata/service.go:342.77,346.4 3 0
github.com/attila/focalytics/internal/metadata/service.go:347.3,348.22 2 0
github.com/attila/focalytics/internal/metadata/service.go:348.22,349.9 1 0
github.com/attila/focalytics/internal/metadata/service.go:351.3,351.17 1 0
github.com/attila/focalytics/internal/metadata/service.go:353.2,353.12 1 0
github.com/attila/focalytics/internal/metadata/service.go:356.47,359.19 3 0
github.com/attila/focalytics/internal/metadata/service.go:359.19,361.3 1 0
github.com/attila/focalytics/internal/metadata/service.go:362.2,362.36 1 0
github.com/attila/focalytics/internal/metadata/service.go:362.36,364.22 2 0
github.com/attila/focalytics/internal/metadata/service.go:364.22,367.54 3 0
github.com/attila/focalytics/internal/metadata/service.go:367.54,370.5 2 0
github.com/attila/focalytics/internal/metadata/service.go:373.2,374.16 2 0
github.com/attila/focalytics/internal/metadata/service.go:374.16,376.3 1 0
github.com/attila/focalytics/internal/metadata/service.go:377.2,377.16 1 0
github.com/attila/focalytics/internal/metadata/service.go:380.41,382.19 2 0
github.com/attila/focalytics/internal/metadata/service.go:382.19,384.3 1 0
github.com/attila/focalytics/internal/metadata/service.go:385.2,386.16 2 0
github.com/attila/focalytics/internal/metadata/service.go:386.16,388.3 1 0
github.com/attila/focalytics/internal/metadata/service.go:389.2,389.16 1 0
github.com/attila/focalytics/internal/metadata/service.go:392.50,393.55 1 0
github.com/attila/focalytics/internal/metadata/service.go:393.55,395.3 1 0
github.com/attila/focalytics/internal/metadata/service.go:396.2,397.19 2 0
github.com/attila/focalytics/internal/metadata/service.go:397.19,399.3 1 0
github.com/attila/focalytics/internal/metadata/service.go:400.2,401.9 2 0
github.com/attila/focalytics/internal/metadata/service.go:401.9,403.3 1 0
github.com/attila/focalytics/internal/metadata/service.go:404.2,405.16 2 0
github.com/attila/focalytics/internal/metadata/service.go:408.51,410.35 2 0
github.com/attila/focalytics/internal/metadata/service.go:410.35,412.20 2 0
github.com/attila/focalytics/internal/metadata/service.go:412.20,413.12 1 0
github.com/attila/focalytics/internal/metadata/service.go:415.3,415.34 1 0
github.com/attila/focalytics/internal/metadata/service.go:415.34,417.18 2 0
github.com/attila/focalytics/internal/metadata/service.go:417.18,420.5 2 0
github.com/attila/focalytics/internal/metadata/service.go:423.2,423.12 1 0
github.com/attila/focalytics/internal/metadata/service.go:426.40,429.2 2 1
github.com/attila/focalytics/internal/metadata/service.go:431.63,433.2 1 1
github.com/attila/focalytics/internal/metadata/stage.go:15.38,17.2 1 1
github.com/attila/focalytics/internal/metadata/stage.go:19.30,21.2 1 1
github.com/attila/focalytics/internal/metadata/stage.go:23.91,25.9 2 1
github.com/attila/focalytics/internal/metadata/stage.go:25.9,27.3 1 0
github.com/attila/focalytics/internal/metadata/stage.go:28.2,29.9 2 1
github.com/attila/focalytics/internal/metadata/stage.go:29.9,31.3 1 0
github.com/attila/focalytics/internal/metadata/stage.go:33.2,34.16 2 1
github.com/attila/focalytics/internal/metadata/stage.go:34.16,36.3 1 0
github.com/attila/focalytics/internal/metadata/stage.go:37.2,39.82 2 1
github.com/attila/focalytics/internal/metadata/xmp.go:22.47,24.16 2 0
github.com/attila/focalytics/internal/metadata/xmp.go:24.16,26.3 1 0
github.com/attila/focalytics/internal/metadata/xmp.go:28.2,32.6 4 0
github.com/attila/focalytics/internal/metadata/xmp.go:32.6,34.17 2 0
github.com/attila/focalytics/internal/metadata/xmp.go:34.17,35.21 1 0
github.com/attila/focalytics/internal/metadata/xmp.go:35.21,36.10 1 0
github.com/attila/focalytics/internal/metadata/xmp.go:38.4,38.27 1 0
github.com/attila/focalytics/internal/metadata/xmp.go:41.3,41.32 1 0
github.com/attila/focalytics/internal/metadata/xmp.go:42.25,44.41 2 0
github.com/attila/focalytics/internal/metadata/xmp.go:44.41,47.33 3 0
github.com/attila/focalytics/internal/metadata/xmp.go:47.33,48.14 1 0
github.com/attila/focalytics/internal/metadata/xmp.go:50.5,50.42 1 0
github.com/attila/focalytics/internal/metadata/xmp.go:50.42,52.6 1 0
github.com/attila/focalytics/internal/metadata/xmp.go:54.23,55.22 1 0
github.com/attila/focalytics/internal/metadata/xmp.go:55.22,57.5 1 0
github.com/attila/focalytics/internal/metadata/xmp.go:58.21,59.23 1 0
github.com/attila/focalytics/internal/metadata/xmp.go:59.23,60.13 1 0
github.com/attila/focalytics/internal/metadata/xmp.go:62.4,63.19 2 0
github.com/attila/focalytics/internal/metadata/xmp.go:63.19,64.13 1 0
github.com/attila/focalytics/internal/metadata/xmp.go:66.4,67.41 2 0
github.com/attila/focalytics/internal/metadata/xmp.go:67.41,69.5 1 0
github.com/attila/focalytics/internal/metadata/xmp.go:73.2,87.20 10 0
github.com/attila/focalytics/internal/metadata/xmp.go:90.45,91.31 1 0
github.com/attila/focalytics/internal/metadata/xmp.go:91.31,93.20 2 0
github.com/attila/focalytics/internal/metadata/xmp.go:93.20,95.4 1 0
github.com/attila/focalytics/internal/metadata/xmp.go:97.2,97.11 1 0
github.com/attila/focalytics/internal/pipeline/runner.go:19.107,20.17 1 1
github.com/attila/focalytics/internal/pipeline/runner.go:20.17,22.3 1 0
github.com/attila/focalytics/internal/pipeline/runner.go:24.2,29.3 1 1
github.com/attila/focalytics/internal/pipeline/runner.go:32.91,38.33 4 1
github.com/attila/focalytics/internal/pipeline/runner.go:38.33,41.17 3 1
github.com/attila/focalytics/internal/pipeline/runner.go:41.17,44.4 2 0
github.com/attila/focalytics/internal/pipeline/runner.go:45.3,45.62 1 1
github.com/attila/focalytics/internal/pipeline/runner.go:45.62,47.4 1 0
github.com/attila/focalytics/internal/pipeline/runner.go:50.2,52.82 2 1
github.com/attila/focalytics/internal/progress/noop.go:5.38,7.2 1 0
github.com/attila/focalytics/internal/progress/text.go:12.46,13.21 1 1
github.com/attila/focalytics/internal/progress/text.go:13.21,15.3 1 0
github.com/attila/focalytics/internal/progress/text.go:17.2,28.12 2 1
github.com/attila/focalytics/internal/release/checksums.go:11.66,16.21 4 0
github.com/attila/focalytics/internal/release/checksums.go:16.21,19.17 3 0
github.com/attila/focalytics/internal/release/checksums.go:19.17,20.12 1 0
github.com/attila/focalytics/internal/release/checksums.go:23.3,24.23 2 0
github.com/attila/focalytics/internal/release/checksums.go:24.23,26.4 1 0
github.com/attila/focalytics/internal/release/checksums.go:28.3,29.48 2 0
github.com/attila/focalytics/internal/release/checksums.go:29.48,31.4 1 0
github.com/attila/focalytics/internal/release/checksums.go:33.3,33.35 1 0
github.com/attila/focalytics/internal/release/checksums.go:36.2,36.38 1 0
github.com/attila/focalytics/internal/release/checksums.go:36.38,38.3 1 0
github.com/attila/focalytics/internal/release/checksums.go:40.2,40.23 1 0
github.com/attila/focalytics/internal/release/checksums.go:43.98,44.25 1 0
github.com/attila/focalytics/internal/release/checksums.go:44.25,46.3 1 0
github.com/attila/focalytics/internal/release/checksums.go:48.2,49.33 2 0
github.com/attila/focalytics/internal/release/checksums.go:49.33,51.17 2 0
github.com/attila/focalytics/internal/release/checksums.go:51.17,53.4 1 0
github.com/attila/focalytics/internal/release/checksums.go:54.3,54.35 1 0
github.com/attila/focalytics/internal/release/checksums.go:57.2,58.34 2 0
github.com/attila/focalytics/internal/release/checksums.go:58.34,59.41 1 0
github.com/attila/focalytics/internal/release/checksums.go:59.41,61.4 1 0
github.com/attila/focalytics/internal/release/checksums.go:64.2,65.35 2 0
github.com/attila/focalytics/internal/release/checksums.go:65.35,66.40 1 0
github.com/attila/focalytics/internal/release/checksums.go:66.40,68.4 1 0
github.com/attila/focalytics/internal/release/checksums.go:71.2,74.47 3 0
github.com/attila/focalytics/internal/release/checksums.go:74.47,76.3 1 0
github.com/attila/focalytics/internal/release/checksums.go:78.2,79.22 2 0
github.com/attila/focalytics/internal/release/checksums.go:79.22,81.3 1 0
github.com/attila/focalytics/internal/release/checksums.go:82.2,82.25 1 0
github.com/attila/focalytics/internal/release/checksums.go:82.25,84.3 1 0
github.com/attila/focalytics/internal/release/checksums.go:86.2,86.87 1 0
github.com/attila/focalytics/internal/release/contract.go:19.32,28.2 1 0
github.com/attila/focalytics/internal/release/contract.go:30.55,34.19 4 0
github.com/attila/focalytics/internal/release/contract.go:34.19,36.3 1 0
github.com/attila/focalytics/internal/release/contract.go:38.2,38.21 1 0
github.com/attila/focalytics/internal/release/contract.go:41.49,43.16 2 0
github.com/attila/focalytics/internal/release/contract.go:43.16,45.3 1 0
github.com/attila/focalytics/internal/release/contract.go:47.2,47.30 1 0
github.com/attila/focalytics/internal/release/contract.go:50.60,51.42 1 0
github.com/attila/focalytics/internal/release/contract.go:51.42,52.53 1 0
github.com/attila/focalytics/internal/release/contract.go:52.53,54.4 1 0
github.com/attila/focalytics/internal/release/contract.go:57.2,57.71 1 0
github.com/attila/focalytics/internal/release/contract.go:60.70,62.16 2 0
github.com/attila/focalytics/internal/release/contract.go:62.16,64.3 1 0
github.com/attila/focalytics/internal/release/contract.go:66.2,66.93 1 0
github.com/attila/focalytics/internal/release/contract.go:69.70,71.16 2 0
github.com/attila/focalytics/internal/release/contract.go:71.16,73.3 1 0
github.com/attila/focalytics/internal/release/contract.go:75.2,75.44 1 0
github.com/attila/focalytics/internal/release/contract.go:78.43,79.30 1 0
github.com/attila/focalytics/internal/release/contract.go:79.30,81.3 1 0
github.com/attila/focalytics/internal/release/contract.go:83.2,83.19 1 0
github.com/attila/focalytics/internal/release/contract.go:86.59,88.16 2 0
github.com/attila/focalytics/internal/release/contract.go:88.16,90.3 1 0
github.com/attila/focalytics/internal/release/contract.go:92.2,92.73 1 0
github.com/attila/focalytics/internal/release/contract.go:95.77,97.16 2 0
github.com/attila/focalytics/internal/release/contract.go:97.16,99.3 1 0
github.com/attila/focalytics/internal/release/contract.go:101.2,102.16 2 0
github.com/attila/focalytics/internal/release/contract.go:102.16,104.3 1 0
github.com/attila/focalytics/internal/release/contract.go:106.2,106.96 1 0
github.com/attila/focalytics/internal/release/metadata.go:44.128,45.76 1 0
github.com/attila/focalytics/internal/release/metadata.go:45.76,47.3 1 0
github.com/attila/focalytics/internal/release/metadata.go:49.2,50.33 2 0
github.com/attila/focalytics/internal/release/metadata.go:50.33,52.17 2 0
github.com/attila/focalytics/internal/release/metadata.go:52.17,54.4 1 0
github.com/attila/focalytics/internal/release/metadata.go:56.3,57.17 2 0
github.com/attila/focalytics/internal/release/metadata.go:57.17,59.4 1 0
github.com/attila/focalytics/internal/release/metadata.go:61.3,68.5 1 0
github.com/attila/focalytics/internal/release/metadata.go:71.2,71.24 1 0
github.com/attila/focalytics/internal/release/metadata.go:74.105,76.16 2 0
github.com/attila/focalytics/internal/release/metadata.go:76.16,78.3 1 0
github.com/attila/focalytics/internal/release/metadata.go:80.2,81.16 2 0
github.com/attila/focalytics/internal/release/metadata.go:81.16,83.3 1 0
github.com/attila/focalytics/internal/release/metadata.go:85.2,86.16 2 0
github.com/attila/focalytics/internal/release/metadata.go:86.16,88.3 1 0
github.com/attila/focalytics/internal/release/metadata.go:90.2,91.16 2 0
github.com/attila/focalytics/internal/release/metadata.go:91.16,93.3 1 0
github.com/attila/focalytics/internal/release/metadata.go:95.2,95.60 1 0
github.com/attila/focalytics/internal/release/metadata.go:95.60,97.3 1 0
github.com/attila/focalytics/internal/release/metadata.go:98.2,99.16 2 0
github.com/attila/focalytics/internal/release/metadata.go:99.16,101.3 1 0
github.com/attila/focalytics/internal/release/metadata.go:103.2,112.8 1 0
github.com/attila/focalytics/internal/release/metadata.go:115.101,117.16 2 0
github.com/attila/focalytics/internal/release/metadata.go:117.16,119.3 1 0
github.com/attila/focalytics/internal/release/metadata.go:121.2,122.16 2 0
github.com/attila/focalytics/internal/release/metadata.go:122.16,124.3 1 0
github.com/attila/focalytics/internal/release/metadata.go:126.2,127.16 2 0
github.com/attila/focalytics/internal/release/metadata.go:127.16,129.3 1 0
github.com/attila/focalytics/internal/release/metadata.go:131.2,132.16 2 0
github.com/attila/focalytics/internal/release/metadata.go:132.16,134.3 1 0
github.com/attila/focalytics/internal/release/metadata.go:136.2,136.59 1 0
github.com/attila/focalytics/internal/release/metadata.go:136.59,138.3 1 0
github.com/attila/focalytics/internal/release/metadata.go:139.2,139.125 1 0
github.com/attila/focalytics/internal/release/metadata.go:139.125,141.3 1 0
github.com/attila/focalytics/internal/release/metadata.go:143.2,144.40 2 0
github.com/attila/focalytics/internal/release/metadata.go:144.40,146.17 2 0
github.com/attila/focalytics/internal/release/metadata.go:146.17,148.4 1 0
github.com/attila/focalytics/internal/release/metadata.go:150.3,151.17 2 0
github.com/attila/focalytics/internal/release/metadata.go:151.17,153.4 1 0
github.com/attila/focalytics/internal/release/metadata.go:155.3,162.5 1 0
github.com/attila/focalytics/internal/release/metadata.go:165.2,173.8 1 0
github.com/attila/focalytics/internal/release/metadata.go:176.56,179.33 3 0
github.com/attila/focalytics/internal/release/metadata.go:179.33,180.22 1 0
github.com/attila/focalytics/internal/release/metadata.go:180.22,182.4 1 0
github.com/attila/focalytics/internal/release/metadata.go:185.2,185.17 1 0
github.com/attila/focalytics/internal/release/metadata.go:188.103,190.33 2 0
github.com/attila/focalytics/internal/release/metadata.go:190.33,192.17 2 0
github.com/attila/focalytics/internal/release/metadata.go:192.17,193.12 1 0
github.com/attila/focalytics/internal/release/metadata.go:195.3,195.47 1 0
github.com/attila/focalytics/internal/release/metadata.go:195.47,197.4 1 0
github.com/attila/focalytics/internal/release/metadata.go:200.2,200.15 1 0
github.com/attila/focalytics/tools/releasegen/main.go:21.13,22.22 1 0
github.com/attila/focalytics/tools/releasegen/main.go:22.22,24.3 1 0
github.com/attila/focalytics/tools/releasegen/main.go:26.2,27.20 2 0
github.com/attila/focalytics/tools/releasegen/main.go:28.20,29.34 1 0
github.com/attila/focalytics/tools/releasegen/main.go:30.16,31.31 1 0
github.com/attila/focalytics/tools/releasegen/main.go:32.18,33.33 1 0
github.com/attila/focalytics/tools/releasegen/main.go:34.10,35.56 1 0
github.com/attila/focalytics/tools/releasegen/main.go:38.2,38.16 1 0
github.com/attila/focalytics/tools/releasegen/main.go:38.16,40.3 1 0
github.com/attila/focalytics/tools/releasegen/main.go:43.40,50.42 7 0
github.com/attila/focalytics/tools/releasegen/main.go:50.42,52.3 1 0
github.com/attila/focalytics/tools/releasegen/main.go:54.2,54.27 1 0
github.com/attila/focalytics/tools/releasegen/main.go:54.27,56.17 2 0
github.com/attila/focalytics/tools/releasegen/main.go:56.17,58.4 1 0
github.com/attila/focalytics/tools/releasegen/main.go:59.3,60.13 2 0
github.com/attila/focalytics/tools/releasegen/main.go:63.2,64.16 2 0
github.com/attila/focalytics/tools/releasegen/main.go:64.16,66.3 1 0
github.com/attila/focalytics/tools/releasegen/main.go:68.2,68.16 1 0
github.com/attila/focalytics/tools/releasegen/main.go:69.17,71.17 2 0
github.com/attila/focalytics/tools/releasegen/main.go:71.17,73.4 1 0
github.com/attila/focalytics/tools/releasegen/main.go:74.3,75.13 2 0
github.com/attila/focalytics/tools/releasegen/main.go:76.16,78.13 2 0
github.com/attila/focalytics/tools/releasegen/main.go:79.14,81.17 2 0
github.com/attila/focalytics/tools/releasegen/main.go:81.17,83.4 1 0
github.com/attila/focalytics/tools/releasegen/main.go:84.3,85.13 2 0
github.com/attila/focalytics/tools/releasegen/main.go:86.10,87.52 1 0
github.com/attila/focalytics/tools/releasegen/main.go:91.37,96.42 5 0
github.com/attila/focalytics/tools/releasegen/main.go:96.42,98.3 1 0
github.com/attila/focalytics/tools/releasegen/main.go:100.2,101.16 2 0
github.com/attila/focalytics/tools/releasegen/main.go:101.16,103.3 1 0
github.com/attila/focalytics/tools/releasegen/main.go:105.2,105.86 1 0
github.com/attila/focalytics/tools/releasegen/main.go:108.39,115.42 7 0
github.com/attila/focalytics/tools/releasegen/main.go:115.42,117.3 1 0
github.com/attila/focalytics/tools/releasegen/main.go:119.2,119.19 1 0
github.com/attila/focalytics/tools/releasegen/main.go:119.19,121.3 1 0
github.com/attila/focalytics/tools/releasegen/main.go:123.2,124.16 2 0
github.com/attila/focalytics/tools/releasegen/main.go:124.16,126.3 1 0
github.com/attila/focalytics/tools/releasegen/main.go:128.2,129.16 2 0
github.com/attila/focalytics/tools/releasegen/main.go:129.16,131.3 1 0
github.com/attila/focalytics/tools/releasegen/main.go:133.2,134.16 2 0
github.com/attila/focalytics/tools/releasegen/main.go:134.16,136.3 1 0
github.com/attila/focalytics/tools/releasegen/main.go:138.2,138.52 1 0
github.com/attila/focalytics/tools/releasegen/main.go:138.52,140.3 1 0
github.com/attila/focalytics/tools/releasegen/main.go:142.2,142.98 1 0
github.com/attila/focalytics/tools/releasegen/main.go:142.98,144.3 1 0
github.com/attila/focalytics/tools/releasegen/main.go:146.2,146.96 1 0
github.com/attila/focalytics/tools/releasegen/main.go:146.96,148.3 1 0
github.com/attila/focalytics/tools/releasegen/main.go:150.2,150.12 1 0
github.com/attila/focalytics/tools/releasegen/main.go:153.60,154.16 1 0
github.com/attila/focalytics/tools/releasegen/main.go:154.16,156.3 1 0
github.com/attila/focalytics/tools/releasegen/main.go:158.2,159.16 2 0
github.com/attila/focalytics/tools/releasegen/main.go:159.16,161.3 1 0
github.com/attila/focalytics/tools/releasegen/main.go:163.2,163.57 1 0
github.com/attila/focalytics/tools/releasegen/main.go:166.46,168.16 2 0
github.com/attila/focalytics/tools/releasegen/main.go:168.16,170.3 1 0
github.com/attila/focalytics/tools/releasegen/main.go:172.2,173.43 2 0
github.com/attila/focalytics/tools/releasegen/main.go:176.31,179.2 2 0
github.com/attila/focalytics/main.go:11.13,13.2 1 0
github.com/attila/focalytics/main.go:15.79,17.2 1 0
github.com/attila/focalytics/cmd/root.go:22.101,38.2 6 0
github.com/attila/focalytics/cmd/root.go:40.76,50.108 6 0
github.com/attila/focalytics/cmd/root.go:50.108,52.3 1 0
github.com/attila/focalytics/cmd/root.go:53.2,55.42 2 0
github.com/attila/focalytics/cmd/root.go:55.42,58.3 2 0
github.com/attila/focalytics/cmd/root.go:60.2,60.27 1 0
github.com/attila/focalytics/cmd/run.go:14.100,27.2 4 0
github.com/attila/focalytics/cmd/run.go:29.122,30.53 1 0
github.com/attila/focalytics/cmd/run.go:30.53,32.17 2 0
github.com/attila/focalytics/cmd/run.go:32.17,34.4 1 0
github.com/attila/focalytics/cmd/run.go:36.3,37.17 2 0
github.com/attila/focalytics/cmd/run.go:37.17,39.4 1 0
github.com/attila/focalytics/cmd/run.go:41.3,41.44 1 0
github.com/attila/focalytics/cmd/run.go:41.44,43.4 1 0
github.com/attila/focalytics/cmd/run.go:45.3,45.13 1 0
github.com/attila/focalytics/cmd/run.go:49.82,50.20 1 0
github.com/attila/focalytics/cmd/run.go:50.20,52.3 1 0
github.com/attila/focalytics/cmd/run.go:54.2,56.16 3 0
github.com/attila/focalytics/cmd/run.go:56.16,58.3 1 0
github.com/attila/focalytics/cmd/run.go:59.2,59.19 1 0
github.com/attila/focalytics/cmd/run.go:59.19,61.3 1 0
github.com/attila/focalytics/cmd/run.go:63.2,68.8 1 0
github.com/attila/focalytics/internal/app/context.go:47.115,55.2 1 0
github.com/attila/focalytics/internal/app/context.go:57.56,58.24 1 0
github.com/attila/focalytics/internal/app/context.go:58.24,60.3 1 0
github.com/attila/focalytics/internal/app/context.go:61.2,61.26 1 0
github.com/attila/focalytics/internal/app/context.go:64.54,65.24 1 0
github.com/attila/focalytics/internal/app/context.go:65.24,67.3 1 0
github.com/attila/focalytics/internal/app/context.go:68.2,69.18 2 0
github.com/attila/focalytics/internal/app/exitcodes.go:19.39,21.2 1 0
github.com/attila/focalytics/internal/app/exitcodes.go:23.39,25.2 1 0
github.com/attila/focalytics/internal/app/exitcodes.go:27.37,33.2 1 0
github.com/attila/focalytics/internal/app/exitcodes.go:35.54,36.16 1 0
github.com/attila/focalytics/internal/app/exitcodes.go:36.16,38.3 1 0
github.com/attila/focalytics/internal/app/exitcodes.go:40.2,40.44 1 0
github.com/attila/focalytics/internal/app/exitcodes.go:43.41,45.2 1 0
github.com/attila/focalytics/internal/app/exitcodes.go:47.43,49.2 1 0
github.com/attila/focalytics/internal/app/exitcodes.go:51.57,52.16 1 0
github.com/attila/focalytics/internal/app/exitcodes.go:52.16,54.3 1 0
github.com/attila/focalytics/internal/app/exitcodes.go:56.2,57.28 2 0
github.com/attila/focalytics/internal/app/exitcodes.go:57.28,59.3 1 0
github.com/attila/focalytics/internal/app/exitcodes.go:61.2,61.30 1 0
github.com/attila/focalytics/internal/discovery/service.go:35.27,40.2 1 0
github.com/attila/focalytics/internal/discovery/service.go:42.94,45.17 3 0
github.com/attila/focalytics/internal/discovery/service.go:45.17,47.3 1 0
github.com/attila/focalytics/internal/discovery/service.go:49.2,50.16 2 0
github.com/attila/focalytics/internal/discovery/service.go:50.16,52.3 1 0
github.com/attila/focalytics/internal/discovery/service.go:54.2,54.20 1 0
github.com/attila/focalytics/internal/discovery/service.go:57.122,59.16 2 0
github.com/attila/focalytics/internal/discovery/service.go:59.16,61.3 1 0
github.com/attila/focalytics/internal/discovery/service.go:62.2,65.42 3 0
github.com/attila/focalytics/internal/discovery/service.go:65.42,67.3 1 0
github.com/attila/focalytics/internal/discovery/service.go:69.2,69.32 1 0
github.com/attila/focalytics/internal/discovery/service.go:69.32,72.17 3 0
github.com/attila/focalytics/internal/discovery/service.go:72.17,74.12 2 0
github.com/attila/focalytics/internal/discovery/service.go:77.3,77.38 1 0
github.com/attila/focalytics/internal/discovery/service.go:77.38,79.12 2 0
github.com/attila/focalytics/internal/discovery/service.go:82.3,82.19 1 0
github.com/attila/focalytics/internal/discovery/service.go:82.19,83.79 1 0
github.com/attila/focalytics/internal/discovery/service.go:83.79,85.13 2 0
github.com/attila/focalytics/internal/discovery/service.go:87.4,87.12 1 0
github.com/attila/focalytics/internal/discovery/service.go:90.3,92.10 3 0
github.com/attila/focalytics/internal/discovery/service.go:92.10,94.12 2 0
github.com/attila/focalytics/internal/discovery/service.go:97.3,99.20 3 0
github.com/attila/focalytics/internal/discovery/service.go:99.20,101.4 1 0
github.com/attila/focalytics/internal/discovery/service.go:102.3,102.77 1 0
github.com/attila/focalytics/internal/discovery/service.go:105.2,105.12 1 0
github.com/attila/focalytics/internal/discovery/service.go:108.58,111.16 3 0
github.com/attila/focalytics/internal/discovery/service.go:111.16,113.3 1 0
github.com/attila/focalytics/internal/discovery/service.go:114.2,115.25 2 0
github.com/attila/focalytics/internal/discovery/service.go:115.25,117.3 1 0
github.com/attila/focalytics/internal/discovery/service.go:118.2,118.54 1 0
github.com/attila/focalytics/internal/discovery/service.go:118.54,120.3 1 0
github.com/attila/focalytics/internal/discovery/service.go:122.2,122.27 1 0
github.com/attila/focalytics/internal/discovery/service.go:125.122,128.17 3 0
github.com/attila/focalytics/internal/discovery/service.go:128.17,130.3 1 0
github.com/attila/focalytics/internal/discovery/service.go:132.2,141.4 1 0
github.com/attila/focalytics/internal/discovery/service.go:144.107,149.17 5 0
github.com/attila/focalytics/internal/discovery/service.go:149.17,151.3 1 0
github.com/attila/focalytics/internal/discovery/service.go:152.2,161.4 1 0
github.com/attila/focalytics/internal/discovery/stage.go:13.38,15.2 1 0
github.com/attila/focalytics/internal/discovery/stage.go:17.30,19.2 1 0
github.com/attila/focalytics/internal/discovery/stage.go:21.91,23.16 2 0
github.com/attila/focalytics/internal/discovery/stage.go:23.16,25.3 1 0
github.com/attila/focalytics/internal/discovery/stage.go:26.2,28.82 2 0
github.com/attila/focalytics/internal/metadata/service.go:29.27,34.2 1 0
github.com/attila/focalytics/internal/metadata/service.go:36.96,37.17 1 0
github.com/attila/focalytics/internal/metadata/service.go:37.17,39.3 1 0
github.com/attila/focalytics/internal/metadata/service.go:41.2,42.55 2 0
github.com/attila/focalytics/internal/metadata/service.go:42.55,43.55 1 0
github.com/attila/focalytics/internal/metadata/service.go:43.55,44.12 1 0
github.com/attila/focalytics/internal/metadata/service.go:46.3,46.62 1 0
github.com/attila/focalytics/internal/metadata/service.go:49.2,50.55 2 0
github.com/attila/focalytics/internal/metadata/service.go:50.55,51.53 1 0
github.com/attila/focalytics/internal/metadata/service.go:51.53,52.12 1 0
github.com/attila/focalytics/internal/metadata/service.go:55.3,61.25 3 0
github.com/attila/focalytics/internal/metadata/service.go:61.25,63.4 1 0
github.com/attila/focalytics/internal/metadata/service.go:65.3,66.28 2 0
github.com/attila/focalytics/internal/metadata/service.go:66.28,69.4 2 0
github.com/attila/focalytics/internal/metadata/service.go:71.3,72.25 2 0
github.com/attila/focalytics/internal/metadata/service.go:72.25,74.18 2 0
github.com/attila/focalytics/internal/metadata/service.go:74.18,78.5 3 0
github.com/attila/focalytics/internal/metadata/service.go:78.10,80.5 1 0
github.com/attila/focalytics/internal/metadata/service.go:83.3,84.29 2 0
github.com/attila/focalytics/internal/metadata/service.go:84.29,86.4 1 0
github.com/attila/focalytics/internal/metadata/service.go:87.3,87.29 1 0
github.com/attila/focalytics/internal/metadata/service.go:87.29,88.68 1 0
github.com/attila/focalytics/internal/metadata/service.go:88.68,90.5 1 0
github.com/attila/focalytics/internal/metadata/service.go:92.3,92.29 1 0
github.com/attila/focalytics/internal/metadata/service.go:92.29,93.62 1 0
github.com/attila/focalytics/internal/metadata/service.go:93.62,95.5 1 0
github.com/attila/focalytics/internal/metadata/service.go:97.3,97.29 1 0
github.com/attila/focalytics/internal/metadata/service.go:97.29,99.4 1 0
github.com/attila/focalytics/internal/metadata/service.go:101.3,102.29 2 0
github.com/attila/focalytics/internal/metadata/service.go:102.29,104.4 1 0
github.com/attila/focalytics/internal/metadata/service.go:105.3,105.29 1 0
github.com/attila/focalytics/internal/metadata/service.go:105.29,107.4 1 0
github.com/attila/focalytics/internal/metadata/service.go:109.3,110.27 2 0
github.com/attila/focalytics/internal/metadata/service.go:110.27,112.4 1 0
github.com/attila/focalytics/internal/metadata/service.go:113.3,113.27 1 0
github.com/attila/focalytics/internal/metadata/service.go:113.27,115.4 1 0
github.com/attila/focalytics/internal/metadata/service.go:117.3,118.32 2 0
github.com/attila/focalytics/internal/metadata/service.go:118.32,120.4 1 0
github.com/attila/focalytics/internal/metadata/service.go:121.3,121.32 1 0
github.com/attila/focalytics/internal/metadata/service.go:121.32,123.4 1 0
github.com/attila/focalytics/internal/metadata/service.go:125.3,126.42 2 0
github.com/attila/focalytics/internal/metadata/service.go:126.42,128.4 1 0
github.com/attila/focalytics/internal/metadata/service.go:129.3,129.71 1 0
github.com/attila/focalytics/internal/metadata/service.go:129.71,132.4 2 0
github.com/attila/focalytics/internal/metadata/service.go:133.3,133.42 1 0
github.com/attila/focalytics/internal/metadata/service.go:133.42,135.4 1 0
github.com/attila/focalytics/internal/metadata/service.go:137.3,138.28 2 0
github.com/attila/focalytics/internal/metadata/service.go:138.28,140.4 1 0
github.com/attila/focalytics/internal/metadata/service.go:141.3,141.28 1 0
github.com/attila/focalytics/internal/metadata/service.go:141.28,143.4 1 0
github.com/attila/focalytics/internal/metadata/service.go:145.3,146.33 2 0
github.com/attila/focalytics/internal/metadata/service.go:146.33,148.4 1 0
github.com/attila/focalytics/internal/metadata/service.go:149.3,149.33 1 0
github.com/attila/focalytics/internal/metadata/service.go:149.33,151.4 1 0
github.com/attila/focalytics/internal/metadata/service.go:153.3,154.22 2 0
github.com/attila/focalytics/internal/metadata/service.go:154.22,156.4 1 0
github.com/attila/focalytics/internal/metadata/service.go:157.3,157.22 1 0
github.com/attila/focalytics/internal/metadata/service.go:157.22,159.4 1 0
github.com/attila/focalytics/internal/metadata/service.go:161.3,161.44 1 0
github.com/attila/focalytics/internal/metadata/service.go:164.2,164.20 1 0
github.com/attila/focalytics/internal/metadata/service.go:178.77,180.16 2 0
github.com/attila/focalytics/internal/metadata/service.go:180.16,182.3 1 0
github.com/attila/focalytics/internal/metadata/service.go:183.2,183.15 1 0
github.com/attila/focalytics/internal/metadata/service.go:183.15,185.3 1 0
github.com/attila/focalytics/internal/metadata/service.go:187.2,188.16 2 0
github.com/attila/focalytics/internal/metadata/service.go:188.16,190.3 1 0
github.com/attila/focalytics/internal/metadata/service.go:192.2,193.55 2 0
github.com/attila/focalytics/internal/metadata/service.go:193.55,196.3 2 0
github.com/attila/focalytics/internal/metadata/service.go:197.2,205.19 8 0
github.com/attila/focalytics/internal/metadata/service.go:208.66,210.16 2 0
github.com/attila/focalytics/internal/metadata/service.go:210.16,212.3 1 0
github.com/attila/focalytics/internal/metadata/service.go:213.2,213.47 1 0
github.com/attila/focalytics/internal/metadata/service.go:213.47,215.3 1 0
github.com/attila/focalytics/internal/metadata/service.go:216.2,216.60 1 0
github.com/attila/focalytics/internal/metadata/service.go:219.67,221.16 2 0
github.com/attila/focalytics/internal/metadata/service.go:221.16,223.3 1 0
github.com/attila/focalytics/internal/metadata/service.go:224.2,224.40 1 0
github.com/attila/focalytics/internal/metadata/service.go:224.40,227.3 2 0
github.com/attila/focalytics/internal/metadata/service.go:228.2,228.44 1 0
github.com/attila/focalytics/internal/metadata/service.go:228.44,230.3 1 0
github.com/attila/focalytics/internal/metadata/service.go:231.2,231.44 1 0
github.com/attila/focalytics/internal/metadata/service.go:231.44,234.3 2 0
github.com/attila/focalytics/internal/metadata/service.go:235.2,235.79 1 0
github.com/attila/focalytics/internal/metadata/service.go:238.61,240.16 2 0
github.com/attila/focalytics/internal/metadata/service.go:240.16,242.3 1 0
github.com/attila/focalytics/internal/metadata/service.go:243.2,243.42 1 0
github.com/attila/focalytics/internal/metadata/service.go:243.42,245.3 1 0
github.com/attila/focalytics/internal/metadata/service.go:246.2,246.77 1 0
github.com/attila/focalytics/internal/metadata/service.go:249.104,250.44 1 0
github.com/attila/focalytics/internal/metadata/service.go:250.44,252.3 1 0
[...]
github.com/attila/focalytics/internal/metadata/service.go:282.2,282.16 1 0
github.com/attila/focalytics/internal/metadata/service.go:283.27,284.32 1 0
github.com/attila/focalytics/internal/metadata/service.go:284.32,286.4 1 0
github.com/attila/focalytics/internal/metadata/service.go:287.3,288.31 2 0
github.com/attila/focalytics/internal/metadata/service.go:289.35,290.42 1 0
github.com/attila/focalytics/internal/metadata/service.go:290.42,292.4 1 0
github.com/attila/focalytics/internal/metadata/service.go:293.3,294.41 2 0
github.com/attila/focalytics/internal/metadata/service.go:295.23,296.28 1 0
github.com/attila/focalytics/internal/metadata/service.go:296.28,298.4 1 0
github.com/attila/focalytics/internal/metadata/service.go:299.3,300.27 2 0
github.com/attila/focalytics/internal/metadata/service.go:301.28,302.33 1 0
github.com/attila/focalytics/internal/metadata/service.go:302.33,304.4 1 0
github.com/attila/focalytics/internal/metadata/service.go:305.3,306.32 2 0
github.com/attila/focalytics/internal/metadata/service.go:307.10,308.9 1 0
github.com/attila/focalytics/internal/metadata/service.go:310.2,310.34 1 0
github.com/attila/focalytics/internal/metadata/service.go:313.97,314.60 1 0
github.com/attila/focalytics/internal/metadata/service.go:314.60,316.3 1 0
github.com/attila/focalytics/internal/metadata/service.go:317.2,319.34 3 0
github.com/attila/focalytics/internal/metadata/service.go:322.56,324.16 2 0
github.com/attila/focalytics/internal/metadata/service.go:324.16,326.3 1 0
github.com/attila/focalytics/internal/metadata/service.go:327.2,328.17 2 0
github.com/attila/focalytics/internal/metadata/service.go:331.48,333.6 2 0
github.com/attila/focalytics/internal/metadata/service.go:333.6,335.81 2 0
github.com/attila/focalytics/internal/metadata/service.go:335.81,341.4 5 0
github.com/attila/focalytics/internal/metadata/service.go:342.3,342.77 1 0
github.com/attila/focalytics/internal/metadata/service.go:342.77,346.4 3 0
github.com/attila/focalytics/internal/metadata/service.go:347.3,348.22 2 0
github.com/attila/focalytics/internal/metadata/service.go:348.22,349.9 1 0
github.com/attila/focalytics/internal/metadata/service.go:351.3,351.17 1 0
github.com/attila/focalytics/internal/metadata/service.go:353.2,353.12 1 0
github.com/attila/focalytics/internal/metadata/service.go:356.47,359.19 3 0
github.com/attila/focalytics/internal/metadata/service.go:359.19,361.3 1 0
github.com/attila/focalytics/internal/metadata/service.go:362.2,362.36 1 0
github.com/attila/focalytics/internal/metadata/service.go:362.36,364.22 2 0
github.com/attila/focalytics/internal/metadata/service.go:364.22,367.54 3 0
github.com/attila/focalytics/internal/metadata/service.go:367.54,370.5 2 0
github.com/attila/focalytics/internal/metadata/service.go:373.2,374.16 2 0
github.com/attila/focalytics/internal/metadata/service.go:374.16,376.3 1 0
github.com/attila/focalytics/internal/metadata/service.go:377.2,377.16 1 0
github.com/attila/focalytics/internal/metadata/service.go:380.41,382.19 2 0
github.com/attila/focalytics/internal/metadata/service.go:382.19,384.3 1 0
github.com/attila/focalytics/internal/metadata/service.go:385.2,386.16 2 0
github.com/attila/focalytics/internal/metadata/service.go:386.16,388.3 1 0
github.com/attila/focalytics/internal/metadata/service.go:389.2,389.16 1 0
github.com/attila/focalytics/internal/metadata/service.go:392.50,393.55 1 0
github.com/attila/focalytics/internal/metadata/service.go:393.55,395.3 1 0
github.com/attila/focalytics/internal/metadata/service.go:396.2,397.19 2 0
github.com/attila/focalytics/internal/metadata/service.go:397.19,399.3 1 0
github.com/attila/focalytics/internal/metadata/service.go:400.2,401.9 2 0
github.com/attila/focalytics/internal/metadata/service.go:401.9,403.3 1 0
github.com/attila/focalytics/internal/metadata/service.go:404.2,405.16 2 0
github.com/attila/focalytics/internal/metadata/service.go:408.51,410.35 2 0
github.com/attila/focalytics/internal/metadata/service.go:410.35,412.20 2 0
github.com/attila/focalytics/internal/metadata/service.go:412.20,413.12 1 0
github.com/attila/focalytics/internal/metadata/service.go:415.3,415.34 1 0
github.com/attila/focalytics/internal/metadata/service.go:415.34,417.18 2 0
github.com/attila/focalytics/internal/metadata/service.go:417.18,420.5 2 0
github.com/attila/focalytics/internal/metadata/service.go:423.2,423.12 1 0
github.com/attila/focalytics/internal/metadata/service.go:426.40,429.2 2 0
github.com/attila/focalytics/internal/metadata/service.go:431.63,433.2 1 0
github.com/attila/focalytics/internal/metadata/stage.go:15.38,17.2 1 0
github.com/attila/focalytics/internal/metadata/stage.go:19.30,21.2 1 0
github.com/attila/focalytics/internal/metadata/stage.go:23.91,25.9 2 0
github.com/attila/focalytics/internal/metadata/stage.go:25.9,27.3 1 0
github.com/attila/focalytics/internal/metadata/stage.go:28.2,29.9 2 0
github.com/attila/focalytics/internal/metadata/stage.go:29.9,31.3 1 0
github.com/attila/focalytics/internal/metadata/stage.go:33.2,34.16 2 0
github.com/attila/focalytics/internal/metadata/stage.go:34.16,36.3 1 0
github.com/attila/focalytics/internal/metadata/stage.go:37.2,39.82 2 0
github.com/attila/focalytics/internal/metadata/xmp.go:22.47,24.16 2 0
github.com/attila/focalytics/internal/metadata/xmp.go:24.16,26.3 1 0
github.com/attila/focalytics/internal/metadata/xmp.go:28.2,32.6 4 0
github.com/attila/focalytics/internal/metadata/xmp.go:32.6,34.17 2 0
github.com/attila/focalytics/internal/metadata/xmp.go:34.17,35.21 1 0
github.com/attila/focalytics/internal/metadata/xmp.go:35.21,36.10 1 0
github.com/attila/focalytics/internal/metadata/xmp.go:38.4,38.27 1 0
github.com/attila/focalytics/internal/metadata/xmp.go:41.3,41.32 1 0
github.com/attila/focalytics/internal/metadata/xmp.go:42.25,44.41 2 0
github.com/attila/focalytics/internal/metadata/xmp.go:44.41,47.33 3 0
github.com/attila/focalytics/internal/metadata/xmp.go:47.33,48.14 1 0
github.com/attila/focalytics/internal/metadata/xmp.go:50.5,50.42 1 0
github.com/attila/focalytics/internal/metadata/xmp.go:50.42,52.6 1 0
github.com/attila/focalytics/internal/metadata/xmp.go:54.23,55.22 1 0
github.com/attila/focalytics/internal/metadata/xmp.go:55.22,57.5 1 0
github.com/attila/focalytics/internal/metadata/xmp.go:58.21,59.23 1 0
github.com/attila/focalytics/internal/metadata/xmp.go:59.23,60.13 1 0
github.com/attila/focalytics/internal/metadata/xmp.go:62.4,63.19 2 0
github.com/attila/focalytics/internal/metadata/xmp.go:63.19,64.13 1 0
github.com/attila/focalytics/internal/metadata/xmp.go:66.4,67.41 2 0
github.com/attila/focalytics/internal/metadata/xmp.go:67.41,69.5 1 0
github.com/attila/focalytics/internal/metadata/xmp.go:73.2,87.20 10 0
github.com/attila/focalytics/internal/metadata/xmp.go:90.45,91.31 1 0
github.com/attila/focalytics/internal/metadata/xmp.go:91.31,93.20 2 0
github.com/attila/focalytics/internal/metadata/xmp.go:93.20,95.4 1 0
github.com/attila/focalytics/internal/metadata/xmp.go:97.2,97.11 1 0
github.com/attila/focalytics/internal/pipeline/runner.go:19.107,20.17 1 1
github.com/attila/focalytics/internal/pipeline/runner.go:20.17,22.3 1 1
github.com/attila/focalytics/internal/pipeline/runner.go:24.2,29.3 1 1
github.com/attila/focalytics/internal/pipeline/runner.go:32.91,38.33 4 1
github.com/attila/focalytics/internal/pipeline/runner.go:38.33,41.17 3 1
github.com/attila/focalytics/internal/pipeline/runner.go:41.17,44.4 2 1
github.com/attila/focalytics/internal/pipeline/runner.go:45.3,45.62 1 1
github.com/attila/focalytics/internal/pipeline/runner.go:45.62,47.4 1 1
github.com/attila/focalytics/internal/pipeline/runner.go:50.2,52.82 2 1
github.com/attila/focalytics/internal/progress/noop.go:5.38,7.2 1 1
github.com/attila/focalytics/internal/progress/text.go:12.46,13.21 1 0
github.com/attila/focalytics/internal/progress/text.go:13.21,15.3 1 0
github.com/attila/focalytics/internal/progress/text.go:17.2,28.12 2 0
github.com/attila/focalytics/internal/release/checksums.go:11.66,16.21 4 0
github.com/attila/focalytics/internal/release/checksums.go:16.21,19.17 3 0
github.com/attila/focalytics/internal/release/checksums.go:19.17,20.12 1 0
github.com/attila/focalytics/internal/release/checksums.go:23.3,24.23 2 0
github.com/attila/focalytics/internal/release/checksums.go:24.23,26.4 1 0
github.com/attila/focalytics/internal/release/checksums.go:28.3,29.48 2 0
github.com/attila/focalytics/internal/release/checksums.go:29.48,31.4 1 0
github.com/attila/focalytics/internal/release/checksums.go:33.3,33.35 1 0
github.com/attila/focalytics/internal/release/checksums.go:36.2,36.38 1 0
github.com/attila/focalytics/internal/release/checksums.go:36.38,38.3 1 0
github.com/attila/focalytics/internal/release/checksums.go:40.2,40.23 1 0
github.com/attila/focalytics/internal/release/checksums.go:43.98,44.25 1 0
github.com/attila/focalytics/internal/release/checksums.go:44.25,46.3 1 0
github.com/attila/focalytics/internal/release/checksums.go:48.2,49.33 2 0
github.com/attila/focalytics/internal/release/checksums.go:49.33,51.17 2 0
github.com/attila/focalytics/internal/release/checksums.go:51.17,53.4 1 0
github.com/attila/focalytics/internal/release/checksums.go:54.3,54.35 1 0
github.com/attila/focalytics/internal/release/checksums.go:57.2,58.34 2 0
github.com/attila/focalytics/internal/release/checksums.go:58.34,59.41 1 0
github.com/attila/focalytics/internal/release/checksums.go:59.41,61.4 1 0
github.com/attila/focalytics/internal/release/checksums.go:64.2,65.35 2 0
github.com/attila/focalytics/internal/release/checksums.go:65.35,66.40 1 0
github.com/attila/focalytics/internal/release/checksums.go:66.40,68.4 1 0
github.com/attila/focalytics/internal/release/checksums.go:71.2,74.47 3 0
github.com/attila/focalytics/internal/release/checksums.go:74.47,76.3 1 0
github.com/attila/focalytics/internal/release/checksums.go:78.2,79.22 2 0
github.com/attila/focalytics/internal/release/checksums.go:79.22,81.3 1 0
github.com/attila/focalytics/internal/release/checksums.go:82.2,82.25 1 0
github.com/attila/focalytics/internal/release/checksums.go:82.25,84.3 1 0
github.com/attila/focalytics/internal/release/checksums.go:86.2,86.87 1 0
github.com/attila/focalytics/internal/release/contract.go:19.32,28.2 1 0
github.com/attila/focalytics/internal/release/contract.go:30.55,34.19 4 0
github.com/attila/focalytics/internal/release/contract.go:34.19,36.3 1 0
github.com/attila/focalytics/internal/release/contract.go:38.2,38.21 1 0
github.com/attila/focalytics/internal/release/contract.go:41.49,43.16 2 0
github.com/attila/focalytics/internal/release/contract.go:43.16,45.3 1 0
github.com/attila/focalytics/internal/release/contract.go:47.2,47.30 1 0
github.com/attila/focalytics/internal/release/contract.go:50.60,51.42 1 0
github.com/attila/focalytics/internal/release/contract.go:51.42,52.53 1 0
github.com/attila/focalytics/internal/release/contract.go:52.53,54.4 1 0
github.com/attila/focalytics/internal/release/contract.go:57.2,57.71 1 0
github.com/attila/focalytics/internal/release/contract.go:60.70,62.16 2 0
github.com/attila/focalytics/internal/release/contract.go:62.16,64.3 1 0
github.com/attila/focalytics/internal/release/contract.go:66.2,66.93 1 0
github.com/attila/focalytics/internal/release/contract.go:69.70,71.16 2 0
github.com/attila/focalytics/internal/release/contract.go:71.16,73.3 1 0
github.com/attila/focalytics/internal/release/contract.go:75.2,75.44 1 0
github.com/attila/focalytics/internal/release/contract.go:78.43,79.30 1 0
github.com/attila/focalytics/internal/release/contract.go:79.30,81.3 1 0
github.com/attila/focalytics/internal/release/contract.go:83.2,83.19 1 0
github.com/attila/focalytics/internal/release/contract.go:86.59,88.16 2 0
github.com/attila/focalytics/internal/release/contract.go:88.16,90.3 1 0
github.com/attila/focalytics/internal/release/contract.go:92.2,92.73 1 0
github.com/attila/focalytics/internal/release/contract.go:95.77,97.16 2 0
github.com/attila/focalytics/internal/release/contract.go:97.16,99.3 1 0
github.com/attila/focalytics/internal/release/contract.go:101.2,102.16 2 0
github.com/attila/focalytics/internal/release/contract.go:102.16,104.3 1 0
github.com/attila/focalytics/internal/release/contract.go:106.2,106.96 1 0
github.com/attila/focalytics/internal/release/metadata.go:44.128,45.76 1 0
github.com/attila/focalytics/internal/release/metadata.go:45.76,47.3 1 0
github.com/attila/focalytics/internal/release/metadata.go:49.2,50.33 2 0
github.com/attila/focalytics/internal/release/metadata.go:50.33,52.17 2 0
github.com/attila/focalytics/internal/release/metadata.go:52.17,54.4 1 0
github.com/attila/focalytics/internal/release/metadata.go:56.3,57.17 2 0
github.com/attila/focalytics/internal/release/metadata.go:57.17,59.4 1 0
github.com/attila/focalytics/internal/release/metadata.go:61.3,68.5 1 0
github.com/attila/focalytics/internal/release/metadata.go:71.2,71.24 1 0
github.com/attila/focalytics/internal/release/metadata.go:74.105,76.16 2 0
github.com/attila/focalytics/internal/release/metadata.go:76.16,78.3 1 0
github.com/attila/focalytics/internal/release/metadata.go:80.2,81.16 2 0
github.com/attila/focalytics/internal/release/metadata.go:81.16,83.3 1 0
github.com/attila/focalytics/internal/release/metadata.go:85.2,86.16 2 0
github.com/attila/focalytics/internal/release/metadata.go:86.16,88.3 1 0
github.com/attila/focalytics/internal/release/metadata.go:90.2,91.16 2 0
github.com/attila/focalytics/internal/release/metadata.go:91.16,93.3 1 0
github.com/attila/focalytics/internal/release/metadata.go:95.2,95.60 1 0
github.com/attila/focalytics/internal/release/metadata.go:95.60,97.3 1 0
github.com/attila/focalytics/internal/release/metadata.go:98.2,99.16 2 0
github.com/attila/focalytics/internal/release/metadata.go:99.16,101.3 1 0
github.com/attila/focalytics/internal/release/metadata.go:103.2,112.8 1 0
github.com/attila/focalytics/internal/release/metadata.go:115.101,117.16 2 0
github.com/attila/focalytics/internal/release/metadata.go:117.16,119.3 1 0
github.com/attila/focalytics/internal/release/metadata.go:121.2,122.16 2 0
github.com/attila/focalytics/internal/release/metadata.go:122.16,124.3 1 0
github.com/attila/focalytics/internal/release/metadata.go:126.2,127.16 2 0
github.com/attila/focalytics/internal/release/metadata.go:127.16,129.3 1 0
github.com/attila/focalytics/internal/release/metadata.go:131.2,132.16 2 0
github.com/attila/focalytics/internal/release/metadata.go:132.16,134.3 1 0
github.com/attila/focalytics/internal/release/metadata.go:136.2,136.59 1 0
github.com/attila/focalytics/internal/release/metadata.go:136.59,138.3 1 0
github.com/attila/focalytics/internal/release/metadata.go:139.2,139.125 1 0
github.com/attila/focalytics/internal/release/metadata.go:139.125,141.3 1 0
github.com/attila/focalytics/internal/release/metadata.go:143.2,144.40 2 0
github.com/attila/focalytics/internal/release/metadata.go:144.40,146.17 2 0
github.com/attila/focalytics/internal/release/metadata.go:146.17,148.4 1 0
github.com/attila/focalytics/internal/release/metadata.go:150.3,151.17 2 0
github.com/attila/focalytics/internal/release/metadata.go:151.17,153.4 1 0
github.com/attila/focalytics/internal/release/metadata.go:155.3,162.5 1 0
github.com/attila/focalytics/internal/release/metadata.go:165.2,173.8 1 0
github.com/attila/focalytics/internal/release/metadata.go:176.56,179.33 3 0
github.com/attila/focalytics/internal/release/metadata.go:179.33,180.22 1 0
github.com/attila/focalytics/internal/release/metadata.go:180.22,182.4 1 0
github.com/attila/focalytics/internal/release/metadata.go:185.2,185.17 1 0
github.com/attila/focalytics/internal/release/metadata.go:188.103,190.33 2 0
github.com/attila/focalytics/internal/release/metadata.go:190.33,192.17 2 0
github.com/attila/focalytics/internal/release/metadata.go:192.17,193.12 1 0
github.com/attila/focalytics/internal/release/metadata.go:195.3,195.47 1 0
github.com/attila/focalytics/internal/release/metadata.go:195.47,197.4 1 0
github.com/attila/focalytics/internal/release/metadata.go:200.2,200.15 1 0
github.com/attila/focalytics/tools/releasegen/main.go:21.13,22.22 1 0
github.com/attila/focalytics/tools/releasegen/main.go:22.22,24.3 1 0
github.com/attila/focalytics/tools/releasegen/main.go:26.2,27.20 2 0
github.com/attila/focalytics/tools/releasegen/main.go:28.20,29.34 1 0
github.com/attila/focalytics/tools/releasegen/main.go:30.16,31.31 1 0
github.com/attila/focalytics/tools/releasegen/main.go:32.18,33.33 1 0
github.com/attila/focalytics/tools/releasegen/main.go:34.10,35.56 1 0
github.com/attila/focalytics/tools/releasegen/main.go:38.2,38.16 1 0
github.com/attila/focalytics/tools/releasegen/main.go:38.16,40.3 1 0
github.com/attila/focalytics/tools/releasegen/main.go:43.40,50.42 7 0
github.com/attila/focalytics/tools/releasegen/main.go:50.42,52.3 1 0
github.com/attila/focalytics/tools/releasegen/main.go:54.2,54.27 1 0
github.com/attila/focalytics/tools/releasegen/main.go:54.27,56.17 2 0
github.com/attila/focalytics/tools/releasegen/main.go:56.17,58.4 1 0
github.com/attila/focalytics/tools/releasegen/main.go:59.3,60.13 2 0
github.com/attila/focalytics/tools/releasegen/main.go:63.2,64.16 2 0
github.com/attila/focalytics/tools/releasegen/main.go:64.16,66.3 1 0
github.com/attila/focalytics/tools/releasegen/main.go:68.2,68.16 1 0
github.com/attila/focalytics/tools/releasegen/main.go:69.17,71.17 2 0
github.com/attila/focalytics/tools/releasegen/main.go:71.17,73.4 1 0
github.com/attila/focalytics/tools/releasegen/main.go:74.3,75.13 2 0
github.com/attila/focalytics/tools/releasegen/main.go:76.16,78.13 2 0
github.com/attila/focalytics/tools/releasegen/main.go:79.14,81.17 2 0
github.com/attila/focalytics/tools/releasegen/main.go:81.17,83.4 1 0
github.com/attila/focalytics/tools/releasegen/main.go:84.3,85.13 2 0
github.com/attila/focalytics/tools/releasegen/main.go:86.10,87.52 1 0
github.com/attila/focalytics/tools/releasegen/main.go:91.37,96.42 5 0
github.com/attila/focalytics/tools/releasegen/main.go:96.42,98.3 1 0
github.com/attila/focalytics/tools/releasegen/main.go:100.2,101.16 2 0
github.com/attila/focalytics/tools/releasegen/main.go:101.16,103.3 1 0
github.com/attila/focalytics/tools/releasegen/main.go:105.2,105.86 1 0
github.com/attila/focalytics/tools/releasegen/main.go:108.39,115.42 7 0
github.com/attila/focalytics/tools/releasegen/main.go:115.42,117.3 1 0
github.com/attila/focalytics/tools/releasegen/main.go:119.2,119.19 1 0
github.com/attila/focalytics/tools/releasegen/main.go:119.19,121.3 1 0
github.com/attila/focalytics/tools/releasegen/main.go:123.2,124.16 2 0
github.com/attila/focalytics/tools/releasegen/main.go:124.16,126.3 1 0
github.com/attila/focalytics/tools/releasegen/main.go:128.2,129.16 2 0
github.com/attila/focalytics/tools/releasegen/main.go:129.16,131.3 1 0
github.com/attila/focalytics/tools/releasegen/main.go:133.2,134.16 2 0
github.com/attila/focalytics/tools/releasegen/main.go:134.16,136.3 1 0
github.com/attila/focalytics/tools/releasegen/main.go:138.2,138.52 1 0
github.com/attila/focalytics/tools/releasegen/main.go:138.52,140.3 1 0
github.com/attila/focalytics/tools/releasegen/main.go:142.2,142.98 1 0
github.com/attila/focalytics/tools/releasegen/main.go:142.98,144.3 1 0
github.com/attila/focalytics/tools/releasegen/main.go:146.2,146.96 1 0
github.com/attila/focalytics/tools/releasegen/main.go:146.96,148.3 1 0
github.com/attila/focalytics/tools/releasegen/main.go:150.2,150.12 1 0
github.com/attila/focalytics/tools/releasegen/main.go:153.60,154.16 1 0
github.com/attila/focalytics/tools/releasegen/main.go:154.16,156.3 1 0
github.com/attila/focalytics/tools/releasegen/main.go:158.2,159.16 2 0
github.com/attila/focalytics/tools/releasegen/main.go:159.16,161.3 1 0
github.com/attila/focalytics/tools/releasegen/main.go:163.2,163.57 1 0
github.com/attila/focalytics/tools/releasegen/main.go:166.46,168.16 2 0
github.com/attila/focalytics/tools/releasegen/main.go:168.16,170.3 1 0
github.com/attila/focalytics/tools/releasegen/main.go:172.2,173.43 2 0
github.com/attila/focalytics/tools/releasegen/main.go:176.31,179.2 2 0
