mode: set
github.com/attila/focalytics/main.go:11.13,13.2 1 1
github.com/attila/focalytics/main.go:15.79,17.2 1 1
github.com/attila/focalytics/cmd/root.go:20.101,36.2 6 1
github.com/attila/focalytics/cmd/root.go:38.76,47.108 5 1
github.com/attila/focalytics/cmd/root.go:47.108,49.3 1 1
github.com/attila/focalytics/cmd/root.go:50.2,52.42 2 1
github.com/attila/focalytics/cmd/root.go:52.42,55.3 2 0
github.com/attila/focalytics/cmd/root.go:57.2,57.27 1 1
github.com/attila/focalytics/cmd/run.go:14.100,27.2 4 1
github.com/attila/focalytics/cmd/run.go:29.122,30.53 1 1
github.com/attila/focalytics/cmd/run.go:30.53,32.17 2 1
github.com/attila/focalytics/cmd/run.go:32.17,34.4 1 0
github.com/attila/focalytics/cmd/run.go:36.3,37.17 2 1
github.com/attila/focalytics/cmd/run.go:37.17,39.4 1 0
github.com/attila/focalytics/cmd/run.go:41.3,41.44 1 1
github.com/attila/focalytics/cmd/run.go:41.44,43.4 1 0
github.com/attila/focalytics/cmd/run.go:45.3,45.13 1 1
github.com/attila/focalytics/cmd/run.go:49.82,50.20 1 1
github.com/attila/focalytics/cmd/run.go:50.20,52.3 1 0
github.com/attila/focalytics/cmd/run.go:54.2,56.16 3 1
github.com/attila/focalytics/cmd/run.go:56.16,58.3 1 0
github.com/attila/focalytics/cmd/run.go:59.2,59.19 1 1
github.com/attila/focalytics/cmd/run.go:59.19,61.3 1 0
github.com/attila/focalytics/cmd/run.go:63.2,68.8 1 1
github.com/attila/focalytics/internal/app/context.go:41.115,48.2 1 1
github.com/attila/focalytics/internal/app/exitcodes.go:19.39,21.2 1 0
github.com/attila/focalytics/internal/app/exitcodes.go:23.39,25.2 1 0
github.com/attila/focalytics/internal/app/exitcodes.go:27.37,33.2 1 1
github.com/attila/focalytics/internal/app/exitcodes.go:35.54,36.16 1 0
github.com/attila/focalytics/internal/app/exitcodes.go:36.16,38.3 1 0
github.com/attila/focalytics/internal/app/exitcodes.go:40.2,40.44 1 0
github.com/attila/focalytics/internal/app/exitcodes.go:43.41,45.2 1 0
github.com/attila/focalytics/internal/app/exitcodes.go:47.43,49.2 1 0
github.com/attila/focalytics/internal/app/exitcodes.go:51.57,52.16 1 0
github.com/attila/focalytics/internal/app/exitcodes.go:52.16,54.3 1 0
github.com/attila/focalytics/internal/app/exitcodes.go:56.2,57.28 2 0
github.com/attila/focalytics/internal/app/exitcodes.go:57.28,59.3 1 0
github.com/attila/focalytics/internal/app/exitcodes.go:61.2,61.30 1 0
github.com/attila/focalytics/internal/pipeline/runner.go:19.107,20.17 1 1
github.com/attila/focalytics/internal/pipeline/runner.go:20.17,22.3 1 0
github.com/attila/focalytics/internal/pipeline/runner.go:24.2,29.3 1 1
github.com/attila/focalytics/internal/pipeline/runner.go:32.91,38.33 4 1
github.com/attila/focalytics/internal/pipeline/runner.go:38.33,41.17 3 0
github.com/attila/focalytics/internal/pipeline/runner.go:41.17,44.4 2 0
github.com/attila/focalytics/internal/pipeline/runner.go:45.3,45.62 1 0
github.com/attila/focalytics/internal/pipeline/runner.go:45.62,47.4 1 0
github.com/attila/focalytics/internal/pipeline/runner.go:50.2,52.82 2 1
github.com/attila/focalytics/internal/progress/noop.go:5.38,7.2 1 1
github.com/attila/focalytics/internal/release/checksums.go:11.66,16.21 4 0
github.com/attila/focalytics/internal/release/checksums.go:16.21,19.17 3 0
github.com/attila/focalytics/internal/release/checksums.go:19.17,20.12 1 0
github.com/attila/focalytics/internal/release/checksums.go:23.3,24.23 2 0
github.com/attila/focalytics/internal/release/checksums.go:24.23,26.4 1 0
github.com/attila/focalytics/internal/release/checksums.go:28.3,29.48 2 0
github.com/attila/focalytics/internal/release/checksums.go:29.48,31.4 1 0
github.com/attila/focalytics/internal/release/checksums.go:33.3,33.35 1 0
github.com/attila/focalytics/internal/release/checksums.go:36.2,36.38 1 0
github.com/attila/focalytics/internal/release/checksums.go:36.38,38.3 1 0
github.com/attila/focalytics/internal/release/checksums.go:40.2,40.23 1 0
github.com/attila/focalytics/internal/release/checksums.go:43.98,44.25 1 0
github.com/attila/focalytics/internal/release/checksums.go:44.25,46.3 1 0
github.com/attila/focalytics/internal/release/checksums.go:48.2,49.33 2 0
github.com/attila/focalytics/internal/release/checksums.go:49.33,51.17 2 0
github.com/attila/focalytics/internal/release/checksums.go:51.17,53.4 1 0
github.com/attila/focalytics/internal/release/checksums.go:54.3,54.35 1 0
github.com/attila/focalytics/internal/release/checksums.go:57.2,58.34 2 0
github.com/attila/focalytics/internal/release/checksums.go:58.34,59.41 1 0
github.com/attila/focalytics/internal/release/checksums.go:59.41,61.4 1 0
github.com/attila/focalytics/internal/release/checksums.go:64.2,65.35 2 0
github.com/attila/focalytics/internal/release/checksums.go:65.35,66.40 1 0
github.com/attila/focalytics/internal/release/checksums.go:66.40,68.4 1 0
github.com/attila/focalytics/internal/release/checksums.go:71.2,74.47 3 0
github.com/attila/focalytics/internal/release/checksums.go:74.47,76.3 1 0
github.com/attila/focalytics/internal/release/checksums.go:78.2,79.22 2 0
github.com/attila/focalytics/internal/release/checksums.go:79.22,81.3 1 0
github.com/attila/focalytics/internal/release/checksums.go:82.2,82.25 1 0
github.com/attila/focalytics/internal/release/checksums.go:82.25,84.3 1 0
github.com/attila/focalytics/internal/release/checksums.go:86.2,86.87 1 0
github.com/attila/focalytics/internal/release/contract.go:19.32,28.2 1 0
github.com/attila/focalytics/internal/release/contract.go:30.55,34.19 4 0
github.com/attila/focalytics/internal/release/contract.go:34.19,36.3 1 0
github.com/attila/focalytics/internal/release/contract.go:38.2,38.21 1 0
github.com/attila/focalytics/internal/release/contract.go:41.49,43.16 2 0
github.com/attila/focalytics/internal/release/contract.go:43.16,45.3 1 0
github.com/attila/focalytics/internal/release/contract.go:47.2,47.30 1 0
github.com/attila/focalytics/internal/release/contract.go:50.60,51.42 1 0
github.com/attila/focalytics/internal/release/contract.go:51.42,52.53 1 0
github.com/attila/focalytics/internal/release/contract.go:52.53,54.4 1 0
github.com/attila/focalytics/internal/release/contract.go:57.2,57.71 1 0
github.com/attila/focalytics/internal/release/contract.go:60.70,62.16 2 0
github.com/attila/focalytics/internal/release/contract.go:62.16,64.3 1 0
github.com/attila/focalytics/internal/release/contract.go:66.2,66.93 1 0
github.com/attila/focalytics/internal/release/contract.go:69.70,71.16 2 0
github.com/attila/focalytics/internal/release/contract.go:71.16,73.3 1 0
github.com/attila/focalytics/internal/release/contract.go:75.2,75.44 1 0
github.com/attila/focalytics/internal/release/contract.go:78.43,79.30 1 0
github.com/attila/focalytics/internal/release/contract.go:79.30,81.3 1 0
github.com/attila/focalytics/internal/release/contract.go:83.2,83.19 1 0
github.com/attila/focalytics/internal/release/contract.go:86.59,88.16 2 0
github.com/attila/focalytics/internal/release/contract.go:88.16,90.3 1 0
github.com/attila/focalytics/internal/release/contract.go:92.2,92.73 1 0
github.com/attila/focalytics/internal/release/contract.go:95.77,97.16 2 0
github.com/attila/focalytics/internal/release/contract.go:97.16,99.3 1 0
github.com/attila/focalytics/internal/release/contract.go:101.2,102.16 2 0
github.com/attila/focalytics/internal/release/contract.go:102.16,104.3 1 0
github.com/attila/focalytics/internal/release/contract.go:106.2,106.96 1 0
github.com/attila/focalytics/internal/release/metadata.go:44.128,45.76 1 0
github.com/attila/focalytics/internal/release/metadata.go:45.76,47.3 1 0
github.com/attila/focalytics/internal/release/metadata.go:49.2,50.33 2 0
github.com/attila/focalytics/internal/release/metadata.go:50.33,52.17 2 0
github.com/attila/focalytics/internal/release/metadata.go:52.17,54.4 1 0
github.com/attila/focalytics/internal/release/metadata.go:56.3,57.17 2 0
github.com/attila/focalytics/internal/release/metadata.go:57.17,59.4 1 0
github.com/attila/focalytics/internal/release/metadata.go:61.3,68.5 1 0
github.com/attila/focalytics/internal/release/metadata.go:71.2,71.24 1 0
github.com/attila/focalytics/internal/release/metadata.go:74.105,76.16 2 0
github.com/attila/focalytics/internal/release/metadata.go:76.16,78.3 1 0
github.com/attila/focalytics/internal/release/metadata.go:80.2,81.16 2 0
github.com/attila/focalytics/internal/release/metadata.go:81.16,83.3 1 0
github.com/attila/focalytics/internal/release/metadata.go:85.2,86.16 2 0
github.com/attila/focalytics/internal/release/metadata.go:86.16,88.3 1 0
github.com/attila/focalytics/internal/release/metadata.go:90.2,91.16 2 0
github.com/attila/focalytics/internal/release/metadata.go:91.16,93.3 1 0
github.com/attila/focalytics/internal/release/metadata.go:95.2,95.60 1 0
github.com/attila/focalytics/internal/release/metadata.go:95.60,97.3 1 0
github.com/attila/focalytics/internal/release/metadata.go:98.2,99.16 2 0
github.com/attila/focalytics/internal/release/metadata.go:99.16,101.3 1 0
github.com/attila/focalytics/internal/release/metadata.go:103.2,112.8 1 0
github.com/attila/focalytics/internal/release/metadata.go:115.101,117.16 2 0
github.com/attila/focalytics/internal/release/metadata.go:117.16,119.3 1 0
github.com/attila/focalytics/internal/release/metadata.go:121.2,122.16 2 0
github.com/attila/focalytics/internal/release/metadata.go:122.16,124.3 1 0
github.com/attila/focalytics/internal/release/metadata.go:126.2,127.16 2 0
github.com/attila/focalytics/internal/release/metadata.go:127.16,129.3 1 0
github.com/attila/focalytics/internal/release/metadata.go:131.2,132.16 2 0
github.com/attila/focalytics/internal/release/metadata.go:132.16,134.3 1 0
github.com/attila/focalytics/internal/release/metadata.go:136.2,136.59 1 0
github.com/attila/focalytics/internal/release/metadata.go:136.59,138.3 1 0
github.com/attila/focalytics/internal/release/metadata.go:139.2,139.125 1 0
github.com/attila/focalytics/internal/release/metadata.go:139.125,141.3 1 0
github.com/attila/focalytics/internal/release/metadata.go:143.2,144.40 2 0
github.com/attila/focalytics/internal/release/metadata.go:144.40,146.17 2 0
github.com/attila/focalytics/internal/release/metadata.go:146.17,148.4 1 0
github.com/attila/focalytics/internal/release/metadata.go:150.3,151.17 2 0
github.com/attila/focalytics/internal/release/metadata.go:151.17,153.4 1 0
github.com/attila/focalytics/internal/release/metadata.go:155.3,162.5 1 0
github.com/attila/focalytics/internal/release/metadata.go:165.2,173.8 1 0
github.com/attila/focalytics/internal/release/metadata.go:176.56,179.33 3 0
github.com/attila/focalytics/internal/release/metadata.go:179.33,180.22 1 0
github.com/attila/focalytics/internal/release/metadata.go:180.22,182.4 1 0
github.com/attila/focalytics/internal/release/metadata.go:185.2,185.17 1 0
github.com/attila/focalytics/internal/release/metadata.go:188.103,190.33 2 0
github.com/attila/focalytics/internal/release/metadata.go:190.33,192.17 2 0
github.com/attila/focalytics/internal/release/metadata.go:192.17,193.12 1 0
github.com/attila/focalytics/internal/release/metadata.go:195.3,195.47 1 0
github.com/attila/focalytics/internal/release/metadata.go:195.47,197.4 1 0
github.com/attila/focalytics/internal/release/metadata.go:200.2,200.15 1 0
github.com/attila/focalytics/tools/releasegen/main.go:21.13,22.22 1 0
github.com/attila/focalytics/tools/releasegen/main.go:22.22,24.3 1 0
github.com/attila/focalytics/tools/releasegen/main.go:26.2,27.20 2 0
github.com/attila/focalytics/tools/releasegen/main.go:28.20,29.34 1 0
github.com/attila/focalytics/tools/releasegen/main.go:30.16,31.31 1 0
github.com/attila/focalytics/tools/releasegen/main.go:32.18,33.33 1 0
github.com/attila/focalytics/tools/releasegen/main.go:34.10,35.56 1 0
github.com/attila/focalytics/tools/releasegen/main.go:38.2,38.16 1 0
github.com/attila/focalytics/tools/releasegen/main.go:38.16,40.3 1 0
github.com/attila/focalytics/tools/releasegen/main.go:43.40,50.42 7 0
github.com/attila/focalytics/tools/releasegen/main.go:50.42,52.3 1 0
github.com/attila/focalytics/tools/releasegen/main.go:54.2,54.27 1 0
github.com/attila/focalytics/tools/releasegen/main.go:54.27,56.17 2 0
github.com/attila/focalytics/tools/releasegen/main.go:56.17,58.4 1 0
github.com/attila/focalytics/tools/releasegen/main.go:59.3,60.13 2 0
github.com/attila/focalytics/tools/releasegen/main.go:63.2,64.16 2 0
github.com/attila/focalytics/tools/releasegen/main.go:64.16,66.3 1 0
github.com/attila/focalytics/tools/releasegen/main.go:68.2,68.16 1 0
github.com/attila/focalytics/tools/releasegen/main.go:69.17,71.17 2 0
github.com/attila/focalytics/tools/releasegen/main.go:71.17,73.4 1 0
github.com/attila/focalytics/tools/releasegen/main.go:74.3,75.13 2 0
github.com/attila/focalytics/tools/releasegen/main.go:76.16,78.13 2 0
github.com/attila/focalytics/tools/releasegen/main.go:79.14,81.17 2 0
github.com/attila/focalytics/tools/releasegen/main.go:81.17,83.4 1 0
github.com/attila/focalytics/tools/releasegen/main.go:84.3,85.13 2 0
github.com/attila/focalytics/tools/releasegen/main.go:86.10,87.52 1 0
github.com/attila/focalytics/tools/releasegen/main.go:91.37,96.42 5 0
github.com/attila/focalytics/tools/releasegen/main.go:96.42,98.3 1 0
github.com/attila/focalytics/tools/releasegen/main.go:100.2,101.16 2 0
github.com/attila/focalytics/tools/releasegen/main.go:101.16,103.3 1 0
github.com/attila/focalytics/tools/releasegen/main.go:105.2,105.86 1 0
github.com/attila/focalytics/tools/releasegen/main.go:108.39,115.42 7 0
github.com/attila/focalytics/tools/releasegen/main.go:115.42,117.3 1 0
github.com/attila/focalytics/tools/releasegen/main.go:119.2,119.19 1 0
github.com/attila/focalytics/tools/releasegen/main.go:119.19,121.3 1 0
github.com/attila/focalytics/tools/releasegen/main.go:123.2,124.16 2 0
github.com/attila/focalytics/tools/releasegen/main.go:124.16,126.3 1 0
github.com/attila/focalytics/tools/releasegen/main.go:128.2,129.16 2 0
github.com/attila/focalytics/tools/releasegen/main.go:129.16,131.3 1 0
github.com/attila/focalytics/tools/releasegen/main.go:133.2,134.16 2 0
github.com/attila/focalytics/tools/releasegen/main.go:134.16,136.3 1 0
github.com/attila/focalytics/tools/releasegen/main.go:138.2,138.52 1 0
github.com/attila/focalytics/tools/releasegen/main.go:138.52,140.3 1 0
github.com/attila/focalytics/tools/releasegen/main.go:142.2,142.98 1 0
github.com/attila/focalytics/tools/releasegen/main.go:142.98,144.3 1 0
github.com/attila/focalytics/tools/releasegen/main.go:146.2,146.96 1 0
github.com/attila/focalytics/tools/releasegen/main.go:146.96,148.3 1 0
github.com/attila/focalytics/tools/releasegen/main.go:150.2,150.12 1 0
github.com/attila/focalytics/tools/releasegen/main.go:153.60,154.16 1 0
github.com/attila/focalytics/tools/releasegen/main.go:154.16,156.3 1 0
github.com/attila/focalytics/tools/releasegen/main.go:158.2,159.16 2 0
github.com/attila/focalytics/tools/releasegen/main.go:159.16,161.3 1 0
github.com/attila/focalytics/tools/releasegen/main.go:163.2,163.57 1 0
github.com/attila/focalytics/tools/releasegen/main.go:166.46,168.16 2 0
github.com/attila/focalytics/tools/releasegen/main.go:168.16,170.3 1 0
github.com/attila/focalytics/tools/releasegen/main.go:172.2,173.43 2 0
github.com/attila/focalytics/tools/releasegen/main.go:176.31,179.2 2 0
github.com/attila/focalytics/main.go:11.13,13.2 1 0
github.com/attila/focalytics/main.go:15.79,17.2 1 0
github.com/attila/focalytics/cmd/root.go:20.101,36.2 6 1
github.com/attila/focalytics/cmd/root.go:38.76,47.108 5 1
github.com/attila/focalytics/cmd/root.go:47.108,49.3 1 0
github.com/attila/focalytics/cmd/root.go:50.2,52.42 2 1
github.com/attila/focalytics/cmd/root.go:52.42,55.3 2 1
github.com/attila/focalytics/cmd/root.go:57.2,57.27 1 0
github.com/attila/focalytics/cmd/run.go:14.100,27.2 4 1
github.com/attila/focalytics/cmd/run.go:29.122,30.53 1 1
github.com/attila/focalytics/cmd/run.go:30.53,32.17 2 1
github.com/attila/focalytics/cmd/run.go:32.17,34.4 1 1
github.com/attila/focalytics/cmd/run.go:36.3,37.17 2 1
github.com/attila/focalytics/cmd/run.go:37.17,39.4 1 0
github.com/attila/focalytics/cmd/run.go:41.3,41.44 1 1
github.com/attila/focalytics/cmd/run.go:41.44,43.4 1 0
github.com/attila/focalytics/cmd/run.go:45.3,45.13 1 1
github.com/attila/focalytics/cmd/run.go:49.82,50.20 1 1
github.com/attila/focalytics/cmd/run.go:50.20,52.3 1 1
github.com/attila/focalytics/cmd/run.go:54.2,56.16 3 1
github.com/attila/focalytics/cmd/run.go:56.16,58.3 1 1
github.com/attila/focalytics/cmd/run.go:59.2,59.19 1 1
github.com/attila/focalytics/cmd/run.go:59.19,61.3 1 0
github.com/attila/focalytics/cmd/run.go:63.2,68.8 1 1
github.com/attila/focalytics/internal/app/context.go:41.115,48.2 1 0
github.com/attila/focalytics/internal/app/exitcodes.go:19.39,21.2 1 1
github.com/attila/focalytics/internal/app/exitcodes.go:23.39,25.2 1 1
github.com/attila/focalytics/internal/app/exitcodes.go:27.37,33.2 1 1
github.com/attila/focalytics/internal/app/exitcodes.go:35.54,36.16 1 1
github.com/attila/focalytics/internal/app/exitcodes.go:36.16,38.3 1 0
github.com/attila/focalytics/internal/app/exitcodes.go:40.2,40.44 1 1
github.com/attila/focalytics/internal/app/exitcodes.go:43.41,45.2 1 1
github.com/attila/focalytics/internal/app/exitcodes.go:47.43,49.2 1 0
github.com/attila/focalytics/internal/app/exitcodes.go:51.57,52.16 1 1
github.com/attila/focalytics/internal/app/exitcodes.go:52.16,54.3 1 0
github.com/attila/focalytics/internal/app/exitcodes.go:56.2,57.28 2 1
github.com/attila/focalytics/internal/app/exitcodes.go:57.28,59.3 1 1
github.com/attila/focalytics/internal/app/exitcodes.go:61.2,61.30 1 0
github.com/attila/focalytics/internal/pipeline/runner.go:19.107,20.17 1 1
github.com/attila/focalytics/internal/pipeline/runner.go:20.17,22.3 1 0
github.com/attila/focalytics/internal/pipeline/runner.go:24.2,29.3 1 1
github.com/attila/focalytics/internal/pipeline/runner.go:32.91,38.33 4 0
github.com/attila/focalytics/internal/pipeline/runner.go:38.33,41.17 3 0
github.com/attila/focalytics/internal/pipeline/runner.go:41.17,44.4 2 0
github.com/attila/focalytics/internal/pipeline/runner.go:45.3,45.62 1 0
github.com/attila/focalytics/internal/pipeline/runner.go:45.62,47.4 1 0
github.com/attila/focalytics/internal/pipeline/runner.go:50.2,52.82 2 0
github.com/attila/focalytics/internal/progress/noop.go:5.38,7.2 1 0
github.com/attila/focalytics/internal/release/checksums.go:11.66,16.21 4 0
github.com/attila/focalytics/internal/release/checksums.go:16.21,19.17 3 0
github.com/attila/focalytics/internal/release/checksums.go:19.17,20.12 1 0
github.com/attila/focalytics/internal/release/checksums.go:23.3,24.23 2 0
github.com/attila/focalytics/internal/release/checksums.go:24.23,26.4 1 0
github.com/attila/focalytics/internal/release/checksums.go:28.3,29.48 2 0
github.com/attila/focalytics/internal/release/checksums.go:29.48,31.4 1 0
github.com/attila/focalytics/internal/release/checksums.go:33.3,33.35 1 0
github.com/attila/focalytics/internal/release/checksums.go:36.2,36.38 1 0
github.com/attila/focalytics/internal/release/checksums.go:36.38,38.3 1 0
github.com/attila/focalytics/internal/release/checksums.go:40.2,40.23 1 0
github.com/attila/focalytics/internal/release/checksums.go:43.98,44.25 1 0
github.com/attila/focalytics/internal/release/checksums.go:44.25,46.3 1 0
github.com/attila/focalytics/internal/release/checksums.go:48.2,49.33 2 0
github.com/attila/focalytics/internal/release/checksums.go:49.33,51.17 2 0
github.com/attila/focalytics/internal/release/checksums.go:51.17,53.4 1 0
github.com/attila/focalytics/internal/release/checksums.go:54.3,54.35 1 0
github.com/attila/focalytics/internal/release/checksums.go:57.2,58.34 2 0
github.com/attila/focalytics/internal/release/checksums.go:58.34,59.41 1 0
github.com/attila/focalytics/internal/release/checksums.go:59.41,61.4 1 0
github.com/attila/focalytics/internal/release/checksums.go:64.2,65.35 2 0
github.com/attila/focalytics/internal/release/checksums.go:65.35,66.40 1 0
github.com/attila/focalytics/internal/release/checksums.go:66.40,68.4 1 0
github.com/attila/focalytics/internal/release/checksums.go:71.2,74.47 3 0
github.com/attila/focalytics/internal/release/checksums.go:74.47,76.3 1 0
github.com/attila/focalytics/internal/release/checksums.go:78.2,79.22 2 0
github.com/attila/focalytics/internal/release/checksums.go:79.22,81.3 1 0
github.com/attila/focalytics/internal/release/checksums.go:82.2,82.25 1 0
github.com/attila/focalytics/internal/release/checksums.go:82.25,84.3 1 0
github.com/attila/focalytics/internal/release/checksums.go:86.2,86.87 1 0
github.com/attila/focalytics/internal/release/contract.go:19.32,28.2 1 0
github.com/attila/focalytics/internal/release/contract.go:30.55,34.19 4 0
github.com/attila/focalytics/internal/release/contract.go:34.19,36.3 1 0
github.com/attila/focalytics/internal/release/contract.go:38.2,38.21 1 0
github.com/attila/focalytics/internal/release/contract.go:41.49,43.16 2 0
github.com/attila/focalytics/internal/release/contract.go:43.16,45.3 1 0
github.com/attila/focalytics/internal/release/contract.go:47.2,47.30 1 0
github.com/attila/focalytics/internal/release/contract.go:50.60,51.42 1 0
github.com/attila/focalytics/internal/release/contract.go:51.42,52.53 1 0
github.com/attila/focalytics/internal/release/contract.go:52.53,54.4 1 0
github.com/attila/focalytics/internal/release/contract.go:57.2,57.71 1 0
github.com/attila/focalytics/internal/release/contract.go:60.70,62.16 2 0
github.com/attila/focalytics/internal/release/contract.go:62.16,64.3 1 0
github.com/attila/focalytics/internal/release/contract.go:66.2,66.93 1 0
github.com/attila/focalytics/internal/release/contract.go:69.70,71.16 2 0
github.com/attila/focalytics/internal/release/contract.go:71.16,73.3 1 0
github.com/attila/focalytics/internal/release/contract.go:75.2,75.44 1 0
github.com/attila/focalytics/internal/release/contract.go:78.43,79.30 1 0
github.com/attila/focalytics/internal/release/contract.go:79.30,81.3 1 0
github.com/attila/focalytics/internal/release/contract.go:83.2,83.19 1 0
github.com/attila/focalytics/internal/release/contract.go:86.59,88.16 2 0
github.com/attila/focalytics/internal/release/contract.go:88.16,90.3 1 0
github.com/attila/focalytics/internal/release/contract.go:92.2,92.73 1 0
github.com/attila/focalytics/internal/release/contract.go:95.77,97.16 2 0
github.com/attila/focalytics/internal/release/contract.go:97.16,99.3 1 0
github.com/attila/focalytics/internal/release/contract.go:101.2,102.16 2 0
github.com/attila/focalytics/internal/release/contract.go:102.16,104.3 1 0
github.com/attila/focalytics/internal/release/contract.go:106.2,106.96 1 0
github.com/attila/focalytics/internal/release/metadata.go:44.128,45.76 1 0
github.com/attila/focalytics/internal/release/metadata.go:45.76,47.3 1 0
github.com/attila/focalytics/internal/release/metadata.go:49.2,50.33 2 0
github.com/attila/focalytics/internal/release/metadata.go:50.33,52.17 2 0
github.com/attila/focalytics/internal/release/metadata.go:52.17,54.4 1 0
github.com/attila/focalytics/internal/release/metadata.go:56.3,57.17 2 0
github.com/attila/focalytics/internal/release/metadata.go:57.17,59.4 1 0
github.com/attila/focalytics/internal/release/metadata.go:61.3,68.5 1 0
github.com/attila/focalytics/internal/release/metadata.go:71.2,71.24 1 0
github.com/attila/focalytics/internal/release/metadata.go:74.105,76.16 2 0
github.com/attila/focalytics/internal/release/metadata.go:76.16,78.3 1 0
github.com/attila/focalytics/internal/release/metadata.go:80.2,81.16 2 0
github.com/attila/focalytics/internal/release/metadata.go:81.16,83.3 1 0
github.com/attila/focalytics/internal/release/metadata.go:85.2,86.16 2 0
github.com/attila/focalytics/internal/release/metadata.go:86.16,88.3 1 0
github.com/attila/focalytics/internal/release/metadata.go:90.2,91.16 2 0
github.com/attila/focalytics/internal/release/metadata.go:91.16,93.3 1 0
github.com/attila/focalytics/internal/release/metadata.go:95.2,95.60 1 0
github.com/attila/focalytics/internal/release/metadata.go:95.60,97.3 1 0
github.com/attila/focalytics/internal/release/metadata.go:98.2,99.16 2 0
github.com/attila/focalytics/internal/release/metadata.go:99.16,101.3 1 0
github.com/attila/focalytics/internal/release/metadata.go:103.2,112.8 1 0
github.com/attila/focalytics/internal/release/metadata.go:115.101,117.16 2 0
github.com/attila/focalytics/internal/release/metadata.go:117.16,119.3 1 0
github.com/attila/focalytics/internal/release/metadata.go:121.2,122.16 2 0
github.com/attila/focalytics/internal/release/metadata.go:122.16,124.3 1 0
github.com/attila/focalytics/internal/release/metadata.go:126.2,127.16 2 0
github.com/attila/focalytics/internal/release/metadata.go:127.16,129.3 1 0
github.com/attila/focalytics/internal/release/metadata.go:131.2,132.16 2 0
github.com/attila/focalytics/internal/release/metadata.go:132.16,134.3 1 0
github.com/attila/focalytics/internal/release/metadata.go:136.2,136.59 1 0
github.com/attila/focalytics/internal/release/metadata.go:136.59,138.3 1 0
github.com/attila/focalytics/internal/release/metadata.go:139.2,139.125 1 0
github.com/attila/focalytics/internal/release/metadata.go:139.125,141.3 1 0
github.com/attila/focalytics/internal/release/metadata.go:143.2,144.40 2 0
github.com/attila/focalytics/internal/release/metadata.go:144.40,146.17 2 0
github.com/attila/focalytics/internal/release/metadata.go:146.17,148.4 1 0
github.com/attila/focalytics/internal/release/metadata.go:150.3,151.17 2 0
github.com/attila/focalytics/internal/release/metadata.go:151.17,153.4 1 0
github.com/attila/focalytics/internal/release/metadata.go:155.3,162.5 1 0
github.com/attila/focalytics/internal/release/metadata.go:165.2,173.8 1 0
github.com/attila/focalytics/internal/release/metadata.go:176.56,179.33 3 0
github.com/attila/focalytics/internal/release/metadata.go:179.33,180.22 1 0
github.com/attila/focalytics/internal/release/metadata.go:180.22,182.4 1 0
github.com/attila/focalytics/internal/release/metadata.go:185.2,185.17 1 0
github.com/attila/focalytics/internal/release/metadata.go:188.103,190.33 2 0
github.com/attila/focalytics/internal/release/metadata.go:190.33,192.17 2 0
github.com/attila/focalytics/internal/release/metadata.go:192.17,193.12 1 0
github.com/attila/focalytics/internal/release/metadata.go:195.3,195.47 1 0
github.com/attila/focalytics/internal/release/metadata.go:195.47,197.4 1 0
github.com/attila/focalytics/internal/release/metadata.go:200.2,200.15 1 0
github.com/attila/focalytics/tools/releasegen/main.go:21.13,22.22 1 0
github.com/attila/focalytics/tools/releasegen/main.go:22.22,24.3 1 0
github.com/attila/focalytics/tools/releasegen/main.go:26.2,27.20 2 0
github.com/attila/focalytics/tools/releasegen/main.go:28.20,29.34 1 0
github.com/attila/focalytics/tools/releasegen/main.go:30.16,31.31 1 0
github.com/attila/focalytics/tools/releasegen/main.go:32.18,33.33 1 0
github.com/attila/focalytics/tools/releasegen/main.go:34.10,35.56 1 0
github.com/attila/focalytics/tools/releasegen/main.go:38.2,38.16 1 0
github.com/attila/focalytics/tools/releasegen/main.go:38.16,40.3 1 0
github.com/attila/focalytics/tools/releasegen/main.go:43.40,50.42 7 0
github.com/attila/focalytics/tools/releasegen/main.go:50.42,52.3 1 0
github.com/attila/focalytics/tools/releasegen/main.go:54.2,54.27 1 0
github.com/attila/focalytics/tools/releasegen/main.go:54.27,56.17 2 0
github.com/attila/focalytics/tools/releasegen/main.go:56.17,58.4 1 0
github.com/attila/focalytics/tools/releasegen/main.go:59.3,60.13 2 0
github.com/attila/focalytics/tools/releasegen/main.go:63.2,64.16 2 0
github.com/attila/focalytics/tools/releasegen/main.go:64.16,66.3 1 0
github.com/attila/focalytics/tools/releasegen/main.go:68.2,68.16 1 0
github.com/attila/focalytics/tools/releasegen/main.go:69.17,71.17 2 0
github.com/attila/focalytics/tools/releasegen/main.go:71.17,73.4 1 0
github.com/attila/focalytics/tools/releasegen/main.go:74.3,75.13 2 0
github.com/attila/focalytics/tools/releasegen/main.go:76.16,78.13 2 0
github.com/attila/focalytics/tools/releasegen/main.go:79.14,81.17 2 0
github.com/attila/focalytics/tools/releasegen/main.go:81.17,83.4 1 0
github.com/attila/focalytics/tools/releasegen/main.go:84.3,85.13 2 0
github.com/attila/focalytics/tools/releasegen/main.go:86.10,87.52 1 0
github.com/attila/focalytics/tools/releasegen/main.go:91.37,96.42 5 0
github.com/attila/focalytics/tools/releasegen/main.go:96.42,98.3 1 0
github.com/attila/focalytics/tools/releasegen/main.go:100.2,101.16 2 0
github.com/attila/focalytics/tools/releasegen/main.go:101.16,103.3 1 0
github.com/attila/focalytics/tools/releasegen/main.go:105.2,105.86 1 0
github.com/attila/focalytics/tools/releasegen/main.go:108.39,115.42 7 0
github.com/attila/focalytics/tools/releasegen/main.go:115.42,117.3 1 0
github.com/attila/focalytics/tools/releasegen/main.go:119.2,119.19 1 0
github.com/attila/focalytics/tools/releasegen/main.go:119.19,121.3 1 0
github.com/attila/focalytics/tools/releasegen/main.go:123.2,124.16 2 0
github.com/attila/focalytics/tools/releasegen/main.go:124.16,126.3 1 0
github.com/attila/focalytics/tools/releasegen/main.go:128.2,129.16 2 0
github.com/attila/focalytics/tools/releasegen/main.go:129.16,131.3 1 0
github.com/attila/focalytics/tools/releasegen/main.go:133.2,134.16 2 0
github.com/attila/focalytics/tools/releasegen/main.go:134.16,136.3 1 0
github.com/attila/focalytics/tools/releasegen/main.go:138.2,138.52 1 0
github.com/attila/focalytics/tools/releasegen/main.go:138.52,140.3 1 0
github.com/attila/focalytics/tools/releasegen/main.go:142.2,142.98 1 0
github.com/attila/focalytics/tools/releasegen/main.go:142.98,144.3 1 0
github.com/attila/focalytics/tools/releasegen/main.go:146.2,146.96 1 0
github.com/attila/focalytics/tools/releasegen/main.go:146.96,148.3 1 0
github.com/attila/focalytics/tools/releasegen/main.go:150.2,150.12 1 0
github.com/attila/focalytics/tools/releasegen/main.go:153.60,154.16 1 0
github.com/attila/focalytics/tools/releasegen/main.go:154.16,156.3 1 0
github.com/attila/focalytics/tools/releasegen/main.go:158.2,159.16 2 0
github.com/attila/focalytics/tools/releasegen/main.go:159.16,161.3 1 0
github.com/attila/focalytics/tools/releasegen/main.go:163.2,163.57 1 0
github.com/attila/focalytics/tools/releasegen/main.go:166.46,168.16 2 0
github.com/attila/focalytics/tools/releasegen/main.go:168.16,170.3 1 0
github.com/attila/focalytics/tools/releasegen/main.go:172.2,173.43 2 0
github.com/attila/focalytics/tools/releasegen/main.go:176.31,179.2 2 0
github.com/attila/focalytics/main.go:11.13,13.2 1 0
github.com/attila/focalytics/main.go:15.79,17.2 1 0
github.com/attila/focalytics/cmd/root.go:20.101,36.2 6 0
github.com/attila/focalytics/cmd/root.go:38.76,47.108 5 0
github.com/attila/focalytics/cmd/root.go:47.108,49.3 1 0
github.com/attila/focalytics/cmd/root.go:50.2,52.42 2 0
github.com/attila/focalytics/cmd/root.go:52.42,55.3 2 0
github.com/attila/focalytics/cmd/root.go:57.2,57.27 1 0
github.com/attila/focalytics/cmd/run.go:14.100,27.2 4 0
github.com/attila/focalytics/cmd/run.go:29.122,30.53 1 0
github.com/attila/focalytics/cmd/run.go:30.53,32.17 2 0
github.com/attila/focalytics/cmd/run.go:32.17,34.4 1 0
github.com/attila/focalytics/cmd/run.go:36.3,37.17 2 0
github.com/attila/focalytics/cmd/run.go:37.17,39.4 1 0
github.com/attila/focalytics/cmd/run.go:41.3,41.44 1 0
github.com/attila/focalytics/cmd/run.go:41.44,43.4 1 0
github.com/attila/focalytics/cmd/run.go:45.3,45.13 1 0
github.com/attila/focalytics/cmd/run.go:49.82,50.20 1 0
github.com/attila/focalytics/cmd/run.go:50.20,52.3 1 0
github.com/attila/focalytics/cmd/run.go:54.2,56.16 3 0
github.com/attila/focalytics/cmd/run.go:56.16,58.3 1 0
github.com/attila/focalytics/cmd/run.go:59.2,59.19 1 0
github.com/attila/focalytics/cmd/run.go:59.19,61.3 1 0
github.com/attila/focalytics/cmd/run.go:63.2,68.8 1 0
github.com/attila/focalytics/internal/app/context.go:41.115,48.2 1 0
github.com/attila/focalytics/internal/app/exitcodes.go:19.39,21.2 1 0
github.com/attila/focalytics/internal/app/exitcodes.go:23.39,25.2 1 0
github.com/attila/focalytics/internal/app/exitcodes.go:27.37,33.2 1 0
github.com/attila/focalytics/internal/app/exitcodes.go:35.54,36.16 1 0
github.com/attila/focalytics/internal/app/exitcodes.go:36.16,38.3 1 0
github.com/attila/focalytics/internal/app/exitcodes.go:40.2,40.44 1 0
github.com/attila/focalytics/internal/app/exitcodes.go:43.41,45.2 1 0
github.com/attila/focalytics/internal/app/exitcodes.go:47.43,49.2 1 0
github.com/attila/focalytics/internal/app/exitcodes.go:51.57,52.16 1 0
github.com/attila/focalytics/internal/app/exitcodes.go:52.16,54.3 1 0
github.com/attila/focalytics/internal/app/exitcodes.go:56.2,57.28 2 0
github.com/attila/focalytics/internal/app/exitcodes.go:57.28,59.3 1 0
github.com/attila/focalytics/internal/app/exitcodes.go:61.2,61.30 1 0
github.com/attila/focalytics/internal/pipeline/runner.go:19.107,20.17 1 0
github.com/attila/focalytics/internal/pipeline/runner.go:20.17,22.3 1 0
github.com/attila/focalytics/internal/pipeline/runner.go:24.2,29.3 1 0
github.com/attila/focalytics/internal/pipeline/runner.go:32.91,38.33 4 0
github.com/attila/focalytics/internal/pipeline/runner.go:38.33,41.17 3 0
github.com/attila/focalytics/internal/pipeline/runner.go:41.17,44.4 2 0
github.com/attila/focalytics/internal/pipeline/runner.go:45.3,45.62 1 0
github.com/attila/focalytics/internal/pipeline/runner.go:45.62,47.4 1 0
github.com/attila/focalytics/internal/pipeline/runner.go:50.2,52.82 2 0
github.com/attila/focalytics/internal/progress/noop.go:5.38,7.2 1 0
github.com/attila/focalytics/internal/release/checksums.go:11.66,16.21 4 1
github.com/attila/focalytics/internal/release/checksums.go:16.21,19.17 3 1
github.com/attila/focalytics/internal/release/checksums.go:19.17,20.12 1 0
github.com/attila/focalytics/internal/release/checksums.go:23.3,24.23 2 1
github.com/attila/focalytics/internal/release/checksums.go:24.23,26.4 1 1
github.com/attila/focalytics/internal/release/checksums.go:28.3,29.48 2 1
github.com/attila/focalytics/internal/release/checksums.go:29.48,31.4 1 1
github.com/attila/focalytics/internal/release/checksums.go:33.3,33.35 1 1
github.com/attila/focalytics/internal/release/checksums.go:36.2,36.38 1 0
github.com/attila/focalytics/internal/release/checksums.go:36.38,38.3 1 0
github.com/attila/focalytics/internal/release/checksums.go:40.2,40.23 1 0
github.com/attila/focalytics/internal/release/checksums.go:43.98,44.25 1 1
github.com/attila/focalytics/internal/release/checksums.go:44.25,46.3 1 1
github.com/attila/focalytics/internal/release/checksums.go:48.2,49.33 2 1
github.com/attila/focalytics/internal/release/checksums.go:49.33,51.17 2 1
github.com/attila/focalytics/internal/release/checksums.go:51.17,53.4 1 0
github.com/attila/focalytics/internal/release/checksums.go:54.3,54.35 1 1
github.com/attila/focalytics/internal/release/checksums.go:57.2,58.34 2 1
github.com/attila/focalytics/internal/release/checksums.go:58.34,59.41 1 1
github.com/attila/focalytics/internal/release/checksums.go:59.41,61.4 1 1
github.com/attila/focalytics/internal/release/checksums.go:64.2,65.35 2 1
github.com/attila/focalytics/internal/release/checksums.go:65.35,66.40 1 1
github.com/attila/focalytics/internal/release/checksums.go:66.40,68.4 1 1
github.com/attila/focalytics/internal/release/checksums.go:71.2,74.47 3 1
github.com/attila/focalytics/internal/release/checksums.go:74.47,76.3 1 1
github.com/attila/focalytics/internal/release/checksums.go:78.2,79.22 2 1
github.com/attila/focalytics/internal/release/checksums.go:79.22,81.3 1 1
github.com/attila/focalytics/internal/release/checksums.go:82.2,82.25 1 1
github.com/attila/focalytics/internal/release/checksums.go:82.25,84.3 1 1
github.com/attila/focalytics/internal/release/checksums.go:86.2,86.87 1 1
github.com/attila/focalytics/internal/release/contract.go:19.32,28.2 1 1
github.com/attila/focalytics/internal/release/contract.go:30.55,34.19 4 1
github.com/attila/focalytics/internal/release/contract.go:34.19,36.3 1 1
github.com/attila/focalytics/internal/release/contract.go:38.2,38.21 1 1
github.com/attila/focalytics/internal/release/contract.go:41.49,43.16 2 1
github.com/attila/focalytics/internal/release/contract.go:43.16,45.3 1 0
github.com/attila/focalytics/internal/release/contract.go:47.2,47.30 1 1
github.com/attila/focalytics/internal/release/contract.go:50.60,51.42 1 1
github.com/attila/focalytics/internal/release/contract.go:51.42,52.53 1 1
github.com/attila/focalytics/internal/release/contract.go:52.53,54.4 1 1
github.com/attila/focalytics/internal/release/contract.go:57.2,57.71 1 1
github.com/attila/focalytics/internal/release/contract.go:60.70,62.16 2 1
github.com/attila/focalytics/internal/release/contract.go:62.16,64.3 1 0
github.com/attila/focalytics/internal/release/contract.go:66.2,66.93 1 1
github.com/attila/focalytics/internal/release/contract.go:69.70,71.16 2 1
github.com/attila/focalytics/internal/release/contract.go:71.16,73.3 1 0
github.com/attila/focalytics/internal/release/contract.go:75.2,75.44 1 1
github.com/attila/focalytics/internal/release/contract.go:78.43,79.30 1 1
github.com/attila/focalytics/internal/release/contract.go:79.30,81.3 1 1
github.com/attila/focalytics/internal/release/contract.go:83.2,83.19 1 1
github.com/attila/focalytics/internal/release/contract.go:86.59,88.16 2 1
github.com/attila/focalytics/internal/release/contract.go:88.16,90.3 1 0
github.com/attila/focalytics/internal/release/contract.go:92.2,92.73 1 1
github.com/attila/focalytics/internal/release/contract.go:95.77,97.16 2 1
github.com/attila/focalytics/internal/release/contract.go:97.16,99.3 1 1
github.com/attila/focalytics/internal/release/contract.go:101.2,102.16 2 1
github.com/attila/focalytics/internal/release/contract.go:102.16,104.3 1 0
github.com/attila/focalytics/internal/release/contract.go:106.2,106.96 1 1
github.com/attila/focalytics/internal/release/metadata.go:44.128,45.76 1 1
github.com/attila/focalytics/internal/release/metadata.go:45.76,47.3 1 1
github.com/attila/focalytics/internal/release/metadata.go:49.2,50.33 2 1
github.com/attila/focalytics/internal/release/metadata.go:50.33,52.17 2 1
github.com/attila/focalytics/internal/release/metadata.go:52.17,54.4 1 0
github.com/attila/focalytics/internal/release/metadata.go:56.3,57.17 2 1
github.com/attila/focalytics/internal/release/metadata.go:57.17,59.4 1 0
github.com/attila/focalytics/internal/release/metadata.go:61.3,68.5 1 1
github.com/attila/focalytics/internal/release/metadata.go:71.2,71.24 1 1
github.com/attila/focalytics/internal/release/metadata.go:74.105,76.16 2 1
github.com/attila/focalytics/internal/release/metadata.go:76.16,78.3 1 0
github.com/attila/focalytics/internal/release/metadata.go:80.2,81.16 2 1
github.com/attila/focalytics/internal/release/metadata.go:81.16,83.3 1 0
github.com/attila/focalytics/internal/release/metadata.go:85.2,86.16 2 1
github.com/attila/focalytics/internal/release/metadata.go:86.16,88.3 1 0
github.com/attila/focalytics/internal/release/metadata.go:90.2,91.16 2 1
github.com/attila/focalytics/internal/release/metadata.go:91.16,93.3 1 0
github.com/attila/focalytics/internal/release/metadata.go:95.2,95.60 1 1
github.com/attila/focalytics/internal/release/metadata.go:95.60,97.3 1 1
github.com/attila/focalytics/internal/release/metadata.go:98.2,99.16 2 1
github.com/attila/focalytics/internal/release/metadata.go:99.16,101.3 1 1
github.com/attila/focalytics/internal/release/metadata.go:103.2,112.8 1 1
github.com/attila/focalytics/internal/release/metadata.go:115.101,117.16 2 1
github.com/attila/focalytics/internal/release/metadata.go:117.16,119.3 1 0
github.com/attila/focalytics/internal/release/metadata.go:121.2,122.16 2 1
github.com/attila/focalytics/internal/release/metadata.go:122.16,124.3 1 0
github.com/attila/focalytics/internal/release/metadata.go:126.2,127.16 2 1
github.com/attila/focalytics/internal/release/metadata.go:127.16,129.3 1 0
github.com/attila/focalytics/internal/release/metadata.go:131.2,132.16 2 1
github.com/attila/focalytics/internal/release/metadata.go:132.16,134.3 1 0
github.com/attila/focalytics/internal/release/metadata.go:136.2,136.59 1 1
github.com/attila/focalytics/internal/release/metadata.go:136.59,138.3 1 1
github.com/attila/focalytics/internal/release/metadata.go:139.2,139.125 1 1
github.com/attila/focalytics/internal/release/metadata.go:139.125,141.3 1 1
github.com/attila/focalytics/internal/release/metadata.go:143.2,144.40 2 1
github.com/attila/focalytics/internal/release/metadata.go:144.40,146.17 2 1
github.com/attila/focalytics/internal/release/metadata.go:146.17,148.4 1 0
github.com/attila/focalytics/internal/release/metadata.go:150.3,151.17 2 1
github.com/attila/focalytics/internal/release/metadata.go:151.17,153.4 1 0
github.com/attila/focalytics/internal/release/metadata.go:155.3,162.5 1 1
github.com/attila/focalytics/internal/release/metadata.go:165.2,173.8 1 1
github.com/attila/focalytics/internal/release/metadata.go:176.56,179.33 3 1
github.com/attila/focalytics/internal/release/metadata.go:179.33,180.22 1 1
github.com/attila/focalytics/internal/release/metadata.go:180.22,182.4 1 1
github.com/attila/focalytics/internal/release/metadata.go:185.2,185.17 1 1
github.com/attila/focalytics/internal/release/metadata.go:188.103,190.33 2 1
github.com/attila/focalytics/internal/release/metadata.go:190.33,192.17 2 1
github.com/attila/focalytics/internal/release/metadata.go:192.17,193.12 1 0
github.com/attila/focalytics/internal/release/metadata.go:195.3,195.47 1 1
github.com/attila/focalytics/internal/release/metadata.go:195.47,197.4 1 1
github.com/attila/focalytics/internal/release/metadata.go:200.2,200.15 1 1
github.com/attila/focalytics/tools/releasegen/main.go:21.13,22.22 1 0
github.com/attila/focalytics/tools/releasegen/main.go:22.22,24.3 1 0
github.com/attila/focalytics/tools/releasegen/main.go:26.2,27.20 2 0
github.com/attila/focalytics/tools/releasegen/main.go:28.20,29.34 1 0
github.com/attila/focalytics/tools/releasegen/main.go:30.16,31.31 1 0
github.com/attila/focalytics/tools/releasegen/main.go:32.18,33.33 1 0
github.com/attila/focalytics/tools/releasegen/main.go:34.10,35.56 1 0
github.com/attila/focalytics/tools/releasegen/main.go:38.2,38.16 1 0
github.com/attila/focalytics/tools/releasegen/main.go:38.16,40.3 1 0
github.com/attila/focalytics/tools/releasegen/main.go:43.40,50.42 7 0
github.com/attila/focalytics/tools/releasegen/main.go:50.42,52.3 1 0
github.com/attila/focalytics/tools/releasegen/main.go:54.2,54.27 1 0
github.com/attila/focalytics/tools/releasegen/main.go:54.27,56.17 2 0
github.com/attila/focalytics/tools/releasegen/main.go:56.17,58.4 1 0
github.com/attila/focalytics/tools/releasegen/main.go:59.3,60.13 2 0
github.com/attila/focalytics/tools/releasegen/main.go:63.2,64.16 2 0
github.com/attila/focalytics/tools/releasegen/main.go:64.16,66.3 1 0
github.com/attila/focalytics/tools/releasegen/main.go:68.2,68.16 1 0
github.com/attila/focalytics/tools/releasegen/main.go:69.17,71.17 2 0
github.com/attila/focalytics/tools/releasegen/main.go:71.17,73.4 1 0
github.com/attila/focalytics/tools/releasegen/main.go:74.3,75.13 2 0
github.com/attila/focalytics/tools/releasegen/main.go:76.16,78.13 2 0
github.com/attila/focalytics/tools/releasegen/main.go:79.14,81.17 2 0
github.com/attila/focalytics/tools/releasegen/main.go:81.17,83.4 1 0
github.com/attila/focalytics/tools/releasegen/main.go:84.3,85.13 2 0
github.com/attila/focalytics/tools/releasegen/main.go:86.10,87.52 1 0
github.com/attila/focalytics/tools/releasegen/main.go:91.37,96.42 5 0
github.com/attila/focalytics/tools/releasegen/main.go:96.42,98.3 1 0
github.com/attila/focalytics/tools/releasegen/main.go:100.2,101.16 2 0
github.com/attila/focalytics/tools/releasegen/main.go:101.16,103.3 1 0
github.com/attila/focalytics/tools/releasegen/main.go:105.2,105.86 1 0
github.com/attila/focalytics/tools/releasegen/main.go:108.39,115.42 7 0
github.com/attila/focalytics/tools/releasegen/main.go:115.42,117.3 1 0
github.com/attila/focalytics/tools/releasegen/main.go:119.2,119.19 1 0
github.com/attila/focalytics/tools/releasegen/main.go:119.19,121.3 1 0
github.com/attila/focalytics/tools/releasegen/main.go:123.2,124.16 2 0
github.com/attila/focalytics/tools/releasegen/main.go:124.16,126.3 1 0
github.com/attila/focalytics/tools/releasegen/main.go:128.2,129.16 2 0
github.com/attila/focalytics/tools/releasegen/main.go:129.16,131.3 1 0
github.com/attila/focalytics/tools/releasegen/main.go:133.2,134.16 2 0
github.com/attila/focalytics/tools/releasegen/main.go:134.16,136.3 1 0
github.com/attila/focalytics/tools/releasegen/main.go:138.2,138.52 1 0
github.com/attila/focalytics/tools/releasegen/main.go:138.52,140.3 1 0
github.com/attila/focalytics/tools/releasegen/main.go:142.2,142.98 1 0
github.com/attila/focalytics/tools/releasegen/main.go:142.98,144.3 1 0
github.com/attila/focalytics/tools/releasegen/main.go:146.2,146.96 1 0
github.com/attila/focalytics/tools/releasegen/main.go:146.96,148.3 1 0
github.com/attila/focalytics/tools/releasegen/main.go:150.2,150.12 1 0
github.com/attila/focalytics/tools/releasegen/main.go:153.60,154.16 1 0
github.com/attila/focalytics/tools/releasegen/main.go:154.16,156.3 1 0
github.com/attila/focalytics/tools/releasegen/main.go:158.2,159.16 2 0
github.com/attila/focalytics/tools/releasegen/main.go:159.16,161.3 1 0
github.com/attila/focalytics/tools/releasegen/main.go:163.2,163.57 1 0
github.com/attila/focalytics/tools/releasegen/main.go:166.46,168.16 2 0
github.com/attila/focalytics/tools/releasegen/main.go:168.16,170.3 1 0
github.com/attila/focalytics/tools/releasegen/main.go:172.2,173.43 2 0
github.com/attila/focalytics/tools/releasegen/main.go:176.31,179.2 2 0
github.com/attila/focalytics/main.go:11.13,13.2 1 0
github.com/attila/focalytics/main.go:15.79,17.2 1 0
github.com/attila/focalytics/cmd/root.go:20.101,36.2 6 0
github.com/attila/focalytics/cmd/root.go:38.76,47.108 5 0
github.com/attila/focalytics/cmd/root.go:47.108,49.3 1 0
github.com/attila/focalytics/cmd/root.go:50.2,52.42 2 0
github.com/attila/focalytics/cmd/root.go:52.42,55.3 2 0
github.com/attila/focalytics/cmd/root.go:57.2,57.27 1 0
github.com/attila/focalytics/cmd/run.go:14.100,27.2 4 0
github.com/attila/focalytics/cmd/run.go:29.122,30.53 1 0
github.com/attila/focalytics/cmd/run.go:30.53,32.17 2 0
github.com/attila/focalytics/cmd/run.go:32.17,34.4 1 0
github.com/attila/focalytics/cmd/run.go:36.3,37.17 2 0
github.com/attila/focalytics/cmd/run.go:37.17,39.4 1 0
github.com/attila/focalytics/cmd/run.go:41.3,41.44 1 0
github.com/attila/focalytics/cmd/run.go:41.44,43.4 1 0
github.com/attila/focalytics/cmd/run.go:45.3,45.13 1 0
github.com/attila/focalytics/cmd/run.go:49.82,50.20 1 0
github.com/attila/focalytics/cmd/run.go:50.20,52.3 1 0
github.com/attila/focalytics/cmd/run.go:54.2,56.16 3 0
github.com/attila/focalytics/cmd/run.go:56.16,58.3 1 0
github.com/attila/focalytics/cmd/run.go:59.2,59.19 1 0
github.com/attila/focalytics/cmd/run.go:59.19,61.3 1 0
github.com/attila/focalytics/cmd/run.go:63.2,68.8 1 0
github.com/attila/focalytics/internal/app/context.go:41.115,48.2 1 0
github.com/attila/focalytics/internal/app/exitcodes.go:19.39,21.2 1 0
github.com/attila/focalytics/internal/app/exitcodes.go:23.39,25.2 1 0
github.com/attila/focalytics/internal/app/exitcodes.go:27.37,33.2 1 0
github.com/attila/focalytics/internal/app/exitcodes.go:35.54,36.16 1 0
github.com/attila/focalytics/internal/app/exitcodes.go:36.16,38.3 1 0
github.com/attila/focalytics/internal/app/exitcodes.go:40.2,40.44 1 0
github.com/attila/focalytics/internal/app/exitcodes.go:43.41,45.2 1 0
github.com/attila/focalytics/internal/app/exitcodes.go:47.43,49.2 1 0
github.com/attila/focalytics/internal/app/exitcodes.go:51.57,52.16 1 0
github.com/attila/focalytics/internal/app/exitcodes.go:52.16,54.3 1 0
github.com/attila/focalytics/internal/app/exitcodes.go:56.2,57.28 2 0
github.com/attila/focalytics/internal/app/exitcodes.go:57.28,59.3 1 0
github.com/attila/focalytics/internal/app/exitcodes.go:61.2,61.30 1 0
github.com/attila/focalytics/internal/pipeline/runner.go:19.107,20.17 1 0
github.com/attila/focalytics/internal/pipeline/runner.go:20.17,22.3 1 0
github.com/attila/focalytics/internal/pipeline/runner.go:24.2,29.3 1 0
github.com/attila/focalytics/internal/pipeline/runner.go:32.91,38.33 4 0
github.com/attila/focalytics/internal/pipeline/runner.go:38.33,41.17 3 0
github.com/attila/focalytics/internal/pipeline/runner.go:41.17,44.4 2 0
github.com/attila/focalytics/internal/pipeline/runner.go:45.3,45.62 1 0
github.com/attila/focalytics/internal/pipeline/runner.go:45.62,47.4 1 0
github.com/attila/focalytics/internal/pipeline/runner.go:50.2,52.82 2 0
github.com/attila/focalytics/internal/progress/noop.go:5.38,7.2 1 1
github.com/attila/focalytics/internal/release/checksums.go:11.66,16.21 4 0
github.com/attila/focalytics/internal/release/checksums.go:16.21,19.17 3 0
github.com/attila/focalytics/internal/release/checksums.go:19.17,20.12 1 0
github.com/attila/focalytics/internal/release/checksums.go:23.3,24.23 2 0
github.com/attila/focalytics/internal/release/checksums.go:24.23,26.4 1 0
github.com/attila/focalytics/internal/release/checksums.go:28.3,29.48 2 0
github.com/attila/focalytics/internal/release/checksums.go:29.48,31.4 1 0
github.com/attila/focalytics/internal/release/checksums.go:33.3,33.35 1 0
github.com/attila/focalytics/internal/release/checksums.go:36.2,36.38 1 0
github.com/attila/focalytics/internal/release/checksums.go:36.38,38.3 1 0
github.com/attila/focalytics/internal/release/checksums.go:40.2,40.23 1 0
github.com/attila/focalytics/internal/release/checksums.go:43.98,44.25 1 0
github.com/attila/focalytics/internal/release/checksums.go:44.25,46.3 1 0
github.com/attila/focalytics/internal/release/checksums.go:48.2,49.33 2 0
github.com/attila/focalytics/internal/release/checksums.go:49.33,51.17 2 0
github.com/attila/focalytics/internal/release/checksums.go:51.17,53.4 1 0
github.com/attila/focalytics/internal/release/checksums.go:54.3,54.35 1 0
github.com/attila/focalytics/internal/release/checksums.go:57.2,58.34 2 0
github.com/attila/focalytics/internal/release/checksums.go:58.34,59.41 1 0
github.com/attila/focalytics/internal/release/checksums.go:59.41,61.4 1 0
github.com/attila/focalytics/internal/release/checksums.go:64.2,65.35 2 0
github.com/attila/focalytics/internal/release/checksums.go:65.35,66.40 1 0
github.com/attila/focalytics/internal/release/checksums.go:66.40,68.4 1 0
github.com/attila/focalytics/internal/release/checksums.go:71.2,74.47 3 0
github.com/attila/focalytics/internal/release/checksums.go:74.47,76.3 1 0
github.com/attila/focalytics/internal/release/checksums.go:78.2,79.22 2 0
github.com/attila/focalytics/internal/release/checksums.go:79.22,81.3 1 0
github.com/attila/focalytics/internal/release/checksums.go:82.2,82.25 1 0
github.com/attila/focalytics/internal/release/checksums.go:82.25,84.3 1 0
github.com/attila/focalytics/internal/release/checksums.go:86.2,86.87 1 0
github.com/attila/focalytics/internal/release/contract.go:19.32,28.2 1 0
github.com/attila/focalytics/internal/release/contract.go:30.55,34.19 4 0
github.com/attila/focalytics/internal/release/contract.go:34.19,36.3 1 0
github.com/attila/focalytics/internal/release/contract.go:38.2,38.21 1 0
github.com/attila/focalytics/internal/release/contract.go:41.49,43.16 2 0
github.com/attila/focalytics/internal/release/contract.go:43.16,45.3 1 0
github.com/attila/focalytics/internal/release/contract.go:47.2,47.30 1 0
github.com/attila/focalytics/internal/release/contract.go:50.60,51.42 1 0
github.com/attila/focalytics/internal/release/contract.go:51.42,52.53 1 0
github.com/attila/focalytics/internal/release/contract.go:52.53,54.4 1 0
github.com/attila/focalytics/internal/release/contract.go:57.2,57.71 1 0
github.com/attila/focalytics/internal/release/contract.go:60.70,62.16 2 0
github.com/attila/focalytics/internal/release/contract.go:62.16,64.3 1 0
github.com/attila/focalytics/internal/release/contract.go:66.2,66.93 1 0
github.com/attila/focalytics/internal/release/contract.go:69.70,71.16 2 0
github.com/attila/focalytics/internal/release/contract.go:71.16,73.3 1 0
github.com/attila/focalytics/internal/release/contract.go:75.2,75.44 1 0
github.com/attila/focalytics/internal/release/contract.go:78.43,79.30 1 0
github.com/attila/focalytics/internal/release/contract.go:79.30,81.3 1 0
github.com/attila/focalytics/internal/release/contract.go:83.2,83.19 1 0
github.com/attila/focalytics/internal/release/contract.go:86.59,88.16 2 0
github.com/attila/focalytics/internal/release/contract.go:88.16,90.3 1 0
github.com/attila/focalytics/internal/release/contract.go:92.2,92.73 1 0
github.com/attila/focalytics/internal/release/contract.go:95.77,97.16 2 0
github.com/attila/focalytics/internal/release/contract.go:97.16,99.3 1 0
github.com/attila/focalytics/internal/release/contract.go:101.2,102.16 2 0
github.com/attila/focalytics/internal/release/contract.go:102.16,104.3 1 0
github.com/attila/focalytics/internal/release/contract.go:106.2,106.96 1 0
github.com/attila/focalytics/internal/release/metadata.go:44.128,45.76 1 0
github.com/attila/focalytics/internal/release/metadata.go:45.76,47.3 1 0
github.com/attila/focalytics/internal/release/metadata.go:49.2,50.33 2 0
github.com/attila/focalytics/internal/release/metadata.go:50.33,52.17 2 0
github.com/attila/focalytics/internal/release/metadata.go:52.17,54.4 1 0
github.com/attila/focalytics/internal/release/metadata.go:56.3,57.17 2 0
github.com/attila/focalytics/internal/release/metadata.go:57.17,59.4 1 0
github.com/attila/focalytics/internal/release/metadata.go:61.3,68.5 1 0
github.com/attila/focalytics/internal/release/metadata.go:71.2,71.24 1 0
github.com/attila/focalytics/internal/release/metadata.go:74.105,76.16 2 0
github.com/attila/focalytics/internal/release/metadata.go:76.16,78.3 1 0
github.com/attila/focalytics/internal/release/metadata.go:80.2,81.16 2 0
github.com/attila/focalytics/internal/release/metadata.go:81.16,83.3 1 0
github.com/attila/focalytics/internal/release/metadata.go:85.2,86.16 2 0
github.com/attila/focalytics/internal/release/metadata.go:86.16,88.3 1 0
github.com/attila/focalytics/internal/release/metadata.go:90.2,91.16 2 0
github.com/attila/focalytics/internal/release/metadata.go:91.16,93.3 1 0
github.com/attila/focalytics/internal/release/metadata.go:95.2,95.60 1 0
github.com/attila/focalytics/internal/release/metadata.go:95.60,97.3 1 0
github.com/attila/focalytics/internal/release/metadata.go:98.2,99.16 2 0
github.com/attila/focalytics/internal/release/metadata.go:99.16,101.3 1 0
github.com/attila/focalytics/internal/release/metadata.go:103.2,112.8 1 0
github.com/attila/focalytics/internal/release/metadata.go:115.101,117.16 2 0
github.com/attila/focalytics/internal/release/metadata.go:117.16,119.3 1 0
github.com/attila/focalytics/internal/release/metadata.go:121.2,122.16 2 0
github.com/attila/focalytics/internal/release/metadata.go:122.16,124.3 1 0
github.com/attila/focalytics/internal/release/metadata.go:126.2,127.16 2 0
github.com/attila/focalytics/internal/release/metadata.go:127.16,129.3 1 0
github.com/attila/focalytics/internal/release/metadata.go:131.2,132.16 2 0
github.com/attila/focalytics/internal/release/metadata.go:132.16,134.3 1 0
github.com/attila/focalytics/internal/release/metadata.go:136.2,136.59 1 0
github.com/attila/focalytics/internal/release/metadata.go:136.59,138.3 1 0
github.com/attila/focalytics/internal/release/metadata.go:139.2,139.125 1 0
github.com/attila/focalytics/internal/release/metadata.go:139.125,141.3 1 0
github.com/attila/focalytics/internal/release/metadata.go:143.2,144.40 2 0
github.com/attila/focalytics/internal/release/metadata.go:144.40,146.17 2 0
github.com/attila/focalytics/internal/release/metadata.go:146.17,148.4 1 0
github.com/attila/focalytics/internal/release/metadata.go:150.3,151.17 2 0
github.com/attila/focalytics/internal/release/metadata.go:151.17,153.4 1 0
github.com/attila/focalytics/internal/release/metadata.go:155.3,162.5 1 0
github.com/attila/focalytics/internal/release/metadata.go:165.2,173.8 1 0
github.com/attila/focalytics/internal/release/metadata.go:176.56,179.33 3 0
github.com/attila/focalytics/internal/release/metadata.go:179.33,180.22 1 0
github.com/attila/focalytics/internal/release/metadata.go:180.22,182.4 1 0
github.com/attila/focalytics/internal/release/metadata.go:185.2,185.17 1 0
github.com/attila/focalytics/internal/release/metadata.go:188.103,190.33 2 0
github.com/attila/focalytics/internal/release/metadata.go:190.33,192.17 2 0
github.com/attila/focalytics/internal/release/metadata.go:192.17,193.12 1 0
github.com/attila/focalytics/internal/release/metadata.go:195.3,195.47 1 0
github.com/attila/focalytics/internal/release/metadata.go:195.47,197.4 1 0
github.com/attila/focalytics/internal/release/metadata.go:200.2,200.15 1 0
github.com/attila/focalytics/tools/releasegen/main.go:21.13,22.22 1 0
github.com/attila/focalytics/tools/releasegen/main.go:22.22,24.3 1 0
github.com/attila/focalytics/tools/releasegen/main.go:26.2,27.20 2 0
github.com/attila/focalytics/tools/releasegen/main.go:28.20,29.34 1 0
github.com/attila/focalytics/tools/releasegen/main.go:30.16,31.31 1 0
github.com/attila/focalytics/tools/releasegen/main.go:32.18,33.33 1 0
github.com/attila/focalytics/tools/releasegen/main.go:34.10,35.56 1 0
github.com/attila/focalytics/tools/releasegen/main.go:38.2,38.16 1 0
github.com/attila/focalytics/tools/releasegen/main.go:38.16,40.3 1 0
github.com/attila/focalytics/tools/releasegen/main.go:43.40,50.42 7 0
github.com/attila/focalytics/tools/releasegen/main.go:50.42,52.3 1 0
github.com/attila/focalytics/tools/releasegen/main.go:54.2,54.27 1 0
github.com/attila/focalytics/tools/releasegen/main.go:54.27,56.17 2 0
github.com/attila/focalytics/tools/releasegen/main.go:56.17,58.4 1 0
github.com/attila/focalytics/tools/releasegen/main.go:59.3,60.13 2 0
github.com/attila/focalytics/tools/releasegen/main.go:63.2,64.16 2 0
github.com/attila/focalytics/tools/releasegen/main.go:64.16,66.3 1 0
github.com/attila/focalytics/tools/releasegen/main.go:68.2,68.16 1 0
github.com/attila/focalytics/tools/releasegen/main.go:69.17,71.17 2 0
github.com/attila/focalytics/tools/releasegen/main.go:71.17,73.4 1 0
github.com/attila/focalytics/tools/releasegen/main.go:74.3,75.13 2 0
github.com/attila/focalytics/tools/releasegen/main.go:76.16,78.13 2 0
github.com/attila/focalytics/tools/releasegen/main.go:79.14,81.17 2 0
github.com/attila/focalytics/tools/releasegen/main.go:81.17,83.4 1 0
github.com/attila/focalytics/tools/releasegen/main.go:84.3,85.13 2 0
github.com/attila/focalytics/tools/releasegen/main.go:86.10,87.52 1 0
github.com/attila/focalytics/tools/releasegen/main.go:91.37,96.42 5 0
github.com/attila/focalytics/tools/releasegen/main.go:96.42,98.3 1 0
github.com/attila/focalytics/tools/releasegen/main.go:100.2,101.16 2 0
github.com/attila/focalytics/tools/releasegen/main.go:101.16,103.3 1 0
github.com/attila/focalytics/tools/releasegen/main.go:105.2,105.86 1 0
github.com/attila/focalytics/tools/releasegen/main.go:108.39,115.42 7 0
github.com/attila/focalytics/tools/releasegen/main.go:115.42,117.3 1 0
github.com/attila/focalytics/tools/releasegen/main.go:119.2,119.19 1 0
github.com/attila/focalytics/tools/releasegen/main.go:119.19,121.3 1 0
github.com/attila/focalytics/tools/releasegen/main.go:123.2,124.16 2 0
github.com/attila/focalytics/tools/releasegen/main.go:124.16,126.3 1 0
github.com/attila/focalytics/tools/releasegen/main.go:128.2,129.16 2 0
github.com/attila/focalytics/tools/releasegen/main.go:129.16,131.3 1 0
github.com/attila/focalytics/tools/releasegen/main.go:133.2,134.16 2 0
github.com/attila/focalytics/tools/releasegen/main.go:134.16,136.3 1 0
github.com/attila/focalytics/tools/releasegen/main.go:138.2,138.52 1 0
github.com/attila/focalytics/tools/releasegen/main.go:138.52,140.3 1 0
github.com/attila/focalytics/tools/releasegen/main.go:142.2,142.98 1 0
github.com/attila/focalytics/tools/releasegen/main.go:142.98,144.3 1 0
github.com/attila/focalytics/tools/releasegen/main.go:146.2,146.96 1 0
github.com/attila/focalytics/tools/releasegen/main.go:146.96,148.3 1 0
github.com/attila/focalytics/tools/releasegen/main.go:150.2,150.12 1 0
github.com/attila/focalytics/tools/releasegen/main.go:153.60,154.16 1 0
github.com/attila/focalytics/tools/releasegen/main.go:154.16,156.3 1 0
github.com/attila/focalytics/tools/releasegen/main.go:158.2,159.16 2 0
github.com/attila/focalytics/tools/releasegen/main.go:159.16,161.3 1 0
github.com/attila/focalytics/tools/releasegen/main.go:163.2,163.57 1 0
github.com/attila/focalytics/tools/releasegen/main.go:166.46,168.16 2 0
github.com/attila/focalytics/tools/releasegen/main.go:168.16,170.3 1 0
github.com/attila/focalytics/tools/releasegen/main.go:172.2,173.43 2 0
github.com/attila/focalytics/tools/releasegen/main.go:176.31,179.2 2 0
github.com/attila/focalytics/main.go:11.13,13.2 1 0
github.com/attila/focalytics/main.go:15.79,17.2 1 0
github.com/attila/focalytics/cmd/root.go:20.101,36.2 6 0
github.com/attila/focalytics/cmd/root.go:38.76,47.108 5 0
github.com/attila/focalytics/cmd/root.go:47.108,49.3 1 0
github.com/attila/focalytics/cmd/root.go:50.2,52.42 2 0
github.com/attila/focalytics/cmd/root.go:52.42,55.3 2 0
github.com/attila/focalytics/cmd/root.go:57.2,57.27 1 0
github.com/attila/focalytics/cmd/run.go:14.100,27.2 4 0
github.com/attila/focalytics/cmd/run.go:29.122,30.53 1 0
github.com/attila/focalytics/cmd/run.go:30.53,32.17 2 0
github.com/attila/focalytics/cmd/run.go:32.17,34.4 1 0
github.com/attila/focalytics/cmd/run.go:36.3,37.17 2 0
github.com/attila/focalytics/cmd/run.go:37.17,39.4 1 0
github.com/attila/focalytics/cmd/run.go:41.3,41.44 1 0
github.com/attila/focalytics/cmd/run.go:41.44,43.4 1 0
github.com/attila/focalytics/cmd/run.go:45.3,45.13 1 0
github.com/attila/focalytics/cmd/run.go:49.82,50.20 1 0
github.com/attila/focalytics/cmd/run.go:50.20,52.3 1 0
github.com/attila/focalytics/cmd/run.go:54.2,56.16 3 0
github.com/attila/focalytics/cmd/run.go:56.16,58.3 1 0
github.com/attila/focalytics/cmd/run.go:59.2,59.19 1 0
github.com/attila/focalytics/cmd/run.go:59.19,61.3 1 0
github.com/attila/focalytics/cmd/run.go:63.2,68.8 1 0
github.com/attila/focalytics/internal/app/context.go:41.115,48.2 1 1
github.com/attila/focalytics/internal/app/exitcodes.go:19.39,21.2 1 0
github.com/attila/focalytics/internal/app/exitcodes.go:23.39,25.2 1 0
github.com/attila/focalytics/internal/app/exitcodes.go:27.37,33.2 1 1
github.com/attila/focalytics/internal/app/exitcodes.go:35.54,36.16 1 0
github.com/attila/focalytics/internal/app/exitcodes.go:36.16,38.3 1 0
github.com/attila/focalytics/internal/app/exitcodes.go:40.2,40.44 1 0
github.com/attila/focalytics/internal/app/exitcodes.go:43.41,45.2 1 0
github.com/attila/focalytics/internal/app/exitcodes.go:47.43,49.2 1 0
github.com/attila/focalytics/internal/app/exitcodes.go:51.57,52.16 1 0
github.com/attila/focalytics/internal/app/exitcodes.go:52.16,54.3 1 0
github.com/attila/focalytics/internal/app/exitcodes.go:56.2,57.28 2 0
github.com/attila/focalytics/internal/app/exitcodes.go:57.28,59.3 1 0
github.com/attila/focalytics/internal/app/exitcodes.go:61.2,61.30 1 0
github.com/attila/focalytics/internal/pipeline/runner.go:19.107,20.17 1 1
github.com/attila/focalytics/internal/pipeline/runner.go:20.17,22.3 1 1
github.com/attila/focalytics/internal/pipeline/runner.go:24.2,29.3 1 1
github.com/attila/focalytics/internal/pipeline/runner.go:32.91,38.33 4 1
github.com/attila/focalytics/internal/pipeline/runner.go:38.33,41.17 3 1
github.com/attila/focalytics/internal/pipeline/runner.go:41.17,44.4 2 1
github.com/attila/focalytics/internal/pipeline/runner.go:45.3,45.62 1 1
github.com/attila/focalytics/internal/pipeline/runner.go:45.62,47.4 1 1
github.com/attila/focalytics/internal/pipeline/runner.go:50.2,52.82 2 1
github.com/attila/focalytics/internal/progress/noop.go:5.38,7.2 1 1
github.com/attila/focalytics/internal/release/checksums.go:11.66,16.21 4 0
github.com/attila/focalytics/internal/release/checksums.go:16.21,19.17 3 0
github.com/attila/focalytics/internal/release/checksums.go:19.17,20.12 1 0
github.com/attila/focalytics/internal/release/checksums.go:23.3,24.23 2 0
github.com/attila/focalytics/internal/release/checksums.go:24.23,26.4 1 0
github.com/attila/focalytics/internal/release/checksums.go:28.3,29.48 2 0
github.com/attila/focalytics/internal/release/checksums.go:29.48,31.4 1 0
github.com/attila/focalytics/internal/release/checksums.go:33.3,33.35 1 0
github.com/attila/focalytics/internal/release/checksums.go:36.2,36.38 1 0
github.com/attila/focalytics/internal/release/checksums.go:36.38,38.3 1 0
github.com/attila/focalytics/internal/release/checksums.go:40.2,40.23 1 0
github.com/attila/focalytics/internal/release/checksums.go:43.98,44.25 1 0
github.com/attila/focalytics/internal/release/checksums.go:44.25,46.3 1 0
github.com/attila/focalytics/internal/release/checksums.go:48.2,49.33 2 0
github.com/attila/focalytics/internal/release/checksums.go:49.33,51.17 2 0
github.com/attila/focalytics/internal/release/checksums.go:51.17,53.4 1 0
github.com/attila/focalytics/internal/release/checksums.go:54.3,54.35 1 0
github.com/attila/focalytics/internal/release/checksums.go:57.2,58.34 2 0
github.com/attila/focalytics/internal/release/checksums.go:58.34,59.41 1 0
github.com/attila/focalytics/internal/release/checksums.go:59.41,61.4 1 0
github.com/attila/focalytics/internal/release/checksums.go:64.2,65.35 2 0
github.com/attila/focalytics/internal/release/checksums.go:65.35,66.40 1 0
github.com/attila/focalytics/internal/release/checksums.go:66.40,68.4 1 0
github.com/attila/focalytics/internal/release/checksums.go:71.2,74.47 3 0
github.com/attila/focalytics/internal/release/checksums.go:74.47,76.3 1 0
github.com/attila/focalytics/internal/release/checksums.go:78.2,79.22 2 0
github.com/attila/focalytics/internal/release/checksums.go:79.22,81.3 1 0
github.com/attila/focalytics/internal/release/checksums.go:82.2,82.25 1 0
github.com/attila/focalytics/internal/release/checksums.go:82.25,84.3 1 0
github.com/attila/focalytics/internal/release/checksums.go:86.2,86.87 1 0
github.com/attila/focalytics/internal/release/contract.go:19.32,28.2 1 0
github.com/attila/focalytics/internal/release/contract.go:30.55,34.19 4 0
github.com/attila/focalytics/internal/release/contract.go:34.19,36.3 1 0
github.com/attila/focalytics/internal/release/contract.go:38.2,38.21 1 0
github.com/attila/focalytics/internal/release/contract.go:41.49,43.16 2 0
github.com/attila/focalytics/internal/release/contract.go:43.16,45.3 1 0
github.com/attila/focalytics/internal/release/contract.go:47.2,47.30 1 0
github.com/attila/focalytics/internal/release/contract.go:50.60,51.42 1 0
github.com/attila/focalytics/internal/release/contract.go:51.42,52.53 1 0
github.com/attila/focalytics/internal/release/contract.go:52.53,54.4 1 0
github.com/attila/focalytics/internal/release/contract.go:57.2,57.71 1 0
github.com/attila/focalytics/internal/release/contract.go:60.70,62.16 2 0
github.com/attila/focalytics/internal/release/contract.go:62.16,64.3 1 0
github.com/attila/focalytics/internal/release/contract.go:66.2,66.93 1 0
github.com/attila/focalytics/internal/release/contract.go:69.70,71.16 2 0
github.com/attila/focalytics/internal/release/contract.go:71.16,73.3 1 0
github.com/attila/focalytics/internal/release/contract.go:75.2,75.44 1 0
github.com/attila/focalytics/internal/release/contract.go:78.43,79.30 1 0
github.com/attila/focalytics/internal/release/contract.go:79.30,81.3 1 0
github.com/attila/focalytics/internal/release/contract.go:83.2,83.19 1 0
github.com/attila/focalytics/internal/release/contract.go:86.59,88.16 2 0
github.com/attila/focalytics/internal/release/contract.go:88.16,90.3 1 0
github.com/attila/focalytics/internal/release/contract.go:92.2,92.73 1 0
github.com/attila/focalytics/internal/release/contract.go:95.77,97.16 2 0
github.com/attila/focalytics/internal/release/contract.go:97.16,99.3 1 0
github.com/attila/focalytics/internal/release/contract.go:101.2,102.16 2 0
github.com/attila/focalytics/internal/release/contract.go:102.16,104.3 1 0
github.com/attila/focalytics/internal/release/contract.go:106.2,106.96 1 0
github.com/attila/focalytics/internal/release/metadata.go:44.128,45.76 1 0
github.com/attila/focalytics/internal/release/metadata.go:45.76,47.3 1 0
github.com/attila/focalytics/internal/release/metadata.go:49.2,50.33 2 0
github.com/attila/focalytics/internal/release/metadata.go:50.33,52.17 2 0
github.com/attila/focalytics/internal/release/metadata.go:52.17,54.4 1 0
github.com/attila/focalytics/internal/release/metadata.go:56.3,57.17 2 0
github.com/attila/focalytics/internal/release/metadata.go:57.17,59.4 1 0
github.com/attila/focalytics/internal/release/metadata.go:61.3,68.5 1 0
github.com/attila/focalytics/internal/release/metadata.go:71.2,71.24 1 0
github.com/attila/focalytics/internal/release/metadata.go:74.105,76.16 2 0
github.com/attila/focalytics/internal/release/metadata.go:76.16,78.3 1 0
github.com/attila/focalytics/internal/release/metadata.go:80.2,81.16 2 0
github.com/attila/focalytics/internal/release/metadata.go:81.16,83.3 1 0
github.com/attila/focalytics/internal/release/metadata.go:85.2,86.16 2 0
github.com/attila/focalytics/internal/release/metadata.go:86.16,88.3 1 0
github.com/attila/focalytics/internal/release/metadata.go:90.2,91.16 2 0
github.com/attila/focalytics/internal/release/metadata.go:91.16,93.3 1 0
github.com/attila/focalytics/internal/release/metadata.go:95.2,95.60 1 0
github.com/attila/focalytics/internal/release/metadata.go:95.60,97.3 1 0
github.com/attila/focalytics/internal/release/metadata.go:98.2,99.16 2 0
github.com/attila/focalytics/internal/release/metadata.go:99.16,101.3 1 0
github.com/attila/focalytics/internal/release/metadata.go:103.2,112.8 1 0
github.com/attila/focalytics/internal/release/metadata.go:115.101,117.16 2 0
github.com/attila/focalytics/internal/release/metadata.go:117.16,119.3 1 0
github.com/attila/focalytics/internal/release/metadata.go:121.2,122.16 2 0
github.com/attila/focalytics/internal/release/metadata.go:122.16,124.3 1 0
github.com/attila/focalytics/internal/release/metadata.go:126.2,127.16 2 0
github.com/attila/focalytics/internal/release/metadata.go:127.16,129.3 1 0
github.com/attila/focalytics/internal/release/metadata.go:131.2,132.16 2 0
github.com/attila/focalytics/internal/release/metadata.go:132.16,134.3 1 0
github.com/attila/focalytics/internal/release/metadata.go:136.2,136.59 1 0
github.com/attila/focalytics/internal/release/metadata.go:136.59,138.3 1 0
github.com/attila/focalytics/internal/release/metadata.go:139.2,139.125 1 0
github.com/attila/focalytics/internal/release/metadata.go:139.125,141.3 1 0
github.com/attila/focalytics/internal/release/metadata.go:143.2,144.40 2 0
github.com/attila/focalytics/internal/release/metadata.go:144.40,146.17 2 0
github.com/attila/focalytics/internal/release/metadata.go:146.17,148.4 1 0
github.com/attila/focalytics/internal/release/metadata.go:150.3,151.17 2 0
github.com/attila/focalytics/internal/release/metadata.go:151.17,153.4 1 0
github.com/attila/focalytics/internal/release/metadata.go:155.3,162.5 1 0
github.com/attila/focalytics/internal/release/metadata.go:165.2,173.8 1 0
github.com/attila/focalytics/internal/release/metadata.go:176.56,179.33 3 0
github.com/attila/focalytics/internal/release/metadata.go:179.33,180.22 1 0
github.com/attila/focalytics/internal/release/metadata.go:180.22,182.4 1 0
github.com/attila/focalytics/internal/release/metadata.go:185.2,185.17 1 0
github.com/attila/focalytics/internal/release/metadata.go:188.103,190.33 2 0
github.com/attila/focalytics/internal/release/metadata.go:190.33,192.17 2 0
github.com/attila/focalytics/internal/release/metadata.go:192.17,193.12 1 0
github.com/attila/focalytics/internal/release/metadata.go:195.3,195.47 1 0
github.com/attila/focalytics/internal/release/metadata.go:195.47,197.4 1 0
github.com/attila/focalytics/internal/release/metadata.go:200.2,200.15 1 0
github.com/attila/focalytics/tools/releasegen/main.go:21.13,22.22 1 0
github.com/attila/focalytics/tools/releasegen/main.go:22.22,24.3 1 0
github.com/attila/focalytics/tools/releasegen/main.go:26.2,27.20 2 0
github.com/attila/focalytics/tools/releasegen/main.go:28.20,29.34 1 0
github.com/attila/focalytics/tools/releasegen/main.go:30.16,31.31 1 0
github.com/attila/focalytics/tools/releasegen/main.go:32.18,33.33 1 0
github.com/attila/focalytics/tools/releasegen/main.go:34.10,35.56 1 0
github.com/attila/focalytics/tools/releasegen/main.go:38.2,38.16 1 0
github.com/attila/focalytics/tools/releasegen/main.go:38.16,40.3 1 0
github.com/attila/focalytics/tools/releasegen/main.go:43.40,50.42 7 0
github.com/attila/focalytics/tools/releasegen/main.go:50.42,52.3 1 0
github.com/attila/focalytics/tools/releasegen/main.go:54.2,54.27 1 0
github.com/attila/focalytics/tools/releasegen/main.go:54.27,56.17 2 0
github.com/attila/focalytics/tools/releasegen/main.go:56.17,58.4 1 0
github.com/attila/focalytics/tools/releasegen/main.go:59.3,60.13 2 0
github.com/attila/focalytics/tools/releasegen/main.go:63.2,64.16 2 0
github.com/attila/focalytics/tools/releasegen/main.go:64.16,66.3 1 0
github.com/attila/focalytics/tools/releasegen/main.go:68.2,68.16 1 0
github.com/attila/focalytics/tools/releasegen/main.go:69.17,71.17 2 0
github.com/attila/focalytics/tools/releasegen/main.go:71.17,73.4 1 0
github.com/attila/focalytics/tools/releasegen/main.go:74.3,75.13 2 0
github.com/attila/focalytics/tools/releasegen/main.go:76.16,78.13 2 0
github.com/attila/focalytics/tools/releasegen/main.go:79.14,81.17 2 0
github.com/attila/focalytics/tools/releasegen/main.go:81.17,83.4 1 0
github.com/attila/focalytics/tools/releasegen/main.go:84.3,85.13 2 0
github.com/attila/focalytics/tools/releasegen/main.go:86.10,87.52 1 0
github.com/attila/focalytics/tools/releasegen/main.go:91.37,96.42 5 0
github.com/attila/focalytics/tools/releasegen/main.go:96.42,98.3 1 0
github.com/attila/focalytics/tools/releasegen/main.go:100.2,101.16 2 0
github.com/attila/focalytics/tools/releasegen/main.go:101.16,103.3 1 0
github.com/attila/focalytics/tools/releasegen/main.go:105.2,105.86 1 0
github.com/attila/focalytics/tools/releasegen/main.go:108.39,115.42 7 0
github.com/attila/focalytics/tools/releasegen/main.go:115.42,117.3 1 0
github.com/attila/focalytics/tools/releasegen/main.go:119.2,119.19 1 0
github.com/attila/focalytics/tools/releasegen/main.go:119.19,121.3 1 0
github.com/attila/focalytics/tools/releasegen/main.go:123.2,124.16 2 0
github.com/attila/focalytics/tools/releasegen/main.go:124.16,126.3 1 0
github.com/attila/focalytics/tools/releasegen/main.go:128.2,129.16 2 0
github.com/attila/focalytics/tools/releasegen/main.go:129.16,131.3 1 0
github.com/attila/focalytics/tools/releasegen/main.go:133.2,134.16 2 0
github.com/attila/focalytics/tools/releasegen/main.go:134.16,136.3 1 0
github.com/attila/focalytics/tools/releasegen/main.go:138.2,138.52 1 0
github.com/attila/focalytics/tools/releasegen/main.go:138.52,140.3 1 0
github.com/attila/focalytics/tools/releasegen/main.go:142.2,142.98 1 0
github.com/attila/focalytics/tools/releasegen/main.go:142.98,144.3 1 0
github.com/attila/focalytics/tools/releasegen/main.go:146.2,146.96 1 0
github.com/attila/focalytics/tools/releasegen/main.go:146.96,148.3 1 0
github.com/attila/focalytics/tools/releasegen/main.go:150.2,150.12 1 0
github.com/attila/focalytics/tools/releasegen/main.go:153.60,154.16 1 0
github.com/attila/focalytics/tools/releasegen/main.go:154.16,156.3 1 0
github.com/attila/focalytics/tools/releasegen/main.go:158.2,159.16 2 0
github.com/attila/focalytics/tools/releasegen/main.go:159.16,161.3 1 0
github.com/attila/focalytics/tools/releasegen/main.go:163.2,163.57 1 0
github.com/attila/focalytics/tools/releasegen/main.go:166.46,168.16 2 0
github.com/attila/focalytics/tools/releasegen/main.go:168.16,170.3 1 0
github.com/attila/focalytics/tools/releasegen/main.go:172.2,173.43 2 0
github.com/attila/focalytics/tools/releasegen/main.go:176.31,179.2 2 0
github.com/attila/focalytics/main.go:11.13,13.2 1 0
github.com/attila/focalytics/main.go:15.79,17.2 1 0
github.com/attila/focalytics/cmd/root.go:20.101,36.2 6 0
github.com/attila/focalytics/cmd/root.go:38.76,47.108 5 0
github.com/attila/focalytics/cmd/root.go:47.108,49.3 1 0
github.com/attila/focalytics/cmd/root.go:50.2,52.42 2 0
github.com/attila/focalytics/cmd/root.go:52.42,55.3 2 0
github.com/attila/focalytics/cmd/root.go:57.2,57.27 1 0
github.com/attila/focalytics/cmd/run.go:14.100,27.2 4 0
github.com/attila/focalytics/cmd/run.go:29.122,30.53 1 0
github.com/attila/focalytics/cmd/run.go:30.53,32.17 2 0
github.com/attila/focalytics/cmd/run.go:32.17,34.4 1 0
github.com/attila/focalytics/cmd/run.go:36.3,37.17 2 0
github.com/attila/focalytics/cmd/run.go:37.17,39.4 1 0
github.com/attila/focalytics/cmd/run.go:41.3,41.44 1 0
github.com/attila/focalytics/cmd/run.go:41.44,43.4 1 0
github.com/attila/focalytics/cmd/run.go:45.3,45.13 1 0
github.com/attila/focalytics/cmd/run.go:49.82,50.20 1 0
github.com/attila/focalytics/cmd/run.go:50.20,52.3 1 0
github.com/attila/focalytics/cmd/run.go:54.2,56.16 3 0
github.com/attila/focalytics/cmd/run.go:56.16,58.3 1 0
github.com/attila/focalytics/cmd/run.go:59.2,59.19 1 0
github.com/attila/focalytics/cmd/run.go:59.19,61.3 1 0
github.com/attila/focalytics/cmd/run.go:63.2,68.8 1 0
github.com/attila/focalytics/internal/app/context.go:41.115,48.2 1 1
github.com/attila/focalytics/internal/app/exitcodes.go:19.39,21.2 1 1
github.com/attila/focalytics/internal/app/exitcodes.go:23.39,25.2 1 0
github.com/attila/focalytics/internal/app/exitcodes.go:27.37,33.2 1 1
github.com/attila/focalytics/internal/app/exitcodes.go:35.54,36.16 1 1
github.com/attila/focalytics/internal/app/exitcodes.go:36.16,38.3 1 1
github.com/attila/focalytics/internal/app/exitcodes.go:40.2,40.44 1 1
github.com/attila/focalytics/internal/app/exitcodes.go:43.41,45.2 1 1
github.com/attila/focalytics/internal/app/exitcodes.go:47.43,49.2 1 1
github.com/attila/focalytics/internal/app/exitcodes.go:51.57,52.16 1 1
github.com/attila/focalytics/internal/app/exitcodes.go:52.16,54.3 1 0
github.com/attila/focalytics/internal/app/exitcodes.go:56.2,57.28 2 1
github.com/attila/focalytics/internal/app/exitcodes.go:57.28,59.3 1 1
github.com/attila/focalytics/internal/app/exitcodes.go:61.2,61.30 1 1
github.com/attila/focalytics/internal/pipeline/runner.go:19.107,20.17 1 0
github.com/attila/focalytics/internal/pipeline/runner.go:20.17,22.3 1 0
github.com/attila/focalytics/internal/pipeline/runner.go:24.2,29.3 1 0
github.com/attila/focalytics/internal/pipeline/runner.go:32.91,38.33 4 0
github.com/attila/focalytics/internal/pipeline/runner.go:38.33,41.17 3 0
github.com/attila/focalytics/internal/pipeline/runner.go:41.17,44.4 2 0
github.com/attila/focalytics/internal/pipeline/runner.go:45.3,45.62 1 0
github.com/attila/focalytics/internal/pipeline/runner.go:45.62,47.4 1 0
github.com/attila/focalytics/internal/pipeline/runner.go:50.2,52.82 2 0
github.com/attila/focalytics/internal/progress/noop.go:5.38,7.2 1 0
github.com/attila/focalytics/internal/release/checksums.go:11.66,16.21 4 0
github.com/attila/focalytics/internal/release/checksums.go:16.21,19.17 3 0
github.com/attila/focalytics/internal/release/checksums.go:19.17,20.12 1 0
github.com/attila/focalytics/internal/release/checksums.go:23.3,24.23 2 0
github.com/attila/focalytics/internal/release/checksums.go:24.23,26.4 1 0
github.com/attila/focalytics/internal/release/checksums.go:28.3,29.48 2 0
github.com/attila/focalytics/internal/release/checksums.go:29.48,31.4 1 0
github.com/attila/focalytics/internal/release/checksums.go:33.3,33.35 1 0
github.com/attila/focalytics/internal/release/checksums.go:36.2,36.38 1 0
github.com/attila/focalytics/internal/release/checksums.go:36.38,38.3 1 0
github.com/attila/focalytics/internal/release/checksums.go:40.2,40.23 1 0
github.com/attila/focalytics/internal/release/checksums.go:43.98,44.25 1 0
github.com/attila/focalytics/internal/release/checksums.go:44.25,46.3 1 0
github.com/attila/focalytics/internal/release/checksums.go:48.2,49.33 2 0
github.com/attila/focalytics/internal/release/checksums.go:49.33,51.17 2 0
github.com/attila/focalytics/internal/release/checksums.go:51.17,53.4 1 0
github.com/attila/focalytics/internal/release/checksums.go:54.3,54.35 1 0
github.com/attila/focalytics/internal/release/checksums.go:57.2,58.34 2 0
[...]
github.com/attila/focalytics/internal/release/metadata.go:165.2,173.8 1 0
github.com/attila/focalytics/internal/release/metadata.go:176.56,179.33 3 0
github.com/attila/focalytics/internal/release/metadata.go:179.33,180.22 1 0
github.com/attila/focalytics/internal/release/metadata.go:180.22,182.4 1 0
github.com/attila/focalytics/internal/release/metadata.go:185.2,185.17 1 0
github.com/attila/focalytics/internal/release/metadata.go:188.103,190.33 2 0
github.com/attila/focalytics/internal/release/metadata.go:190.33,192.17 2 0
github.com/attila/focalytics/internal/release/metadata.go:192.17,193.12 1 0
github.com/attila/focalytics/internal/release/metadata.go:195.3,195.47 1 0
github.com/attila/focalytics/internal/release/metadata.go:195.47,197.4 1 0
github.com/attila/focalytics/internal/release/metadata.go:200.2,200.15 1 0
github.com/attila/focalytics/tools/releasegen/main.go:21.13,22.22 1 0
github.com/attila/focalytics/tools/releasegen/main.go:22.22,24.3 1 0
github.com/attila/focalytics/tools/releasegen/main.go:26.2,27.20 2 0
github.com/attila/focalytics/tools/releasegen/main.go:28.20,29.34 1 0
github.com/attila/focalytics/tools/releasegen/main.go:30.16,31.31 1 0
github.com/attila/focalytics/tools/releasegen/main.go:32.18,33.33 1 0
github.com/attila/focalytics/tools/releasegen/main.go:34.10,35.56 1 0
github.com/attila/focalytics/tools/releasegen/main.go:38.2,38.16 1 0
github.com/attila/focalytics/tools/releasegen/main.go:38.16,40.3 1 0
github.com/attila/focalytics/tools/releasegen/main.go:43.40,50.42 7 0
github.com/attila/focalytics/tools/releasegen/main.go:50.42,52.3 1 0
github.com/attila/focalytics/tools/releasegen/main.go:54.2,54.27 1 0
github.com/attila/focalytics/tools/releasegen/main.go:54.27,56.17 2 0
github.com/attila/focalytics/tools/releasegen/main.go:56.17,58.4 1 0
github.com/attila/focalytics/tools/releasegen/main.go:59.3,60.13 2 0
github.com/attila/focalytics/tools/releasegen/main.go:63.2,64.16 2 0
github.com/attila/focalytics/tools/releasegen/main.go:64.16,66.3 1 0
github.com/attila/focalytics/tools/releasegen/main.go:68.2,68.16 1 0
github.com/attila/focalytics/tools/releasegen/main.go:69.17,71.17 2 0
github.com/attila/focalytics/tools/releasegen/main.go:71.17,73.4 1 0
github.com/attila/focalytics/tools/releasegen/main.go:74.3,75.13 2 0
github.com/attila/focalytics/tools/releasegen/main.go:76.16,78.13 2 0
github.com/attila/focalytics/tools/releasegen/main.go:79.14,81.17 2 0
github.com/attila/focalytics/tools/releasegen/main.go:81.17,83.4 1 0
github.com/attila/focalytics/tools/releasegen/main.go:84.3,85.13 2 0
github.com/attila/focalytics/tools/releasegen/main.go:86.10,87.52 1 0
github.com/attila/focalytics/tools/releasegen/main.go:91.37,96.42 5 0
github.com/attila/focalytics/tools/releasegen/main.go:96.42,98.3 1 0
github.com/attila/focalytics/tools/releasegen/main.go:100.2,101.16 2 0
github.com/attila/focalytics/tools/releasegen/main.go:101.16,103.3 1 0
github.com/attila/focalytics/tools/releasegen/main.go:105.2,105.86 1 0
github.com/attila/focalytics/tools/releasegen/main.go:108.39,115.42 7 0
github.com/attila/focalytics/tools/releasegen/main.go:115.42,117.3 1 0
github.com/attila/focalytics/tools/releasegen/main.go:119.2,119.19 1 0
github.com/attila/focalytics/tools/releasegen/main.go:119.19,121.3 1 0
github.com/attila/focalytics/tools/releasegen/main.go:123.2,124.16 2 0
github.com/attila/focalytics/tools/releasegen/main.go:124.16,126.3 1 0
github.com/attila/focalytics/tools/releasegen/main.go:128.2,129.16 2 0
github.com/attila/focalytics/tools/releasegen/main.go:129.16,131.3 1 0
github.com/attila/focalytics/tools/releasegen/main.go:133.2,134.16 2 0
github.com/attila/focalytics/tools/releasegen/main.go:134.16,136.3 1 0
github.com/attila/focalytics/tools/releasegen/main.go:138.2,138.52 1 0
github.com/attila/focalytics/tools/releasegen/main.go:138.52,140.3 1 0
github.com/attila/focalytics/tools/releasegen/main.go:142.2,142.98 1 0
github.com/attila/focalytics/tools/releasegen/main.go:142.98,144.3 1 0
github.com/attila/focalytics/tools/releasegen/main.go:146.2,146.96 1 0
github.com/attila/focalytics/tools/releasegen/main.go:146.96,148.3 1 0
github.com/attila/focalytics/tools/releasegen/main.go:150.2,150.12 1 0
github.com/attila/focalytics/tools/releasegen/main.go:153.60,154.16 1 0
github.com/attila/focalytics/tools/releasegen/main.go:154.16,156.3 1 0
github.com/attila/focalytics/tools/releasegen/main.go:158.2,159.16 2 0
github.com/attila/focalytics/tools/releasegen/main.go:159.16,161.3 1 0
github.com/attila/focalytics/tools/releasegen/main.go:163.2,163.57 1 0
github.com/attila/focalytics/tools/releasegen/main.go:166.46,168.16 2 0
github.com/attila/focalytics/tools/releasegen/main.go:168.16,170.3 1 0
github.com/attila/focalytics/tools/releasegen/main.go:172.2,173.43 2 0
github.com/attila/focalytics/tools/releasegen/main.go:176.31,179.2 2 0
github.com/attila/focalytics/main.go:11.13,13.2 1 0
github.com/attila/focalytics/main.go:15.79,17.2 1 0
github.com/attila/focalytics/cmd/root.go:20.101,36.2 6 0
github.com/attila/focalytics/cmd/root.go:38.76,47.108 5 0
github.com/attila/focalytics/cmd/root.go:47.108,49.3 1 0
github.com/attila/focalytics/cmd/root.go:50.2,52.42 2 0
github.com/attila/focalytics/cmd/root.go:52.42,55.3 2 0
github.com/attila/focalytics/cmd/root.go:57.2,57.27 1 0
github.com/attila/focalytics/cmd/run.go:14.100,27.2 4 0
github.com/attila/focalytics/cmd/run.go:29.122,30.53 1 0
github.com/attila/focalytics/cmd/run.go:30.53,32.17 2 0
github.com/attila/focalytics/cmd/run.go:32.17,34.4 1 0
github.com/attila/focalytics/cmd/run.go:36.3,37.17 2 0
github.com/attila/focalytics/cmd/run.go:37.17,39.4 1 0
github.com/attila/focalytics/cmd/run.go:41.3,41.44 1 0
github.com/attila/focalytics/cmd/run.go:41.44,43.4 1 0
github.com/attila/focalytics/cmd/run.go:45.3,45.13 1 0
github.com/attila/focalytics/cmd/run.go:49.82,50.20 1 0
github.com/attila/focalytics/cmd/run.go:50.20,52.3 1 0
github.com/attila/focalytics/cmd/run.go:54.2,56.16 3 0
github.com/attila/focalytics/cmd/run.go:56.16,58.3 1 0
github.com/attila/focalytics/cmd/run.go:59.2,59.19 1 0
github.com/attila/focalytics/cmd/run.go:59.19,61.3 1 0
github.com/attila/focalytics/cmd/run.go:63.2,68.8 1 0
github.com/attila/focalytics/internal/app/context.go:41.115,48.2 1 0
github.com/attila/focalytics/internal/app/exitcodes.go:19.39,21.2 1 0
github.com/attila/focalytics/internal/app/exitcodes.go:23.39,25.2 1 0
github.com/attila/focalytics/internal/app/exitcodes.go:27.37,33.2 1 0
github.com/attila/focalytics/internal/app/exitcodes.go:35.54,36.16 1 0
github.com/attila/focalytics/internal/app/exitcodes.go:36.16,38.3 1 0
github.com/attila/focalytics/internal/app/exitcodes.go:40.2,40.44 1 0
github.com/attila/focalytics/internal/app/exitcodes.go:43.41,45.2 1 0
github.com/attila/focalytics/internal/app/exitcodes.go:47.43,49.2 1 0
github.com/attila/focalytics/internal/app/exitcodes.go:51.57,52.16 1 0
github.com/attila/focalytics/internal/app/exitcodes.go:52.16,54.3 1 0
github.com/attila/focalytics/internal/app/exitcodes.go:56.2,57.28 2 0
github.com/attila/focalytics/internal/app/exitcodes.go:57.28,59.3 1 0
github.com/attila/focalytics/internal/app/exitcodes.go:61.2,61.30 1 0
github.com/attila/focalytics/internal/pipeline/runner.go:19.107,20.17 1 0
github.com/attila/focalytics/internal/pipeline/runner.go:20.17,22.3 1 0
github.com/attila/focalytics/internal/pipeline/runner.go:24.2,29.3 1 0
github.com/attila/focalytics/internal/pipeline/runner.go:32.91,38.33 4 0
github.com/attila/focalytics/internal/pipeline/runner.go:38.33,41.17 3 0
github.com/attila/focalytics/internal/pipeline/runner.go:41.17,44.4 2 0
github.com/attila/focalytics/internal/pipeline/runner.go:45.3,45.62 1 0
github.com/attila/focalytics/internal/pipeline/runner.go:45.62,47.4 1 0
github.com/attila/focalytics/internal/pipeline/runner.go:50.2,52.82 2 0
github.com/attila/focalytics/internal/progress/noop.go:5.38,7.2 1 0
github.com/attila/focalytics/internal/release/checksums.go:11.66,16.21 4 1
github.com/attila/focalytics/internal/release/checksums.go:16.21,19.17 3 1
github.com/attila/focalytics/internal/release/checksums.go:19.17,20.12 1 0
github.com/attila/focalytics/internal/release/checksums.go:23.3,24.23 2 1
github.com/attila/focalytics/internal/release/checksums.go:24.23,26.4 1 0
github.com/attila/focalytics/internal/release/checksums.go:28.3,29.48 2 1
github.com/attila/focalytics/internal/release/checksums.go:29.48,31.4 1 0
github.com/attila/focalytics/internal/release/checksums.go:33.3,33.35 1 1
github.com/attila/focalytics/internal/release/checksums.go:36.2,36.38 1 1
github.com/attila/focalytics/internal/release/checksums.go:36.38,38.3 1 0
github.com/attila/focalytics/internal/release/checksums.go:40.2,40.23 1 1
github.com/attila/focalytics/internal/release/checksums.go:43.98,44.25 1 1
github.com/attila/focalytics/internal/release/checksums.go:44.25,46.3 1 0
github.com/attila/focalytics/internal/release/checksums.go:48.2,49.33 2 1
github.com/attila/focalytics/internal/release/checksums.go:49.33,51.17 2 1
github.com/attila/focalytics/internal/release/checksums.go:51.17,53.4 1 0
github.com/attila/focalytics/internal/release/checksums.go:54.3,54.35 1 1
github.com/attila/focalytics/internal/release/checksums.go:57.2,58.34 2 1
github.com/attila/focalytics/internal/release/checksums.go:58.34,59.41 1 1
github.com/attila/focalytics/internal/release/checksums.go:59.41,61.4 1 0
github.com/attila/focalytics/internal/release/checksums.go:64.2,65.35 2 1
github.com/attila/focalytics/internal/release/checksums.go:65.35,66.40 1 1
github.com/attila/focalytics/internal/release/checksums.go:66.40,68.4 1 0
github.com/attila/focalytics/internal/release/checksums.go:71.2,74.47 3 1
github.com/attila/focalytics/internal/release/checksums.go:74.47,76.3 1 1
github.com/attila/focalytics/internal/release/checksums.go:78.2,79.22 2 0
github.com/attila/focalytics/internal/release/checksums.go:79.22,81.3 1 0
github.com/attila/focalytics/internal/release/checksums.go:82.2,82.25 1 0
github.com/attila/focalytics/internal/release/checksums.go:82.25,84.3 1 0
github.com/attila/focalytics/internal/release/checksums.go:86.2,86.87 1 0
github.com/attila/focalytics/internal/release/contract.go:19.32,28.2 1 1
github.com/attila/focalytics/internal/release/contract.go:30.55,34.19 4 1
github.com/attila/focalytics/internal/release/contract.go:34.19,36.3 1 0
github.com/attila/focalytics/internal/release/contract.go:38.2,38.21 1 1
github.com/attila/focalytics/internal/release/contract.go:41.49,43.16 2 1
github.com/attila/focalytics/internal/release/contract.go:43.16,45.3 1 0
github.com/attila/focalytics/internal/release/contract.go:47.2,47.30 1 1
github.com/attila/focalytics/internal/release/contract.go:50.60,51.42 1 1
github.com/attila/focalytics/internal/release/contract.go:51.42,52.53 1 1
github.com/attila/focalytics/internal/release/contract.go:52.53,54.4 1 1
github.com/attila/focalytics/internal/release/contract.go:57.2,57.71 1 0
github.com/attila/focalytics/internal/release/contract.go:60.70,62.16 2 1
github.com/attila/focalytics/internal/release/contract.go:62.16,64.3 1 0
github.com/attila/focalytics/internal/release/contract.go:66.2,66.93 1 1
github.com/attila/focalytics/internal/release/contract.go:69.70,71.16 2 1
github.com/attila/focalytics/internal/release/contract.go:71.16,73.3 1 0
github.com/attila/focalytics/internal/release/contract.go:75.2,75.44 1 1
github.com/attila/focalytics/internal/release/contract.go:78.43,79.30 1 1
github.com/attila/focalytics/internal/release/contract.go:79.30,81.3 1 1
github.com/attila/focalytics/internal/release/contract.go:83.2,83.19 1 1
github.com/attila/focalytics/internal/release/contract.go:86.59,88.16 2 1
github.com/attila/focalytics/internal/release/contract.go:88.16,90.3 1 0
github.com/attila/focalytics/internal/release/contract.go:92.2,92.73 1 1
github.com/attila/focalytics/internal/release/contract.go:95.77,97.16 2 1
github.com/attila/focalytics/internal/release/contract.go:97.16,99.3 1 0
github.com/attila/focalytics/internal/release/contract.go:101.2,102.16 2 1
github.com/attila/focalytics/internal/release/contract.go:102.16,104.3 1 0
github.com/attila/focalytics/internal/release/contract.go:106.2,106.96 1 1
github.com/attila/focalytics/internal/release/metadata.go:44.128,45.76 1 1
github.com/attila/focalytics/internal/release/metadata.go:45.76,47.3 1 0
github.com/attila/focalytics/internal/release/metadata.go:49.2,50.33 2 1
github.com/attila/focalytics/internal/release/metadata.go:50.33,52.17 2 1
github.com/attila/focalytics/internal/release/metadata.go:52.17,54.4 1 0
github.com/attila/focalytics/internal/release/metadata.go:56.3,57.17 2 1
github.com/attila/focalytics/internal/release/metadata.go:57.17,59.4 1 0
github.com/attila/focalytics/internal/release/metadata.go:61.3,68.5 1 1
github.com/attila/focalytics/internal/release/metadata.go:71.2,71.24 1 1
github.com/attila/focalytics/internal/release/metadata.go:74.105,76.16 2 1
github.com/attila/focalytics/internal/release/metadata.go:76.16,78.3 1 0
github.com/attila/focalytics/internal/release/metadata.go:80.2,81.16 2 1
github.com/attila/focalytics/internal/release/metadata.go:81.16,83.3 1 0
github.com/attila/focalytics/internal/release/metadata.go:85.2,86.16 2 1
github.com/attila/focalytics/internal/release/metadata.go:86.16,88.3 1 0
github.com/attila/focalytics/internal/release/metadata.go:90.2,91.16 2 1
github.com/attila/focalytics/internal/release/metadata.go:91.16,93.3 1 0
github.com/attila/focalytics/internal/release/metadata.go:95.2,95.60 1 1
github.com/attila/focalytics/internal/release/metadata.go:95.60,97.3 1 1
github.com/attila/focalytics/internal/release/metadata.go:98.2,99.16 2 1
github.com/attila/focalytics/internal/release/metadata.go:99.16,101.3 1 0
github.com/attila/focalytics/internal/release/metadata.go:103.2,112.8 1 1
github.com/attila/focalytics/internal/release/metadata.go:115.101,117.16 2 1
github.com/attila/focalytics/internal/release/metadata.go:117.16,119.3 1 0
github.com/attila/focalytics/internal/release/metadata.go:121.2,122.16 2 1
github.com/attila/focalytics/internal/release/metadata.go:122.16,124.3 1 0
github.com/attila/focalytics/internal/release/metadata.go:126.2,127.16 2 1
github.com/attila/focalytics/internal/release/metadata.go:127.16,129.3 1 0
github.com/attila/focalytics/internal/release/metadata.go:131.2,132.16 2 1
github.com/attila/focalytics/internal/release/metadata.go:132.16,134.3 1 0
github.com/attila/focalytics/internal/release/metadata.go:136.2,136.59 1 1
github.com/attila/focalytics/internal/release/metadata.go:136.59,138.3 1 1
github.com/attila/focalytics/internal/release/metadata.go:139.2,139.125 1 1
github.com/attila/focalytics/internal/release/metadata.go:139.125,141.3 1 0
github.com/attila/focalytics/internal/release/metadata.go:143.2,144.40 2 1
github.com/attila/focalytics/internal/release/metadata.go:144.40,146.17 2 1
github.com/attila/focalytics/internal/release/metadata.go:146.17,148.4 1 0
github.com/attila/focalytics/internal/release/metadata.go:150.3,151.17 2 1
github.com/attila/focalytics/internal/release/metadata.go:151.17,153.4 1 0
github.com/attila/focalytics/internal/release/metadata.go:155.3,162.5 1 1
github.com/attila/focalytics/internal/release/metadata.go:165.2,173.8 1 1
github.com/attila/focalytics/internal/release/metadata.go:176.56,179.33 3 1
github.com/attila/focalytics/internal/release/metadata.go:179.33,180.22 1 1
github.com/attila/focalytics/internal/release/metadata.go:180.22,182.4 1 1
github.com/attila/focalytics/internal/release/metadata.go:185.2,185.17 1 1
github.com/attila/focalytics/internal/release/metadata.go:188.103,190.33 2 1
github.com/attila/focalytics/internal/release/metadata.go:190.33,192.17 2 1
github.com/attila/focalytics/internal/release/metadata.go:192.17,193.12 1 0
github.com/attila/focalytics/internal/release/metadata.go:195.3,195.47 1 1
github.com/attila/focalytics/internal/release/metadata.go:195.47,197.4 1 1
github.com/attila/focalytics/internal/release/metadata.go:200.2,200.15 1 1
github.com/attila/focalytics/tools/releasegen/main.go:21.13,22.22 1 1
github.com/attila/focalytics/tools/releasegen/main.go:22.22,24.3 1 0
github.com/attila/focalytics/tools/releasegen/main.go:26.2,27.20 2 1
github.com/attila/focalytics/tools/releasegen/main.go:28.20,29.34 1 1
github.com/attila/focalytics/tools/releasegen/main.go:30.16,31.31 1 0
github.com/attila/focalytics/tools/releasegen/main.go:32.18,33.33 1 0
github.com/attila/focalytics/tools/releasegen/main.go:34.10,35.56 1 1
github.com/attila/focalytics/tools/releasegen/main.go:38.2,38.16 1 1
github.com/attila/focalytics/tools/releasegen/main.go:38.16,40.3 1 1
github.com/attila/focalytics/tools/releasegen/main.go:43.40,50.42 7 1
github.com/attila/focalytics/tools/releasegen/main.go:50.42,52.3 1 0
github.com/attila/focalytics/tools/releasegen/main.go:54.2,54.27 1 1
github.com/attila/focalytics/tools/releasegen/main.go:54.27,56.17 2 1
github.com/attila/focalytics/tools/releasegen/main.go:56.17,58.4 1 0
github.com/attila/focalytics/tools/releasegen/main.go:59.3,60.13 2 1
github.com/attila/focalytics/tools/releasegen/main.go:63.2,64.16 2 1
github.com/attila/focalytics/tools/releasegen/main.go:64.16,66.3 1 0
github.com/attila/focalytics/tools/releasegen/main.go:68.2,68.16 1 1
github.com/attila/focalytics/tools/releasegen/main.go:69.17,71.17 2 1
github.com/attila/focalytics/tools/releasegen/main.go:71.17,73.4 1 0
github.com/attila/focalytics/tools/releasegen/main.go:74.3,75.13 2 1
github.com/attila/focalytics/tools/releasegen/main.go:76.16,78.13 2 0
github.com/attila/focalytics/tools/releasegen/main.go:79.14,81.17 2 0
github.com/attila/focalytics/tools/releasegen/main.go:81.17,83.4 1 0
github.com/attila/focalytics/tools/releasegen/main.go:84.3,85.13 2 0
github.com/attila/focalytics/tools/releasegen/main.go:86.10,87.52 1 1
github.com/attila/focalytics/tools/releasegen/main.go:91.37,96.42 5 1
github.com/attila/focalytics/tools/releasegen/main.go:96.42,98.3 1 0
github.com/attila/focalytics/tools/releasegen/main.go:100.2,101.16 2 1
github.com/attila/focalytics/tools/releasegen/main.go:101.16,103.3 1 0
github.com/attila/focalytics/tools/releasegen/main.go:105.2,105.86 1 1
github.com/attila/focalytics/tools/releasegen/main.go:108.39,115.42 7 1
github.com/attila/focalytics/tools/releasegen/main.go:115.42,117.3 1 0
github.com/attila/focalytics/tools/releasegen/main.go:119.2,119.19 1 1
github.com/attila/focalytics/tools/releasegen/main.go:119.19,121.3 1 0
github.com/attila/focalytics/tools/releasegen/main.go:123.2,124.16 2 1
github.com/attila/focalytics/tools/releasegen/main.go:124.16,126.3 1 0
github.com/attila/focalytics/tools/releasegen/main.go:128.2,129.16 2 1
github.com/attila/focalytics/tools/releasegen/main.go:129.16,131.3 1 0
github.com/attila/focalytics/tools/releasegen/main.go:133.2,134.16 2 1
github.com/attila/focalytics/tools/releasegen/main.go:134.16,136.3 1 0
github.com/attila/focalytics/tools/releasegen/main.go:138.2,138.52 1 1
github.com/attila/focalytics/tools/releasegen/main.go:138.52,140.3 1 0
github.com/attila/focalytics/tools/releasegen/main.go:142.2,142.98 1 1
github.com/attila/focalytics/tools/releasegen/main.go:142.98,144.3 1 0
github.com/attila/focalytics/tools/releasegen/main.go:146.2,146.96 1 1
github.com/attila/focalytics/tools/releasegen/main.go:146.96,148.3 1 0
github.com/attila/focalytics/tools/releasegen/main.go:150.2,150.12 1 1
github.com/attila/focalytics/tools/releasegen/main.go:153.60,154.16 1 1
github.com/attila/focalytics/tools/releasegen/main.go:154.16,156.3 1 1
github.com/attila/focalytics/tools/releasegen/main.go:158.2,159.16 2 1
github.com/attila/focalytics/tools/releasegen/main.go:159.16,161.3 1 0
github.com/attila/focalytics/tools/releasegen/main.go:163.2,163.57 1 1
github.com/attila/focalytics/tools/releasegen/main.go:166.46,168.16 2 1
github.com/attila/focalytics/tools/releasegen/main.go:168.16,170.3 1 0
github.com/attila/focalytics/tools/releasegen/main.go:172.2,173.43 2 1
github.com/attila/focalytics/tools/releasegen/main.go:176.31,179.2 2 1
